#
# There is insufficient memory for the Java Runtime Environment to continue.
# Native memory allocation (malloc) failed to allocate 32744 bytes for ChunkPool::allocate
# Possible reasons:
#   The system is out of physical RAM or swap space
#   The process is running with CompressedOops enabled, and the Java Heap may be blocking the growth of the native heap
# Possible solutions:
#   Reduce memory load on the system
#   Increase physical memory or swap space
#   Check if swap backing store is full
#   Decrease Java heap size (-Xmx/-Xms)
#   Decrease number of Java threads
#   Decrease Java thread stack sizes (-Xss)
#   Set larger code cache with -XX:ReservedCodeCacheSize=
#   JVM is running with Unscaled Compressed Oops mode in which the Java heap is
#     placed in the first 4GB address space. The Java Heap base address is the
#     maximum limit for the native heap growth. Please use -XX:HeapBaseMinAddress
#     to set the Java Heap base and to place the Java Heap above 4GB virtual address.
# This output file may be truncated or incomplete.
#
#  Out of Memory Error (./open/src/hotspot/share/memory/arena.cpp:79), pid=7136, tid=5096
#
# JRE version: Java(TM) SE Runtime Environment (15.0.1+9) (build 15.0.1+9-18)
# Java VM: Java HotSpot(TM) 64-Bit Server VM (15.0.1+9-18, mixed mode, sharing, tiered, compressed oops, g1 gc, windows-amd64)
# No core dump will be written. Minidumps are not enabled by default on client versions of Windows
#

---------------  S U M M A R Y ------------

Command Line: -ea -Dfile.encoding=Cp1252 -XX:+ShowCodeDetailsInExceptionMessages org.testng.remote.RemoteTestNG -serport 53055 -protocol json -d C:\Users\121as\eclipse-workspacess\AppiumDemoProject\test-output C:\Users\121as\AppData\Local\Temp\testng-eclipse-698883749\testng-customsuite.xml

Host: AMD Ryzen 5 3550H with Radeon Vega Mobile Gfx  , 8 cores, 5G,  Windows 10 , 64 bit Build 19041 (10.0.19041.546)
Time: Fri Dec 11 17:31:47 2020 India Standard Time elapsed time: 17.783313 seconds (0d 0h 0m 17s)

---------------  T H R E A D  ---------------

Current thread (0x000001853b55ae90):  JavaThread "C2 CompilerThread0" daemon [_thread_in_native, id=5096, stack(0x00000069d2e00000,0x00000069d2f00000)]


Current CompileTask:
C2:  17783 1732   !   4       org.openqa.selenium.json.Input::init (71 bytes)

Stack: [0x00000069d2e00000,0x00000069d2f00000]
Native frames: (J=compiled Java code, j=interpreted, Vv=VM code, C=native code)
V  [jvm.dll+0x62ae9a]
V  [jvm.dll+0x781389]
V  [jvm.dll+0x782ae3]
V  [jvm.dll+0x783143]
V  [jvm.dll+0x216265]
V  [jvm.dll+0x9828f]
V  [jvm.dll+0x9806d]
V  [jvm.dll+0x609ad4]
V  [jvm.dll+0x6552ba]
V  [jvm.dll+0x18e3ad]
V  [jvm.dll+0x1ea762]
V  [jvm.dll+0x1e98ae]
V  [jvm.dll+0x1784c7]
V  [jvm.dll+0x1f9165]
V  [jvm.dll+0x1f720c]
V  [jvm.dll+0x74485d]
V  [jvm.dll+0x73d65a]
V  [jvm.dll+0x629c56]
C  [ucrtbase.dll+0x214c2]
C  [KERNEL32.DLL+0x17034]
C  [ntdll.dll+0x4cec1]


---------------  P R O C E S S  ---------------

Threads class SMR info:
_java_thread_list=0x000001853d1ada70, length=17, elements={
0x000001851be28b60, 0x000001853b537420, 0x000001853b537ff0, 0x000001853b552580,
0x000001853b555040, 0x000001853b556b00, 0x000001853b55ae90, 0x000001853b55ba30,
0x000001853b568450, 0x000001853bfa2d90, 0x000001853bfa3620, 0x000001853c5ab250,
0x000001853cab9230, 0x000001853cab9700, 0x000001853cab9bd0, 0x000001853c9e6b40,
0x000001853d2d5ca0
}

Java Threads: ( => current thread )
  0x000001851be28b60 JavaThread "Forwarding newSession on session null to remote" [_thread_in_Java, id=14236, stack(0x00000069d2200000,0x00000069d2300000)]
  0x000001853b537420 JavaThread "Reference Handler" daemon [_thread_blocked, id=6964, stack(0x00000069d2900000,0x00000069d2a00000)]
  0x000001853b537ff0 JavaThread "Finalizer" daemon [_thread_blocked, id=14976, stack(0x00000069d2a00000,0x00000069d2b00000)]
  0x000001853b552580 JavaThread "Signal Dispatcher" daemon [_thread_blocked, id=14728, stack(0x00000069d2b00000,0x00000069d2c00000)]
  0x000001853b555040 JavaThread "Attach Listener" daemon [_thread_blocked, id=2776, stack(0x00000069d2c00000,0x00000069d2d00000)]
  0x000001853b556b00 JavaThread "Service Thread" daemon [_thread_blocked, id=9640, stack(0x00000069d2d00000,0x00000069d2e00000)]
=>0x000001853b55ae90 JavaThread "C2 CompilerThread0" daemon [_thread_in_native, id=5096, stack(0x00000069d2e00000,0x00000069d2f00000)]
  0x000001853b55ba30 JavaThread "C1 CompilerThread0" daemon [_thread_blocked, id=7000, stack(0x00000069d2f00000,0x00000069d3000000)]
  0x000001853b568450 JavaThread "Sweeper thread" daemon [_thread_blocked, id=5696, stack(0x00000069d3000000,0x00000069d3100000)]
  0x000001853bfa2d90 JavaThread "Notification Thread" daemon [_thread_blocked, id=8084, stack(0x00000069d3100000,0x00000069d3200000)]
  0x000001853bfa3620 JavaThread "Common-Cleaner" daemon [_thread_blocked, id=16412, stack(0x00000069d3300000,0x00000069d3400000)]
  0x000001853c5ab250 JavaThread "ReaderThread" [_thread_in_native, id=7248, stack(0x00000069d3500000,0x00000069d3600000)]
  0x000001853cab9230 JavaThread "ForkJoinPool.commonPool-worker-3" daemon [_thread_blocked, id=13780, stack(0x00000069d3a00000,0x00000069d3b00000)]
  0x000001853cab9700 JavaThread "ForkJoinPool.commonPool-worker-5" daemon [_thread_blocked, id=10808, stack(0x00000069d3b00000,0x00000069d3c00000)]
  0x000001853cab9bd0 JavaThread "ForkJoinPool.commonPool-worker-7" daemon [_thread_blocked, id=15992, stack(0x00000069d3c00000,0x00000069d3d00000)]
  0x000001853c9e6b40 JavaThread "OkHttp ConnectionPool" daemon [_thread_blocked, id=1556, stack(0x00000069d3d00000,0x00000069d3e00000)]
  0x000001853d2d5ca0 JavaThread "Okio Watchdog" daemon [_thread_blocked, id=7060, stack(0x00000069d3e00000,0x00000069d3f00000)]

Other Threads:
  0x000001853b533790 VMThread "VM Thread" [stack: 0x00000069d2800000,0x00000069d2900000] [id=11608]
  0x000001853bfa3310 WatcherThread [stack: 0x00000069d3200000,0x00000069d3300000] [id=11068]
  0x000001851be64b80 GCTaskThread "GC Thread#0" [stack: 0x00000069d2300000,0x00000069d2400000] [id=3496]
  0x000001853c423e60 GCTaskThread "GC Thread#1" [stack: 0x00000069d3600000,0x00000069d3700000] [id=16152]
  0x000001853c425180 GCTaskThread "GC Thread#2" [stack: 0x00000069d3700000,0x00000069d3800000] [id=568]
  0x000001853c4234d0 GCTaskThread "GC Thread#3" [stack: 0x00000069d3800000,0x00000069d3900000] [id=3136]
  0x000001851be720b0 ConcurrentGCThread "G1 Main Marker" [stack: 0x00000069d2400000,0x00000069d2500000] [id=8292]
  0x000001851be72ca0 ConcurrentGCThread "G1 Conc#0" [stack: 0x00000069d2500000,0x00000069d2600000] [id=3540]
  0x000001851bee74f0 ConcurrentGCThread "G1 Refine#0" [stack: 0x00000069d2600000,0x00000069d2700000] [id=11992]
  0x000001853c909fc0 ConcurrentGCThread "G1 Refine#1" [stack: 0x00000069d3900000,0x00000069d3a00000] [id=15004]
  0x000001851bee80f0 ConcurrentGCThread "G1 Young RemSet Sampling" [stack: 0x00000069d2700000,0x00000069d2800000] [id=12984]

Threads with active compile tasks:
C2 CompilerThread0    17974 1732   !   4       org.openqa.selenium.json.Input::init (71 bytes)

VM state: not at safepoint (normal execution)

VM Mutex/Monitor currently owned by a thread: None

Heap address: 0x00000000a1e00000, size: 1506 MB, Compressed Oops mode: 32-bit
CDS archive(s) mapped at: [0x0000000800000000-0x0000000800b50000-0x0000000800b50000), size 11862016, SharedBaseAddress: 0x0000000800000000, ArchiveRelocationMode: 0.
Compressed class space mapped at: 0x0000000800b50000-0x0000000840b50000, size: 1073741824
Narrow klass base: 0x0000000800000000, Narrow klass shift: 3, Narrow klass range: 0x100000000

GC Precious Log:
 CPUs: 8 total, 8 available
 Memory: 6021M
 Large Page Support: Disabled
 NUMA Support: Disabled
 Compressed Oops: Enabled (32-bit)
 Heap Region Size: 1M
 Heap Min Capacity: 8M
 Heap Initial Capacity: 96M
 Heap Max Capacity: 1506M
 Pre-touch: Disabled
 Parallel Workers: 8
 Concurrent Workers: 2
 Concurrent Refinement Workers: 8
 Periodic GC: Disabled

Heap:
 garbage-first heap   total 98304K, used 23673K [0x00000000a1e00000, 0x0000000100000000)
  region size 1024K, 22 young (22528K), 3 survivors (3072K)
 Metaspace       used 13754K, capacity 13969K, committed 14336K, reserved 1062912K
  class space    used 1603K, capacity 1685K, committed 1792K, reserved 1048576K

Heap Regions: E=young(eden), S=young(survivor), O=old, HS=humongous(starts), HC=humongous(continues), CS=collection set, F=free, OA=open archive, CA=closed archive, TAMS=top-at-mark-start (previous, next)
|   0|0x00000000a1e00000, 0x00000000a1f00000, 0x00000000a1f00000|100%| O|  |TAMS 0x00000000a1e00000, 0x00000000a1e00000| Untracked 
|   1|0x00000000a1f00000, 0x00000000a2000000, 0x00000000a2000000|100%| O|  |TAMS 0x00000000a1f00000, 0x00000000a1f00000| Untracked 
|   2|0x00000000a2000000, 0x00000000a201e400, 0x00000000a2100000| 11%| O|  |TAMS 0x00000000a2000000, 0x00000000a2000000| Untracked 
|   3|0x00000000a2100000, 0x00000000a2100000, 0x00000000a2200000|  0%| F|  |TAMS 0x00000000a2100000, 0x00000000a2100000| Untracked 
|   4|0x00000000a2200000, 0x00000000a2200000, 0x00000000a2300000|  0%| F|  |TAMS 0x00000000a2200000, 0x00000000a2200000| Untracked 
|   5|0x00000000a2300000, 0x00000000a2300000, 0x00000000a2400000|  0%| F|  |TAMS 0x00000000a2300000, 0x00000000a2300000| Untracked 
|   6|0x00000000a2400000, 0x00000000a2400000, 0x00000000a2500000|  0%| F|  |TAMS 0x00000000a2400000, 0x00000000a2400000| Untracked 
|   7|0x00000000a2500000, 0x00000000a2500000, 0x00000000a2600000|  0%| F|  |TAMS 0x00000000a2500000, 0x00000000a2500000| Untracked 
|   8|0x00000000a2600000, 0x00000000a2600000, 0x00000000a2700000|  0%| F|  |TAMS 0x00000000a2600000, 0x00000000a2600000| Untracked 
|   9|0x00000000a2700000, 0x00000000a2700000, 0x00000000a2800000|  0%| F|  |TAMS 0x00000000a2700000, 0x00000000a2700000| Untracked 
|  10|0x00000000a2800000, 0x00000000a2800000, 0x00000000a2900000|  0%| F|  |TAMS 0x00000000a2800000, 0x00000000a2800000| Untracked 
|  11|0x00000000a2900000, 0x00000000a2900000, 0x00000000a2a00000|  0%| F|  |TAMS 0x00000000a2900000, 0x00000000a2900000| Untracked 
|  12|0x00000000a2a00000, 0x00000000a2a00000, 0x00000000a2b00000|  0%| F|  |TAMS 0x00000000a2a00000, 0x00000000a2a00000| Untracked 
|  13|0x00000000a2b00000, 0x00000000a2b00000, 0x00000000a2c00000|  0%| F|  |TAMS 0x00000000a2b00000, 0x00000000a2b00000| Untracked 
|  14|0x00000000a2c00000, 0x00000000a2c00000, 0x00000000a2d00000|  0%| F|  |TAMS 0x00000000a2c00000, 0x00000000a2c00000| Untracked 
|  15|0x00000000a2d00000, 0x00000000a2d00000, 0x00000000a2e00000|  0%| F|  |TAMS 0x00000000a2d00000, 0x00000000a2d00000| Untracked 
|  16|0x00000000a2e00000, 0x00000000a2e00000, 0x00000000a2f00000|  0%| F|  |TAMS 0x00000000a2e00000, 0x00000000a2e00000| Untracked 
|  17|0x00000000a2f00000, 0x00000000a2f00000, 0x00000000a3000000|  0%| F|  |TAMS 0x00000000a2f00000, 0x00000000a2f00000| Untracked 
|  18|0x00000000a3000000, 0x00000000a3000000, 0x00000000a3100000|  0%| F|  |TAMS 0x00000000a3000000, 0x00000000a3000000| Untracked 
|  19|0x00000000a3100000, 0x00000000a3100000, 0x00000000a3200000|  0%| F|  |TAMS 0x00000000a3100000, 0x00000000a3100000| Untracked 
|  20|0x00000000a3200000, 0x00000000a3200000, 0x00000000a3300000|  0%| F|  |TAMS 0x00000000a3200000, 0x00000000a3200000| Untracked 
|  21|0x00000000a3300000, 0x00000000a3300000, 0x00000000a3400000|  0%| F|  |TAMS 0x00000000a3300000, 0x00000000a3300000| Untracked 
|  22|0x00000000a3400000, 0x00000000a3400000, 0x00000000a3500000|  0%| F|  |TAMS 0x00000000a3400000, 0x00000000a3400000| Untracked 
|  23|0x00000000a3500000, 0x00000000a3500000, 0x00000000a3600000|  0%| F|  |TAMS 0x00000000a3500000, 0x00000000a3500000| Untracked 
|  24|0x00000000a3600000, 0x00000000a3600000, 0x00000000a3700000|  0%| F|  |TAMS 0x00000000a3600000, 0x00000000a3600000| Untracked 
|  25|0x00000000a3700000, 0x00000000a3700000, 0x00000000a3800000|  0%| F|  |TAMS 0x00000000a3700000, 0x00000000a3700000| Untracked 
|  26|0x00000000a3800000, 0x00000000a3800000, 0x00000000a3900000|  0%| F|  |TAMS 0x00000000a3800000, 0x00000000a3800000| Untracked 
|  27|0x00000000a3900000, 0x00000000a3900000, 0x00000000a3a00000|  0%| F|  |TAMS 0x00000000a3900000, 0x00000000a3900000| Untracked 
|  28|0x00000000a3a00000, 0x00000000a3a00000, 0x00000000a3b00000|  0%| F|  |TAMS 0x00000000a3a00000, 0x00000000a3a00000| Untracked 
|  29|0x00000000a3b00000, 0x00000000a3b00000, 0x00000000a3c00000|  0%| F|  |TAMS 0x00000000a3b00000, 0x00000000a3b00000| Untracked 
|  30|0x00000000a3c00000, 0x00000000a3c00000, 0x00000000a3d00000|  0%| F|  |TAMS 0x00000000a3c00000, 0x00000000a3c00000| Untracked 
|  31|0x00000000a3d00000, 0x00000000a3d00000, 0x00000000a3e00000|  0%| F|  |TAMS 0x00000000a3d00000, 0x00000000a3d00000| Untracked 
|  32|0x00000000a3e00000, 0x00000000a3e00000, 0x00000000a3f00000|  0%| F|  |TAMS 0x00000000a3e00000, 0x00000000a3e00000| Untracked 
|  33|0x00000000a3f00000, 0x00000000a3f00000, 0x00000000a4000000|  0%| F|  |TAMS 0x00000000a3f00000, 0x00000000a3f00000| Untracked 
|  34|0x00000000a4000000, 0x00000000a4000000, 0x00000000a4100000|  0%| F|  |TAMS 0x00000000a4000000, 0x00000000a4000000| Untracked 
|  35|0x00000000a4100000, 0x00000000a4100000, 0x00000000a4200000|  0%| F|  |TAMS 0x00000000a4100000, 0x00000000a4100000| Untracked 
|  36|0x00000000a4200000, 0x00000000a4200000, 0x00000000a4300000|  0%| F|  |TAMS 0x00000000a4200000, 0x00000000a4200000| Untracked 
|  37|0x00000000a4300000, 0x00000000a4300000, 0x00000000a4400000|  0%| F|  |TAMS 0x00000000a4300000, 0x00000000a4300000| Untracked 
|  38|0x00000000a4400000, 0x00000000a4400000, 0x00000000a4500000|  0%| F|  |TAMS 0x00000000a4400000, 0x00000000a4400000| Untracked 
|  39|0x00000000a4500000, 0x00000000a4500000, 0x00000000a4600000|  0%| F|  |TAMS 0x00000000a4500000, 0x00000000a4500000| Untracked 
|  40|0x00000000a4600000, 0x00000000a4600000, 0x00000000a4700000|  0%| F|  |TAMS 0x00000000a4600000, 0x00000000a4600000| Untracked 
|  41|0x00000000a4700000, 0x00000000a4700000, 0x00000000a4800000|  0%| F|  |TAMS 0x00000000a4700000, 0x00000000a4700000| Untracked 
|  42|0x00000000a4800000, 0x00000000a4800000, 0x00000000a4900000|  0%| F|  |TAMS 0x00000000a4800000, 0x00000000a4800000| Untracked 
|  43|0x00000000a4900000, 0x00000000a4900000, 0x00000000a4a00000|  0%| F|  |TAMS 0x00000000a4900000, 0x00000000a4900000| Untracked 
|  44|0x00000000a4a00000, 0x00000000a4a00000, 0x00000000a4b00000|  0%| F|  |TAMS 0x00000000a4a00000, 0x00000000a4a00000| Untracked 
|  45|0x00000000a4b00000, 0x00000000a4b00000, 0x00000000a4c00000|  0%| F|  |TAMS 0x00000000a4b00000, 0x00000000a4b00000| Untracked 
|  46|0x00000000a4c00000, 0x00000000a4c00000, 0x00000000a4d00000|  0%| F|  |TAMS 0x00000000a4c00000, 0x00000000a4c00000| Untracked 
|  47|0x00000000a4d00000, 0x00000000a4d00000, 0x00000000a4e00000|  0%| F|  |TAMS 0x00000000a4d00000, 0x00000000a4d00000| Untracked 
|  48|0x00000000a4e00000, 0x00000000a4e00000, 0x00000000a4f00000|  0%| F|  |TAMS 0x00000000a4e00000, 0x00000000a4e00000| Untracked 
|  49|0x00000000a4f00000, 0x00000000a4f00000, 0x00000000a5000000|  0%| F|  |TAMS 0x00000000a4f00000, 0x00000000a4f00000| Untracked 
|  50|0x00000000a5000000, 0x00000000a5000000, 0x00000000a5100000|  0%| F|  |TAMS 0x00000000a5000000, 0x00000000a5000000| Untracked 
|  51|0x00000000a5100000, 0x00000000a5100000, 0x00000000a5200000|  0%| F|  |TAMS 0x00000000a5100000, 0x00000000a5100000| Untracked 
|  52|0x00000000a5200000, 0x00000000a5200000, 0x00000000a5300000|  0%| F|  |TAMS 0x00000000a5200000, 0x00000000a5200000| Untracked 
|  53|0x00000000a5300000, 0x00000000a5300000, 0x00000000a5400000|  0%| F|  |TAMS 0x00000000a5300000, 0x00000000a5300000| Untracked 
|  54|0x00000000a5400000, 0x00000000a5400000, 0x00000000a5500000|  0%| F|  |TAMS 0x00000000a5400000, 0x00000000a5400000| Untracked 
|  55|0x00000000a5500000, 0x00000000a5500000, 0x00000000a5600000|  0%| F|  |TAMS 0x00000000a5500000, 0x00000000a5500000| Untracked 
|  56|0x00000000a5600000, 0x00000000a5600000, 0x00000000a5700000|  0%| F|  |TAMS 0x00000000a5600000, 0x00000000a5600000| Untracked 
|  57|0x00000000a5700000, 0x00000000a5700000, 0x00000000a5800000|  0%| F|  |TAMS 0x00000000a5700000, 0x00000000a5700000| Untracked 
|  58|0x00000000a5800000, 0x00000000a5800000, 0x00000000a5900000|  0%| F|  |TAMS 0x00000000a5800000, 0x00000000a5800000| Untracked 
|  59|0x00000000a5900000, 0x00000000a5900000, 0x00000000a5a00000|  0%| F|  |TAMS 0x00000000a5900000, 0x00000000a5900000| Untracked 
|  60|0x00000000a5a00000, 0x00000000a5a00000, 0x00000000a5b00000|  0%| F|  |TAMS 0x00000000a5a00000, 0x00000000a5a00000| Untracked 
|  61|0x00000000a5b00000, 0x00000000a5b00000, 0x00000000a5c00000|  0%| F|  |TAMS 0x00000000a5b00000, 0x00000000a5b00000| Untracked 
|  62|0x00000000a5c00000, 0x00000000a5c00000, 0x00000000a5d00000|  0%| F|  |TAMS 0x00000000a5c00000, 0x00000000a5c00000| Untracked 
|  63|0x00000000a5d00000, 0x00000000a5d00000, 0x00000000a5e00000|  0%| F|  |TAMS 0x00000000a5d00000, 0x00000000a5d00000| Untracked 
|  64|0x00000000a5e00000, 0x00000000a5e00000, 0x00000000a5f00000|  0%| F|  |TAMS 0x00000000a5e00000, 0x00000000a5e00000| Untracked 
|  65|0x00000000a5f00000, 0x00000000a5f00000, 0x00000000a6000000|  0%| F|  |TAMS 0x00000000a5f00000, 0x00000000a5f00000| Untracked 
|  66|0x00000000a6000000, 0x00000000a6000000, 0x00000000a6100000|  0%| F|  |TAMS 0x00000000a6000000, 0x00000000a6000000| Untracked 
|  67|0x00000000a6100000, 0x00000000a6100000, 0x00000000a6200000|  0%| F|  |TAMS 0x00000000a6100000, 0x00000000a6100000| Untracked 
|  68|0x00000000a6200000, 0x00000000a6200000, 0x00000000a6300000|  0%| F|  |TAMS 0x00000000a6200000, 0x00000000a6200000| Untracked 
|  69|0x00000000a6300000, 0x00000000a6300000, 0x00000000a6400000|  0%| F|  |TAMS 0x00000000a6300000, 0x00000000a6300000| Untracked 
|  70|0x00000000a6400000, 0x00000000a6500000, 0x00000000a6500000|100%| S|CS|TAMS 0x00000000a6400000, 0x00000000a6400000| Complete 
|  71|0x00000000a6500000, 0x00000000a6600000, 0x00000000a6600000|100%| S|CS|TAMS 0x00000000a6500000, 0x00000000a6500000| Complete 
|  72|0x00000000a6600000, 0x00000000a6700000, 0x00000000a6700000|100%| S|CS|TAMS 0x00000000a6600000, 0x00000000a6600000| Complete 
|  73|0x00000000a6700000, 0x00000000a6700000, 0x00000000a6800000|  0%| F|  |TAMS 0x00000000a6700000, 0x00000000a6700000| Untracked 
|  74|0x00000000a6800000, 0x00000000a6800000, 0x00000000a6900000|  0%| F|  |TAMS 0x00000000a6800000, 0x00000000a6800000| Untracked 
|  75|0x00000000a6900000, 0x00000000a6900000, 0x00000000a6a00000|  0%| F|  |TAMS 0x00000000a6900000, 0x00000000a6900000| Untracked 
|  76|0x00000000a6a00000, 0x00000000a6a00000, 0x00000000a6b00000|  0%| F|  |TAMS 0x00000000a6a00000, 0x00000000a6a00000| Untracked 
|  77|0x00000000a6b00000, 0x00000000a6b80800, 0x00000000a6c00000| 50%| E|  |TAMS 0x00000000a6b00000, 0x00000000a6b00000| Complete 
|  78|0x00000000a6c00000, 0x00000000a6d00000, 0x00000000a6d00000|100%| E|CS|TAMS 0x00000000a6c00000, 0x00000000a6c00000| Complete 
|  79|0x00000000a6d00000, 0x00000000a6e00000, 0x00000000a6e00000|100%| E|CS|TAMS 0x00000000a6d00000, 0x00000000a6d00000| Complete 
|  80|0x00000000a6e00000, 0x00000000a6f00000, 0x00000000a6f00000|100%| E|CS|TAMS 0x00000000a6e00000, 0x00000000a6e00000| Complete 
|  81|0x00000000a6f00000, 0x00000000a7000000, 0x00000000a7000000|100%| E|CS|TAMS 0x00000000a6f00000, 0x00000000a6f00000| Complete 
|  82|0x00000000a7000000, 0x00000000a7100000, 0x00000000a7100000|100%| E|CS|TAMS 0x00000000a7000000, 0x00000000a7000000| Complete 
|  83|0x00000000a7100000, 0x00000000a7200000, 0x00000000a7200000|100%| E|CS|TAMS 0x00000000a7100000, 0x00000000a7100000| Complete 
|  84|0x00000000a7200000, 0x00000000a7300000, 0x00000000a7300000|100%| E|CS|TAMS 0x00000000a7200000, 0x00000000a7200000| Complete 
|  85|0x00000000a7300000, 0x00000000a7400000, 0x00000000a7400000|100%| E|CS|TAMS 0x00000000a7300000, 0x00000000a7300000| Complete 
|  86|0x00000000a7400000, 0x00000000a7500000, 0x00000000a7500000|100%| E|CS|TAMS 0x00000000a7400000, 0x00000000a7400000| Complete 
|  87|0x00000000a7500000, 0x00000000a7600000, 0x00000000a7600000|100%| E|CS|TAMS 0x00000000a7500000, 0x00000000a7500000| Complete 
|  88|0x00000000a7600000, 0x00000000a7700000, 0x00000000a7700000|100%| E|CS|TAMS 0x00000000a7600000, 0x00000000a7600000| Complete 
|  89|0x00000000a7700000, 0x00000000a7800000, 0x00000000a7800000|100%| E|CS|TAMS 0x00000000a7700000, 0x00000000a7700000| Complete 
|  90|0x00000000a7800000, 0x00000000a7900000, 0x00000000a7900000|100%| E|CS|TAMS 0x00000000a7800000, 0x00000000a7800000| Complete 
|  91|0x00000000a7900000, 0x00000000a7a00000, 0x00000000a7a00000|100%| E|CS|TAMS 0x00000000a7900000, 0x00000000a7900000| Complete 
|  92|0x00000000a7a00000, 0x00000000a7b00000, 0x00000000a7b00000|100%| E|CS|TAMS 0x00000000a7a00000, 0x00000000a7a00000| Complete 
|  93|0x00000000a7b00000, 0x00000000a7c00000, 0x00000000a7c00000|100%| E|CS|TAMS 0x00000000a7b00000, 0x00000000a7b00000| Complete 
|  94|0x00000000a7c00000, 0x00000000a7d00000, 0x00000000a7d00000|100%| E|CS|TAMS 0x00000000a7c00000, 0x00000000a7c00000| Complete 
|  95|0x00000000a7d00000, 0x00000000a7e00000, 0x00000000a7e00000|100%| E|CS|TAMS 0x00000000a7d00000, 0x00000000a7d00000| Complete 

Card table byte_map: [0x00000185355b0000,0x00000185358b0000] _byte_map_base: 0x00000185350a1000

Marking Bits (Prev, Next): (CMBitMap*) 0x000001851be65370, (CMBitMap*) 0x000001851be653b0
 Prev Bits: [0x0000018535bb0000, 0x0000018537338000)
 Next Bits: [0x0000018537340000, 0x0000018538ac8000)

Polling page: 0x000001851bf00000

Metaspace:

Usage:
  Non-class:     12.06 MB capacity,    11.88 MB ( 99%) used,   166.88 KB (  1%) free+waste,    16.50 KB ( <1%) overhead. 
      Class:      1.65 MB capacity,     1.57 MB ( 95%) used,    72.78 KB (  4%) free+waste,     7.00 KB ( <1%) overhead. 
       Both:     13.70 MB capacity,    13.45 MB ( 98%) used,   239.66 KB (  2%) free+waste,    23.50 KB ( <1%) overhead. 

Virtual space:
  Non-class space:       14.00 MB reserved,      12.25 MB ( 88%) committed 
      Class space:        1.00 GB reserved,       1.75 MB ( <1%) committed 
             Both:        1.01 GB reserved,      14.00 MB (  1%) committed 

Chunk freelists:
   Non-Class:  4.00 KB
       Class:  11.00 KB
        Both:  15.00 KB

MaxMetaspaceSize: 17179869184.00 GB
CompressedClassSpaceSize: 1.00 GB

CodeHeap 'non-profiled nmethods': size=120000Kb used=606Kb max_used=606Kb free=119393Kb
 bounds [0x000001852d300000, 0x000001852d570000, 0x0000018534830000]
CodeHeap 'profiled nmethods': size=120000Kb used=3151Kb max_used=3151Kb free=116848Kb
 bounds [0x0000018525dd0000, 0x00000185260f0000, 0x000001852d300000]
CodeHeap 'non-nmethods': size=5760Kb used=1231Kb max_used=1259Kb free=4528Kb
 bounds [0x0000018525830000, 0x0000018525aa0000, 0x0000018525dd0000]
 total_blobs=2242 nmethods=1744 adapters=410
 compilation: enabled
              stopped_count=0, restarted_count=0
 full_count=0

Compilation events (20 events):
Event: 2.981 Thread 0x000001853b55ae90 nmethod 1708 0x000001852d394a10 code [0x000001852d394be0, 0x000001852d395678]
Event: 2.981 Thread 0x000001853b55ae90 1710       4       java.nio.HeapByteBuffer::byteOffset (7 bytes)
Event: 2.981 Thread 0x000001853b55ae90 nmethod 1710 0x000001852d395a10 code [0x000001852d395b80, 0x000001852d395bf8]
Event: 2.981 Thread 0x000001853b55ae90 1716       4       java.nio.Buffer::nextGetIndex (32 bytes)
Event: 2.982 Thread 0x000001853b55ae90 nmethod 1716 0x000001852d395d10 code [0x000001852d395e80, 0x000001852d395f18]
Event: 2.982 Thread 0x000001853b55ae90 1711       4       java.nio.HeapByteBuffer::getChar (29 bytes)
Event: 2.983 Thread 0x000001853b55ae90 nmethod 1711 0x000001852d396010 code [0x000001852d3961a0, 0x000001852d396298]
Event: 2.983 Thread 0x000001853b55ae90 1704       4       java.lang.String::checkBoundsOffCount (64 bytes)
Event: 2.984 Thread 0x000001853b55ae90 nmethod 1704 0x000001852d396410 code [0x000001852d396580, 0x000001852d396618]
Event: 2.984 Thread 0x000001853b55ae90 1701       4       java.util.AbstractSet::<init> (5 bytes)
Event: 2.984 Thread 0x000001853b55ae90 nmethod 1701 0x000001852d396710 code [0x000001852d396880, 0x000001852d3968d8]
Event: 2.984 Thread 0x000001853b55ae90 1728       4       java.util.zip.ZipFile$Source::getEntryPos (9 bytes)
Event: 2.984 Thread 0x000001853b55ae90 nmethod 1728 0x000001852d396a10 code [0x000001852d396b80, 0x000001852d396c18]
Event: 17.606 Thread 0x000001853b55ae90 1730       4       jdk.internal.access.SharedSecrets::getJavaLangAccess (4 bytes)
Event: 17.633 Thread 0x000001853b55ae90 nmethod 1730 0x000001852d396d10 code [0x000001852d396e80, 0x000001852d396ed8]
Event: 17.659 Thread 0x000001853b55ba30 1731       3       com.google.common.base.Preconditions::checkArgument (13 bytes)
Event: 17.661 Thread 0x000001853b55ba30 nmethod 1731 0x00000185260dab10 code [0x00000185260dacc0, 0x00000185260daea8]
Event: 17.718 Thread 0x000001853b55ae90 1732   !   4       org.openqa.selenium.json.Input::init (71 bytes)
Event: 17.718 Thread 0x000001853b55ba30 1733       1       java.util.AbstractMap$SimpleImmutableEntry::getKey (5 bytes)
Event: 17.719 Thread 0x000001853b55ba30 nmethod 1733 0x000001852d397010 code [0x000001852d3971a0, 0x000001852d397258]

GC Heap History (2 events):
Event: 2.170 GC heap before
{Heap before GC invocations=0 (full 0):
 garbage-first heap   total 98304K, used 22528K [0x00000000a1e00000, 0x0000000100000000)
  region size 1024K, 23 young (23552K), 0 survivors (0K)
 Metaspace       used 9290K, capacity 9487K, committed 9600K, reserved 1058816K
  class space    used 1028K, capacity 1089K, committed 1152K, reserved 1048576K
}
Event: 2.181 GC heap after
{Heap after GC invocations=1 (full 0):
 garbage-first heap   total 98304K, used 5241K [0x00000000a1e00000, 0x0000000100000000)
  region size 1024K, 3 young (3072K), 3 survivors (3072K)
 Metaspace       used 9290K, capacity 9487K, committed 9600K, reserved 1058816K
  class space    used 1028K, capacity 1089K, committed 1152K, reserved 1048576K
}

Deoptimization events (20 events):
Event: 2.640 Thread 0x000001853cab9700 Uncommon trap: trap_request=0xffffffde fr.pc=0x000001852d36dbb4 relative=0x0000000000000e94
Event: 2.640 Thread 0x000001853cab9700 Uncommon trap: reason=class_check action=maybe_recompile pc=0x000001852d36dbb4 method=java.util.concurrent.ConcurrentHashMap.putVal(Ljava/lang/Object;Ljava/lang/Object;Z)Ljava/lang/Object; @ 242 c2
Event: 2.640 Thread 0x000001853cab9700 DEOPT PACKING pc=0x000001852d36dbb4 sp=0x00000069d3bfdd00
Event: 2.640 Thread 0x000001853cab9700 DEOPT UNPACKING pc=0x000001852587e42f sp=0x00000069d3bfdc70 mode 2
Event: 17.705 Thread 0x000001851be28b60 Uncommon trap: trap_request=0xffffffde fr.pc=0x000001852d386d38 relative=0x0000000000000638
Event: 17.706 Thread 0x000001851be28b60 Uncommon trap: reason=class_check action=maybe_recompile pc=0x000001852d386d38 method=org.openqa.selenium.json.Input.init()V @ 18 c2
Event: 17.707 Thread 0x000001851be28b60 DEOPT PACKING pc=0x000001852d386d38 sp=0x00000069d22fc9c0
Event: 17.707 Thread 0x000001851be28b60 DEOPT UNPACKING pc=0x000001852587e42f sp=0x00000069d22fc9b8 mode 2
Event: 17.710 Thread 0x000001851be28b60 Uncommon trap: trap_request=0xffffffde fr.pc=0x000001852d386d38 relative=0x0000000000000638
Event: 17.710 Thread 0x000001851be28b60 Uncommon trap: reason=class_check action=maybe_recompile pc=0x000001852d386d38 method=org.openqa.selenium.json.Input.init()V @ 18 c2
Event: 17.710 Thread 0x000001851be28b60 DEOPT PACKING pc=0x000001852d386d38 sp=0x00000069d22fc4f0
Event: 17.712 Thread 0x000001851be28b60 DEOPT UNPACKING pc=0x000001852587e42f sp=0x00000069d22fc4e8 mode 2
Event: 17.713 Thread 0x000001851be28b60 Uncommon trap: trap_request=0xffffffde fr.pc=0x000001852d386d38 relative=0x0000000000000638
Event: 17.713 Thread 0x000001851be28b60 Uncommon trap: reason=class_check action=maybe_recompile pc=0x000001852d386d38 method=org.openqa.selenium.json.Input.init()V @ 18 c2
Event: 17.713 Thread 0x000001851be28b60 DEOPT PACKING pc=0x000001852d386d38 sp=0x00000069d22fbf40
Event: 17.713 Thread 0x000001851be28b60 DEOPT UNPACKING pc=0x000001852587e42f sp=0x00000069d22fbf38 mode 2
Event: 17.713 Thread 0x000001851be28b60 Uncommon trap: trap_request=0xffffffde fr.pc=0x000001852d386d38 relative=0x0000000000000638
Event: 17.713 Thread 0x000001851be28b60 Uncommon trap: reason=class_check action=maybe_recompile pc=0x000001852d386d38 method=org.openqa.selenium.json.Input.init()V @ 18 c2
Event: 17.713 Thread 0x000001851be28b60 DEOPT PACKING pc=0x000001852d386d38 sp=0x00000069d22fbf40
Event: 17.713 Thread 0x000001851be28b60 DEOPT UNPACKING pc=0x000001852587e42f sp=0x00000069d22fbf38 mode 2

Classes unloaded (0 events):
No events

Classes redefined (0 events):
No events

Internal exceptions (20 events):
Event: 1.750 Thread 0x000001851be28b60 Exception <a 'java/lang/NoSuchMethodError'{0x00000000a6f6d168}: 'void java.lang.invoke.DirectMethodHandle$Holder.invokeStatic(java.lang.Object, java.lang.Object, java.lang.Object, java.lang.Object)'> (0x00000000a6f6d168) 
thrown [./open/src/hotspot/share/interpreter/linkResolver.cpp, line 782]
Event: 1.771 Thread 0x000001851be28b60 Exception <a 'java/lang/NoSuchMethodError'{0x00000000a6fc3a08}: 'int java.lang.invoke.DirectMethodHandle$Holder.invokeSpecial(java.lang.Object, java.lang.Object, java.lang.Object)'> (0x00000000a6fc3a08) 
thrown [./open/src/hotspot/share/interpreter/linkResolver.cpp, line 782]
Event: 2.241 Thread 0x000001851be28b60 Exception <a 'sun/nio/fs/WindowsException'{0x00000000a7a178b0}> (0x00000000a7a178b0) 
thrown [./open/src/hotspot/share/prims/jni.cpp, line 578]
Event: 2.261 Thread 0x000001851be28b60 Exception <a 'java/lang/NoSuchMethodError'{0x00000000a7a3cdd0}: 'int java.lang.invoke.DirectMethodHandle$Holder.invokeStaticInit(java.lang.Object, java.lang.Object, java.lang.Object, java.lang.Object)'> (0x00000000a7a3cdd0) 
thrown [./open/src/hotspot/share/interpreter/linkResolver.cpp, line 782]
Event: 2.262 Thread 0x000001851be28b60 Exception <a 'java/lang/NoSuchMethodError'{0x00000000a7a47208}: 'java.lang.Object java.lang.invoke.DirectMethodHandle$Holder.invokeInterface(java.lang.Object, java.lang.Object)'> (0x00000000a7a47208) 
thrown [./open/src/hotspot/share/interpreter/linkResolver.cpp, line 782]
Event: 2.263 Thread 0x000001851be28b60 Exception <a 'java/lang/IncompatibleClassChangeError'{0x00000000a7a4aea8}: Found class java.lang.Object, but interface was expected> (0x00000000a7a4aea8) 
thrown [./open/src/hotspot/share/interpreter/linkResolver.cpp, line 848]
Event: 2.381 Thread 0x000001851be28b60 Exception <a 'java/lang/NoSuchMethodError'{0x00000000a7617a28}: 'java.lang.Object java.lang.invoke.DirectMethodHandle$Holder.invokeStaticInit(java.lang.Object, java.lang.Object, java.lang.Object)'> (0x00000000a7617a28) 
thrown [./open/src/hotspot/share/interpreter/linkResolver.cpp, line 782]
Event: 2.391 Thread 0x000001851be28b60 Exception <a 'java/lang/NoSuchMethodError'{0x00000000a7644070}: 'java.lang.Object java.lang.invoke.DirectMethodHandle$Holder.invokeInterface(java.lang.Object, java.lang.Object, java.lang.Object)'> (0x00000000a7644070) 
thrown [./open/src/hotspot/share/interpreter/linkResolver.cpp, line 782]
Event: 2.392 Thread 0x000001851be28b60 Exception <a 'java/lang/IncompatibleClassChangeError'{0x00000000a7647908}: Found class java.lang.Object, but interface was expected> (0x00000000a7647908) 
thrown [./open/src/hotspot/share/interpreter/linkResolver.cpp, line 848]
Event: 2.394 Thread 0x000001851be28b60 Exception <a 'java/lang/NoSuchMethodError'{0x00000000a7650900}: 'int java.lang.invoke.DirectMethodHandle$Holder.invokeSpecialIFC(java.lang.Object, java.lang.Object, java.lang.Object, java.lang.Object)'> (0x00000000a7650900) 
thrown [./open/src/hotspot/share/interpreter/linkResolver.cpp, line 782]
Event: 2.413 Thread 0x000001851be28b60 Exception <a 'java/lang/NoSuchMethodError'{0x00000000a76b6778}: 'double java.lang.invoke.DirectMethodHandle$Holder.invokeVirtual(java.lang.Object, java.lang.Object)'> (0x00000000a76b6778) 
thrown [./open/src/hotspot/share/interpreter/linkResolver.cpp, line 782]
Event: 2.414 Thread 0x000001851be28b60 Exception <a 'java/lang/NoSuchMethodError'{0x00000000a76bd288}: 'float java.lang.invoke.DirectMethodHandle$Holder.invokeVirtual(java.lang.Object, java.lang.Object)'> (0x00000000a76bd288) 
thrown [./open/src/hotspot/share/interpreter/linkResolver.cpp, line 782]
Event: 2.416 Thread 0x000001851be28b60 Exception <a 'java/lang/NoSuchMethodError'{0x00000000a76c67b0}: 'long java.lang.invoke.DirectMethodHandle$Holder.invokeVirtual(java.lang.Object, java.lang.Object)'> (0x00000000a76c67b0) 
thrown [./open/src/hotspot/share/interpreter/linkResolver.cpp, line 782]
Event: 2.423 Thread 0x000001851be28b60 Exception <a 'java/lang/NoSuchMethodError'{0x00000000a76f4c48}: 'void java.lang.invoke.DirectMethodHandle$Holder.invokeStatic(java.lang.Object, java.lang.Object, java.lang.Object)'> (0x00000000a76f4c48) 
thrown [./open/src/hotspot/share/interpreter/linkResolver.cpp, line 782]
Event: 2.424 Thread 0x000001851be28b60 Exception <a 'java/lang/NoSuchMethodError'{0x00000000a76fb8d0}: 'java.lang.Object java.lang.invoke.DirectMethodHandle$Holder.invokeVirtual(java.lang.Object, java.lang.Object, java.lang.Object)'> (0x00000000a76fb8d0) 
thrown [./open/src/hotspot/share/interpreter/linkResolver.cpp, line 782]
Event: 2.466 Thread 0x000001851be28b60 Exception <a 'java/lang/NoSuchMethodError'{0x00000000a74557d8}: 'void java.lang.invoke.DirectMethodHandle$Holder.invokeSpecial(java.lang.Object, java.lang.Object, java.lang.Object, java.lang.Object, java.lang.Object)'> (0x00000000a74557d8) 
thrown [./open/src/hotspot/share/interpreter/linkResolver.cpp, line 782]
Event: 2.496 Thread 0x000001851be28b60 Exception <a 'java/lang/NoSuchMethodError'{0x00000000a7312668}: 'java.lang.Object java.lang.invoke.DirectMethodHandle$Holder.newInvokeSpecial(java.lang.Object, java.lang.Object, java.lang.Object, java.lang.Object, java.lang.Object)'> (0x00000000a7312668) 
thrown [./open/src/hotspot/share/interpreter/linkResolver.cpp, line 782]
Event: 2.635 Thread 0x000001851be28b60 Exception <a 'java/lang/NoSuchMethodError'{0x00000000a72714c0}: 'void java.lang.invoke.DirectMethodHandle$Holder.invokeInterface(java.lang.Object, java.lang.Object, java.lang.Object)'> (0x00000000a72714c0) 
thrown [./open/src/hotspot/share/interpreter/linkResolver.cpp, line 782]
Event: 2.635 Thread 0x000001853cab9700 Exception <a 'java/lang/NoSuchMethodError'{0x00000000a72d5790}: 'void java.lang.invoke.DirectMethodHandle$Holder.invokeInterface(java.lang.Object, java.lang.Object, java.lang.Object)'> (0x00000000a72d5790) 
thrown [./open/src/hotspot/share/interpreter/linkResolver.cpp, line 782]
Event: 2.635 Thread 0x000001853cab9230 Exception <a 'java/lang/NoSuchMethodError'{0x00000000a728d330}: 'void java.lang.invoke.DirectMethodHandle$Holder.invokeInterface(java.lang.Object, java.lang.Object, java.lang.Object)'> (0x00000000a728d330) 
thrown [./open/src/hotspot/share/interpreter/linkResolver.cpp, line 782]

Events (20 events):
Event: 2.850 loading class jdk/internal/icu/impl/Trie2$UTrie2Header
Event: 2.850 loading class jdk/internal/icu/impl/Trie2$UTrie2Header done
Event: 2.858 loading class java/util/HashMap$EntrySpliterator
Event: 2.858 loading class java/util/HashMap$EntrySpliterator done
Event: 2.891 loading class java/net/ProtocolException
Event: 2.891 loading class java/net/ProtocolException done
Event: 2.891 loading class java/net/HttpRetryException
Event: 2.892 loading class java/net/HttpRetryException done
Event: 2.913 loading class java/net/UnknownServiceException
Event: 2.913 loading class java/net/UnknownServiceException done
Event: 2.959 loading class java/net/InetAddress$CachedLocalHost
Event: 2.959 loading class java/net/InetAddress$CachedLocalHost done
Event: 2.973 loading class java/util/concurrent/ThreadPoolExecutor$Worker
Event: 2.974 loading class java/util/concurrent/ThreadPoolExecutor$Worker done
Event: 2.974 loading class java/lang/Thread$State
Event: 2.974 loading class java/lang/Thread$State done
Event: 2.975 Thread 0x000001853c9e6b40 Thread added: 0x000001853c9e6b40
Event: 2.985 Thread 0x000001853d2d5ca0 Thread added: 0x000001853d2d5ca0
Event: 3.546 Executing VM operation: HandshakeAllThreads
Event: 3.546 Executing VM operation: HandshakeAllThreads done


Dynamic libraries:
0x00007ff67d590000 - 0x00007ff67d59f000 	C:\Program Files\Java\jdk-15.0.1\bin\javaw.exe
0x00007ffc538f0000 - 0x00007ffc53ae6000 	C:\WINDOWS\SYSTEM32\ntdll.dll
0x00007ffc53710000 - 0x00007ffc537cd000 	C:\WINDOWS\System32\KERNEL32.DLL
0x00007ffc51620000 - 0x00007ffc518e8000 	C:\WINDOWS\System32\KERNELBASE.dll
0x00007ffc51340000 - 0x00007ffc51440000 	C:\WINDOWS\System32\ucrtbase.dll
0x00007ffc49b60000 - 0x00007ffc49b79000 	C:\Program Files\Java\jdk-15.0.1\bin\VCRUNTIME140.dll
0x00007ffc49b40000 - 0x00007ffc49b58000 	C:\Program Files\Java\jdk-15.0.1\bin\jli.dll
0x00007ffc51c60000 - 0x00007ffc51d0c000 	C:\WINDOWS\System32\ADVAPI32.dll
0x00007ffc52a30000 - 0x00007ffc52ace000 	C:\WINDOWS\System32\msvcrt.dll
0x00007ffc51af0000 - 0x00007ffc51b8b000 	C:\WINDOWS\System32\sechost.dll
0x00007ffc52c60000 - 0x00007ffc52d84000 	C:\WINDOWS\System32\RPCRT4.dll
0x00007ffc52670000 - 0x00007ffc52810000 	C:\WINDOWS\System32\USER32.dll
0x00007ffc3b830000 - 0x00007ffc3bacb000 	C:\WINDOWS\WinSxS\amd64_microsoft.windows.common-controls_6595b64144ccf1df_6.0.19041.488_none_ca04af081b815d21\COMCTL32.dll
0x00007ffc537d0000 - 0x00007ffc537fa000 	C:\WINDOWS\System32\GDI32.dll
0x00007ffc51210000 - 0x00007ffc51232000 	C:\WINDOWS\System32\win32u.dll
0x00007ffc51030000 - 0x00007ffc51139000 	C:\WINDOWS\System32\gdi32full.dll
0x00007ffc47d10000 - 0x00007ffc47d1a000 	C:\WINDOWS\SYSTEM32\VERSION.dll
0x00007ffc51140000 - 0x00007ffc511dd000 	C:\WINDOWS\System32\msvcp_win.dll
0x00007ffc53800000 - 0x00007ffc53830000 	C:\WINDOWS\System32\IMM32.DLL
0x00007ffc4c770000 - 0x00007ffc4c77c000 	C:\Program Files\Java\jdk-15.0.1\bin\vcruntime140_1.dll
0x00007ffc25fc0000 - 0x00007ffc26051000 	C:\Program Files\Java\jdk-15.0.1\bin\msvcp140.dll
0x00007ffbd5130000 - 0x00007ffbd5c8e000 	C:\Program Files\Java\jdk-15.0.1\bin\server\jvm.dll
0x00007ffc532e0000 - 0x00007ffc532e8000 	C:\WINDOWS\System32\PSAPI.DLL
0x00007ffc473b0000 - 0x00007ffc473d7000 	C:\WINDOWS\SYSTEM32\WINMM.dll
0x00007ffc3edf0000 - 0x00007ffc3edf9000 	C:\WINDOWS\SYSTEM32\WSOCK32.dll
0x00007ffc52810000 - 0x00007ffc5287b000 	C:\WINDOWS\System32\WS2_32.dll
0x00007ffc4f8f0000 - 0x00007ffc4f902000 	C:\WINDOWS\SYSTEM32\kernel.appcore.dll
0x00007ffc3a980000 - 0x00007ffc3a98a000 	C:\Program Files\Java\jdk-15.0.1\bin\jimage.dll
0x00007ffc4ef30000 - 0x00007ffc4f114000 	C:\WINDOWS\SYSTEM32\DBGHELP.DLL
0x00007ffc38b60000 - 0x00007ffc38b8c000 	C:\WINDOWS\SYSTEM32\dbgcore.DLL
0x00007ffc51440000 - 0x00007ffc514bf000 	C:\WINDOWS\System32\bcryptPrimitives.dll
0x00007ffc15070000 - 0x00007ffc15095000 	C:\Program Files\Java\jdk-15.0.1\bin\java.dll
0x00007ffc51d10000 - 0x00007ffc52451000 	C:\WINDOWS\System32\SHELL32.dll
0x00007ffc4f120000 - 0x00007ffc4f8b5000 	C:\WINDOWS\SYSTEM32\windows.storage.dll
0x00007ffc532f0000 - 0x00007ffc53645000 	C:\WINDOWS\System32\combase.dll
0x00007ffc50aa0000 - 0x00007ffc50acc000 	C:\WINDOWS\SYSTEM32\Wldp.dll
0x00007ffc53650000 - 0x00007ffc536fe000 	C:\WINDOWS\System32\SHCORE.dll
0x00007ffc529c0000 - 0x00007ffc52a15000 	C:\WINDOWS\System32\shlwapi.dll
0x00007ffc50f60000 - 0x00007ffc50f86000 	C:\WINDOWS\SYSTEM32\profapi.dll
0x00007ffc25a80000 - 0x00007ffc25a99000 	C:\Program Files\Java\jdk-15.0.1\bin\net.dll
0x00007ffc3e910000 - 0x00007ffc3ea10000 	C:\WINDOWS\SYSTEM32\WINHTTP.dll
0x00007ffc50820000 - 0x00007ffc5088a000 	C:\WINDOWS\system32\mswsock.dll
0x00007ffc258d0000 - 0x00007ffc258e2000 	C:\Program Files\Java\jdk-15.0.1\bin\nio.dll
0x00007ffc1fd60000 - 0x00007ffc1fd78000 	C:\Program Files\Java\jdk-15.0.1\bin\zip.dll
0x00007ffc50510000 - 0x00007ffc505db000 	C:\WINDOWS\SYSTEM32\DNSAPI.dll
0x00007ffc504c0000 - 0x00007ffc504fb000 	C:\WINDOWS\SYSTEM32\IPHLPAPI.DLL
0x00007ffc53700000 - 0x00007ffc53708000 	C:\WINDOWS\System32\NSI.dll
0x00007ffc47f10000 - 0x00007ffc47f1a000 	C:\Windows\System32\rasadhlp.dll
0x00007ffc3b040000 - 0x00007ffc3b0bf000 	C:\WINDOWS\System32\fwpuclnt.dll
0x00007ffc511e0000 - 0x00007ffc51207000 	C:\WINDOWS\System32\bcrypt.dll
0x00007ffc509f0000 - 0x00007ffc50a08000 	C:\WINDOWS\SYSTEM32\CRYPTSP.dll
0x00007ffc50140000 - 0x00007ffc50174000 	C:\WINDOWS\system32\rsaenh.dll
0x00007ffc50f20000 - 0x00007ffc50f4e000 	C:\WINDOWS\SYSTEM32\USERENV.dll
0x00007ffc50a10000 - 0x00007ffc50a1c000 	C:\WINDOWS\SYSTEM32\CRYPTBASE.dll
0x00007ffc4ee50000 - 0x00007ffc4ee67000 	C:\WINDOWS\SYSTEM32\dhcpcsvc6.DLL
0x00007ffc4ece0000 - 0x00007ffc4ecfd000 	C:\WINDOWS\SYSTEM32\dhcpcsvc.DLL
0x00007ffc4c750000 - 0x00007ffc4c760000 	C:\Program Files\Java\jdk-15.0.1\bin\verify.dll
0x00007ffc3a1c0000 - 0x00007ffc3a1cd000 	C:\Program Files\Java\jdk-15.0.1\bin\sunmscapi.dll
0x00007ffc514c0000 - 0x00007ffc5161d000 	C:\WINDOWS\System32\CRYPT32.dll
0x00007ffc50b10000 - 0x00007ffc50b37000 	C:\WINDOWS\SYSTEM32\ncrypt.dll
0x00007ffc50ad0000 - 0x00007ffc50b0b000 	C:\WINDOWS\SYSTEM32\NTASN1.dll
0x00007ffc37360000 - 0x00007ffc37377000 	C:\WINDOWS\system32\napinsp.dll
0x00007ffc37340000 - 0x00007ffc3735b000 	C:\WINDOWS\system32\pnrpnsp.dll
0x00007ffc4bc70000 - 0x00007ffc4bc85000 	C:\WINDOWS\system32\wshbth.dll
0x00007ffc4c650000 - 0x00007ffc4c66d000 	C:\WINDOWS\system32\NLAapi.dll
0x00007ffc36ba0000 - 0x00007ffc36bb2000 	C:\WINDOWS\System32\winrnr.dll

dbghelp: loaded successfully - version: 4.0.5 - missing functions: none
symbol engine: initialized successfully - sym options: 0x614 - pdb path: .;C:\Program Files\Java\jdk-15.0.1\bin;C:\WINDOWS\SYSTEM32;C:\WINDOWS\WinSxS\amd64_microsoft.windows.common-controls_6595b64144ccf1df_6.0.19041.488_none_ca04af081b815d21;C:\Program Files\Java\jdk-15.0.1\bin\server

VM Arguments:
jvm_args: -ea -Dfile.encoding=Cp1252 -XX:+ShowCodeDetailsInExceptionMessages 
java_command: org.testng.remote.RemoteTestNG -serport 53055 -protocol json -d C:\Users\121as\eclipse-workspacess\AppiumDemoProject\test-output C:\Users\121as\AppData\Local\Temp\testng-eclipse-698883749\testng-customsuite.xml
java_class_path (initial): C:\Users\121as\eclipse\jee-2020-09\eclipse\configuration\org.eclipse.osgi\946\0\.cp\lib\testng-remote.jar;C:\Users\121as\eclipse-workspacess\AppiumDemoProject\target\test-classes;C:\Users\121as\eclipse-workspacess\AppiumDemoProject\target\classes;C:\Users\121as\Downloads\java-client-7.4.1.jar;C:\Users\121as\.m2\repository\io\appium\java-client\7.4.1\java-client-7.4.1.jar;C:\Users\121as\.m2\repository\org\seleniumhq\selenium\selenium-support\3.141.59\selenium-support-3.141.59.jar;C:\Users\121as\.m2\repository\org\seleniumhq\selenium\selenium-api\3.141.59\selenium-api-3.141.59.jar;C:\Users\121as\.m2\repository\com\google\code\gson\gson\2.8.6\gson-2.8.6.jar;C:\Users\121as\.m2\repository\org\apache\httpcomponents\httpclient\4.5.13\httpclient-4.5.13.jar;C:\Users\121as\.m2\repository\org\apache\httpcomponents\httpcore\4.4.13\httpcore-4.4.13.jar;C:\Users\121as\.m2\repository\commons-logging\commons-logging\1.2\commons-logging-1.2.jar;C:\Users\121as\.m2\repository\commons-codec\commons-codec\1.11\commons-codec-1.11.jar;C:\Users\121as\.m2\repository\cglib\cglib\3.3.0\cglib-3.3.0.jar;C:\Users\121as\.m2\repository\org\ow2\asm\asm\7.1\asm-7.1.jar;C:\Users\121as\.m2\repository\commons-validator\commons-validator\1.7\commons-validator-1.7.jar;C:\Users\121as\.m2\repository\commons-beanutils\commons-beanutils\1.9.4\commons-beanutils-1.9.4.jar;C:\Users\121as\.m2\repository\commons-digester\commons-digester\2.1\commons-digester-2.1.jar;C:\Users\121as\.m2\repository\commons-collections\commons-collections\3.2.2\commons-collections-3.2.2.jar;C:\Users\121as\.m2\repository\org\apache\commons\commons-lang3\3.11\commons-lang3-3.11.jar;C:\Users\121as\.m2\repository\commons-io\commons-io\2.8.0\commons-io-2.8.0.jar;C:\Users\121as\.m2\repository\org\springframework\spring-context\5.3.1\spring-context-5.3.1.jar;C:\Users\121as\.m2\repository\org\springframework\spring-aop\5.3.1\spring-aop-5.3.1.jar;C:\Users\121as\.m2\repository\org\springframework\spring-beans\5.3.1\
Launcher Type: SUN_STANDARD

[Global flags]
     intx CICompilerCount                          = 4                                         {product} {ergonomic}
     uint ConcGCThreads                            = 2                                         {product} {ergonomic}
     uint G1ConcRefinementThreads                  = 8                                         {product} {ergonomic}
   size_t G1HeapRegionSize                         = 1048576                                   {product} {ergonomic}
    uintx GCDrainStackTargetSize                   = 64                                        {product} {ergonomic}
   size_t InitialHeapSize                          = 100663296                                 {product} {ergonomic}
   size_t MarkStackSize                            = 4194304                                   {product} {ergonomic}
   size_t MaxHeapSize                              = 1579155456                                {product} {ergonomic}
   size_t MaxNewSize                               = 946864128                                 {product} {ergonomic}
   size_t MinHeapDeltaBytes                        = 1048576                                   {product} {ergonomic}
   size_t MinHeapSize                              = 8388608                                   {product} {ergonomic}
    uintx NonNMethodCodeHeapSize                   = 5839372                                {pd product} {ergonomic}
    uintx NonProfiledCodeHeapSize                  = 122909434                              {pd product} {ergonomic}
    uintx ProfiledCodeHeapSize                     = 122909434                              {pd product} {ergonomic}
    uintx ReservedCodeCacheSize                    = 251658240                              {pd product} {ergonomic}
     bool SegmentedCodeCache                       = true                                      {product} {ergonomic}
     bool ShowCodeDetailsInExceptionMessages       = true                                   {manageable} {command line}
   size_t SoftMaxHeapSize                          = 1579155456                             {manageable} {ergonomic}
     bool UseCompressedClassPointers               = true                                 {lp64_product} {ergonomic}
     bool UseCompressedOops                        = true                                 {lp64_product} {ergonomic}
     bool UseG1GC                                  = true                                      {product} {ergonomic}
     bool UseLargePagesIndividualAllocation        = false                                  {pd product} {ergonomic}

Logging:
Log output configuration:
 #0: stdout all=warning uptime,level,tags
 #1: stderr all=off uptime,level,tags

Environment Variables:
JAVA_HOME=C:\Program Files\Java\jdk1.8.0_271
CLASSPATH=C:\Program Files\Java\jdk-15.0.1\lib\*.jar
PATH=C:/Program Files/Java/jdk-15.0.1/bin/server;C:/Program Files/Java/jdk-15.0.1/bin;C:\Program Files (x86)\Common Files\Oracle\Java\javapath;C:\Program Files\Common Files\Oracle\Java\javapath;C:\windows\system32;C:\windows;C:\windows\System32\Wbem;C:\windows\System32\WindowsPowerShell\v1.0\;C:\windows\System32\OpenSSH\;C:\Program Files (x86)\NVIDIA Corporation\PhysX\Common;C:\Program Files\NVIDIA Corporation\NVIDIA NvDLISR;C:\Program Files\Microsoft SQL Server\130\Tools\Binn\;C:\Program Files\Microsoft SQL Server\Client SDK\ODBC\170\Tools\Binn\;C:\Program Files\dotnet\;C:\Program Files (x86)\Microsoft SQL Server\150\DTS\Binn\;C:\Program Files (x86)\Microsoft SQL Server\150\Tools\Binn\;C:\Program Files\Microsoft SQL Server\150\Tools\Binn\;C:\Program Files\Microsoft SQL Server\150\DTS\Binn\;C:\Program Files\nodejs\;C:\WINDOWS\system32;C:\WINDOWS;C:\WINDOWS\System32\Wbem;C:\WINDOWS\System32\WindowsPowerShell\v1.0\;C:\WINDOWS\System32\OpenSSH\;C:\Program Files\Git\cmd;C:\Program Files\Java\jdk-14.0.2\bin;C:\Users\121as\AppData\Local\Android\Sdk\tools;C:\Users\121as\AppData\Local\Android\Sdk\platform-tools;C:\Users\121as\AppData\Local\Android\Sdk\platforms;C:\Users\121as\AppData\Local\Android\Sdk\platform-tools;C:\Users\121as\AppData\Local\Android\Sdk\tools\bin;C:\Users\121as\AppData\Local\Android\Sdk\tools;C:\Program Files\nodejs\node_modules\npm\bin;C:\Program Files\Java\jdk1.8.0_271\bin;C:\Users\121as\AppData\Local\Microsoft\WindowsApps;C:\Users\121as\.dotnet\tools;C:\Users\121as\AppData\Roaming\npm;C:\Users\121as\AppData\Local\Programs\Microsoft VS Code\bin;C:\Program Files\PyCharm 2020.2.3\bin;;C:\Program Files\Python\Scripts;C:\Program Files\Python;;C:\Users\121as\OneDrive\Desktop;
USERNAME=121as
OS=Windows_NT
PROCESSOR_IDENTIFIER=AMD64 Family 23 Model 24 Stepping 1, AuthenticAMD



---------------  S Y S T E M  ---------------

OS:
 Windows 10 , 64 bit Build 19041 (10.0.19041.546)
OS uptime: 0 days 2:15 hours

CPU: total 8 (initial active 8) (8 cores per cpu, 2 threads per core) family 23 model 24 stepping 1 microcode 0x0, cmov, cx8, fxsr, mmx, sse, sse2, sse3, ssse3, sse4.1, sse4.2, popcnt, vzeroupper, avx, avx2, aes, clmul, 3dnowpref, lzcnt, sse4a, ht, tsc, tscinvbit, tscinv, bmi1, bmi2, adx, sha, fma, clflush, clflushopt

Memory: 4k page, system-wide physical 6021M (71M free)
TotalPageFile size 14021M (AvailPageFile size 1M)
current process WorkingSet (physical memory assigned to process): 30M, peak: 80M
current process commit charge ("private bytes"): 201M, peak: 208M

vm_info: Java HotSpot(TM) 64-Bit Server VM (15.0.1+9-18) for windows-amd64 JRE (15.0.1+9-18), built on Sep 15 2020 14:43:54 by "mach5one" with unknown MS VC++:1925

END.
