#
# There is insufficient memory for the Java Runtime Environment to continue.
# Native memory allocation (malloc) failed to allocate 32744 bytes for ChunkPool::allocate
# Possible reasons:
#   The system is out of physical RAM or swap space
#   The process is running with CompressedOops enabled, and the Java Heap may be blocking the growth of the native heap
# Possible solutions:
#   Reduce memory load on the system
#   Increase physical memory or swap space
#   Check if swap backing store is full
#   Decrease Java heap size (-Xmx/-Xms)
#   Decrease number of Java threads
#   Decrease Java thread stack sizes (-Xss)
#   Set larger code cache with -XX:ReservedCodeCacheSize=
#   JVM is running with Unscaled Compressed Oops mode in which the Java heap is
#     placed in the first 4GB address space. The Java Heap base address is the
#     maximum limit for the native heap growth. Please use -XX:HeapBaseMinAddress
#     to set the Java Heap base and to place the Java Heap above 4GB virtual address.
# This output file may be truncated or incomplete.
#
#  Out of Memory Error (./open/src/hotspot/share/memory/arena.cpp:79), pid=25948, tid=17776
#
# JRE version: Java(TM) SE Runtime Environment (15.0.1+9) (build 15.0.1+9-18)
# Java VM: Java HotSpot(TM) 64-Bit Server VM (15.0.1+9-18, mixed mode, tiered, compressed oops, g1 gc, windows-amd64)
# No core dump will be written. Minidumps are not enabled by default on client versions of Windows
#

---------------  S U M M A R Y ------------

Command Line: -ea -Dfile.encoding=Cp1252 -XX:+ShowCodeDetailsInExceptionMessages org.testng.remote.RemoteTestNG -serport 59526 -protocol json -d C:\Users\121as\eclipse-workspacess\AppiumDemoProject\test-output C:\Users\121as\AppData\Local\Temp\testng-eclipse-1008307248\testng-customsuite.xml

Host: AMD Ryzen 5 3550H with Radeon Vega Mobile Gfx  , 8 cores, 5G,  Windows 10 , 64 bit Build 19041 (10.0.19041.546)
Time: Sat Dec 12 17:04:25 2020 India Standard Time elapsed time: 0.420016 seconds (0d 0h 0m 0s)

---------------  T H R E A D  ---------------

Current thread (0x00000169a7807390):  JavaThread "C1 CompilerThread0" daemon [_thread_in_native, id=17776, stack(0x0000004740b00000,0x0000004740c00000)]


Current CompileTask:
C1:    420  291       3       jdk.internal.org.objectweb.asm.Frame::execute (2305 bytes)

Stack: [0x0000004740b00000,0x0000004740c00000]
Native frames: (J=compiled Java code, j=interpreted, Vv=VM code, C=native code)
V  [jvm.dll+0x62ae9a]
V  [jvm.dll+0x781389]
V  [jvm.dll+0x782ae3]
V  [jvm.dll+0x783143]
V  [jvm.dll+0x216265]
V  [jvm.dll+0x9828f]
V  [jvm.dll+0x985dc]
V  [jvm.dll+0x153b94]
V  [jvm.dll+0x1561f1]
V  [jvm.dll+0x10ffc5]
V  [jvm.dll+0x10f87f]
V  [jvm.dll+0x10fab4]
V  [jvm.dll+0x10edf2]
V  [jvm.dll+0x110c8c]
V  [jvm.dll+0x1f9165]
V  [jvm.dll+0x1f720c]
V  [jvm.dll+0x74485d]
V  [jvm.dll+0x73d65a]
V  [jvm.dll+0x629c56]
C  [ucrtbase.dll+0x214c2]
C  [KERNEL32.DLL+0x17034]
C  [ntdll.dll+0x4cec1]


---------------  P R O C E S S  ---------------

Threads class SMR info:
_java_thread_list=0x00000169a7969250, length=11, elements={
0x00000169896daa50, 0x00000169a6ed9130, 0x00000169a6eda3a0, 0x00000169a77fc940,
0x00000169a77ff300, 0x00000169a7801cc0, 0x00000169a7802a50, 0x00000169a7807390,
0x00000169a781c1e0, 0x00000169a798dd80, 0x00000169a798f600
}

Java Threads: ( => current thread )
  0x00000169896daa50 JavaThread "main" [_thread_in_Java, id=4928, stack(0x000000473fe00000,0x000000473ff00000)]
  0x00000169a6ed9130 JavaThread "Reference Handler" daemon [_thread_blocked, id=6716, stack(0x0000004740500000,0x0000004740600000)]
  0x00000169a6eda3a0 JavaThread "Finalizer" daemon [_thread_blocked, id=12156, stack(0x0000004740600000,0x0000004740700000)]
  0x00000169a77fc940 JavaThread "Signal Dispatcher" daemon [_thread_blocked, id=21744, stack(0x0000004740700000,0x0000004740800000)]
  0x00000169a77ff300 JavaThread "Attach Listener" daemon [_thread_blocked, id=23808, stack(0x0000004740800000,0x0000004740900000)]
  0x00000169a7801cc0 JavaThread "Service Thread" daemon [_thread_blocked, id=13648, stack(0x0000004740900000,0x0000004740a00000)]
  0x00000169a7802a50 JavaThread "C2 CompilerThread0" daemon [_thread_in_native, id=21212, stack(0x0000004740a00000,0x0000004740b00000)]
=>0x00000169a7807390 JavaThread "C1 CompilerThread0" daemon [_thread_in_native, id=17776, stack(0x0000004740b00000,0x0000004740c00000)]
  0x00000169a781c1e0 JavaThread "Sweeper thread" daemon [_thread_blocked, id=18104, stack(0x0000004740c00000,0x0000004740d00000)]
  0x00000169a798dd80 JavaThread "Notification Thread" daemon [_thread_blocked, id=11552, stack(0x0000004740d00000,0x0000004740e00000)]
  0x00000169a798f600 JavaThread "Common-Cleaner" daemon [_thread_blocked, id=23072, stack(0x0000004740f00000,0x0000004741000000)]

Other Threads:
  0x00000169a6ea08a0 VMThread "VM Thread" [stack: 0x0000004740400000,0x0000004740500000] [id=23588]
  0x00000169a7992c20 WatcherThread [stack: 0x0000004740e00000,0x0000004740f00000] [id=9992]
  0x0000016989718140 GCTaskThread "GC Thread#0" [stack: 0x000000473ff00000,0x0000004740000000] [id=16400]
  0x0000016989725570 ConcurrentGCThread "G1 Main Marker" [stack: 0x0000004740000000,0x0000004740100000] [id=23712]
  0x0000016989726060 ConcurrentGCThread "G1 Conc#0" [stack: 0x0000004740100000,0x0000004740200000] [id=3836]
  0x0000016989799470 ConcurrentGCThread "G1 Refine#0" [stack: 0x0000004740200000,0x0000004740300000] [id=21708]
  0x000001698979a710 ConcurrentGCThread "G1 Young RemSet Sampling" [stack: 0x0000004740300000,0x0000004740400000] [id=25080]

Threads with active compile tasks:
C2 CompilerThread0      453  285       4       java.lang.StringLatin1::equals (36 bytes)
C1 CompilerThread0      454  291       3       jdk.internal.org.objectweb.asm.Frame::execute (2305 bytes)

VM state: not at safepoint (normal execution)

VM Mutex/Monitor currently owned by a thread: None

Heap address: 0x00000000a1e00000, size: 1506 MB, Compressed Oops mode: 32-bit
CDS disabled.
Compressed class space mapped at: 0x0000000100000000-0x0000000140000000, size: 1073741824
Narrow klass base: 0x0000000000000000, Narrow klass shift: 3, Narrow klass range: 0x140000000

GC Precious Log:
 CPUs: 8 total, 8 available
 Memory: 6021M
 Large Page Support: Disabled
 NUMA Support: Disabled
 Compressed Oops: Enabled (32-bit)
 Heap Region Size: 1M
 Heap Min Capacity: 8M
 Heap Initial Capacity: 96M
 Heap Max Capacity: 1506M
 Pre-touch: Disabled
 Parallel Workers: 8
 Concurrent Workers: 2
 Concurrent Refinement Workers: 8
 Periodic GC: Disabled

Heap:
 garbage-first heap   total 98304K, used 3072K [0x00000000a1e00000, 0x0000000100000000)
  region size 1024K, 5 young (5120K), 0 survivors (0K)
 Metaspace       used 6599K, capacity 6675K, committed 6784K, reserved 1058816K
  class space    used 550K, capacity 563K, committed 640K, reserved 1048576K

Heap Regions: E=young(eden), S=young(survivor), O=old, HS=humongous(starts), HC=humongous(continues), CS=collection set, F=free, OA=open archive, CA=closed archive, TAMS=top-at-mark-start (previous, next)
|   0|0x00000000a1e00000, 0x00000000a1e00000, 0x00000000a1f00000|  0%| F|  |TAMS 0x00000000a1e00000, 0x00000000a1e00000| Untracked 
|   1|0x00000000a1f00000, 0x00000000a1f00000, 0x00000000a2000000|  0%| F|  |TAMS 0x00000000a1f00000, 0x00000000a1f00000| Untracked 
|   2|0x00000000a2000000, 0x00000000a2000000, 0x00000000a2100000|  0%| F|  |TAMS 0x00000000a2000000, 0x00000000a2000000| Untracked 
|   3|0x00000000a2100000, 0x00000000a2100000, 0x00000000a2200000|  0%| F|  |TAMS 0x00000000a2100000, 0x00000000a2100000| Untracked 
|   4|0x00000000a2200000, 0x00000000a2200000, 0x00000000a2300000|  0%| F|  |TAMS 0x00000000a2200000, 0x00000000a2200000| Untracked 
|   5|0x00000000a2300000, 0x00000000a2300000, 0x00000000a2400000|  0%| F|  |TAMS 0x00000000a2300000, 0x00000000a2300000| Untracked 
|   6|0x00000000a2400000, 0x00000000a2400000, 0x00000000a2500000|  0%| F|  |TAMS 0x00000000a2400000, 0x00000000a2400000| Untracked 
|   7|0x00000000a2500000, 0x00000000a2500000, 0x00000000a2600000|  0%| F|  |TAMS 0x00000000a2500000, 0x00000000a2500000| Untracked 
|   8|0x00000000a2600000, 0x00000000a2600000, 0x00000000a2700000|  0%| F|  |TAMS 0x00000000a2600000, 0x00000000a2600000| Untracked 
|   9|0x00000000a2700000, 0x00000000a2700000, 0x00000000a2800000|  0%| F|  |TAMS 0x00000000a2700000, 0x00000000a2700000| Untracked 
|  10|0x00000000a2800000, 0x00000000a2800000, 0x00000000a2900000|  0%| F|  |TAMS 0x00000000a2800000, 0x00000000a2800000| Untracked 
|  11|0x00000000a2900000, 0x00000000a2900000, 0x00000000a2a00000|  0%| F|  |TAMS 0x00000000a2900000, 0x00000000a2900000| Untracked 
|  12|0x00000000a2a00000, 0x00000000a2a00000, 0x00000000a2b00000|  0%| F|  |TAMS 0x00000000a2a00000, 0x00000000a2a00000| Untracked 
|  13|0x00000000a2b00000, 0x00000000a2b00000, 0x00000000a2c00000|  0%| F|  |TAMS 0x00000000a2b00000, 0x00000000a2b00000| Untracked 
|  14|0x00000000a2c00000, 0x00000000a2c00000, 0x00000000a2d00000|  0%| F|  |TAMS 0x00000000a2c00000, 0x00000000a2c00000| Untracked 
|  15|0x00000000a2d00000, 0x00000000a2d00000, 0x00000000a2e00000|  0%| F|  |TAMS 0x00000000a2d00000, 0x00000000a2d00000| Untracked 
|  16|0x00000000a2e00000, 0x00000000a2e00000, 0x00000000a2f00000|  0%| F|  |TAMS 0x00000000a2e00000, 0x00000000a2e00000| Untracked 
|  17|0x00000000a2f00000, 0x00000000a2f00000, 0x00000000a3000000|  0%| F|  |TAMS 0x00000000a2f00000, 0x00000000a2f00000| Untracked 
|  18|0x00000000a3000000, 0x00000000a3000000, 0x00000000a3100000|  0%| F|  |TAMS 0x00000000a3000000, 0x00000000a3000000| Untracked 
|  19|0x00000000a3100000, 0x00000000a3100000, 0x00000000a3200000|  0%| F|  |TAMS 0x00000000a3100000, 0x00000000a3100000| Untracked 
|  20|0x00000000a3200000, 0x00000000a3200000, 0x00000000a3300000|  0%| F|  |TAMS 0x00000000a3200000, 0x00000000a3200000| Untracked 
|  21|0x00000000a3300000, 0x00000000a3300000, 0x00000000a3400000|  0%| F|  |TAMS 0x00000000a3300000, 0x00000000a3300000| Untracked 
|  22|0x00000000a3400000, 0x00000000a3400000, 0x00000000a3500000|  0%| F|  |TAMS 0x00000000a3400000, 0x00000000a3400000| Untracked 
|  23|0x00000000a3500000, 0x00000000a3500000, 0x00000000a3600000|  0%| F|  |TAMS 0x00000000a3500000, 0x00000000a3500000| Untracked 
|  24|0x00000000a3600000, 0x00000000a3600000, 0x00000000a3700000|  0%| F|  |TAMS 0x00000000a3600000, 0x00000000a3600000| Untracked 
|  25|0x00000000a3700000, 0x00000000a3700000, 0x00000000a3800000|  0%| F|  |TAMS 0x00000000a3700000, 0x00000000a3700000| Untracked 
|  26|0x00000000a3800000, 0x00000000a3800000, 0x00000000a3900000|  0%| F|  |TAMS 0x00000000a3800000, 0x00000000a3800000| Untracked 
|  27|0x00000000a3900000, 0x00000000a3900000, 0x00000000a3a00000|  0%| F|  |TAMS 0x00000000a3900000, 0x00000000a3900000| Untracked 
|  28|0x00000000a3a00000, 0x00000000a3a00000, 0x00000000a3b00000|  0%| F|  |TAMS 0x00000000a3a00000, 0x00000000a3a00000| Untracked 
|  29|0x00000000a3b00000, 0x00000000a3b00000, 0x00000000a3c00000|  0%| F|  |TAMS 0x00000000a3b00000, 0x00000000a3b00000| Untracked 
|  30|0x00000000a3c00000, 0x00000000a3c00000, 0x00000000a3d00000|  0%| F|  |TAMS 0x00000000a3c00000, 0x00000000a3c00000| Untracked 
|  31|0x00000000a3d00000, 0x00000000a3d00000, 0x00000000a3e00000|  0%| F|  |TAMS 0x00000000a3d00000, 0x00000000a3d00000| Untracked 
|  32|0x00000000a3e00000, 0x00000000a3e00000, 0x00000000a3f00000|  0%| F|  |TAMS 0x00000000a3e00000, 0x00000000a3e00000| Untracked 
|  33|0x00000000a3f00000, 0x00000000a3f00000, 0x00000000a4000000|  0%| F|  |TAMS 0x00000000a3f00000, 0x00000000a3f00000| Untracked 
|  34|0x00000000a4000000, 0x00000000a4000000, 0x00000000a4100000|  0%| F|  |TAMS 0x00000000a4000000, 0x00000000a4000000| Untracked 
|  35|0x00000000a4100000, 0x00000000a4100000, 0x00000000a4200000|  0%| F|  |TAMS 0x00000000a4100000, 0x00000000a4100000| Untracked 
|  36|0x00000000a4200000, 0x00000000a4200000, 0x00000000a4300000|  0%| F|  |TAMS 0x00000000a4200000, 0x00000000a4200000| Untracked 
|  37|0x00000000a4300000, 0x00000000a4300000, 0x00000000a4400000|  0%| F|  |TAMS 0x00000000a4300000, 0x00000000a4300000| Untracked 
|  38|0x00000000a4400000, 0x00000000a4400000, 0x00000000a4500000|  0%| F|  |TAMS 0x00000000a4400000, 0x00000000a4400000| Untracked 
|  39|0x00000000a4500000, 0x00000000a4500000, 0x00000000a4600000|  0%| F|  |TAMS 0x00000000a4500000, 0x00000000a4500000| Untracked 
|  40|0x00000000a4600000, 0x00000000a4600000, 0x00000000a4700000|  0%| F|  |TAMS 0x00000000a4600000, 0x00000000a4600000| Untracked 
|  41|0x00000000a4700000, 0x00000000a4700000, 0x00000000a4800000|  0%| F|  |TAMS 0x00000000a4700000, 0x00000000a4700000| Untracked 
|  42|0x00000000a4800000, 0x00000000a4800000, 0x00000000a4900000|  0%| F|  |TAMS 0x00000000a4800000, 0x00000000a4800000| Untracked 
|  43|0x00000000a4900000, 0x00000000a4900000, 0x00000000a4a00000|  0%| F|  |TAMS 0x00000000a4900000, 0x00000000a4900000| Untracked 
|  44|0x00000000a4a00000, 0x00000000a4a00000, 0x00000000a4b00000|  0%| F|  |TAMS 0x00000000a4a00000, 0x00000000a4a00000| Untracked 
|  45|0x00000000a4b00000, 0x00000000a4b00000, 0x00000000a4c00000|  0%| F|  |TAMS 0x00000000a4b00000, 0x00000000a4b00000| Untracked 
|  46|0x00000000a4c00000, 0x00000000a4c00000, 0x00000000a4d00000|  0%| F|  |TAMS 0x00000000a4c00000, 0x00000000a4c00000| Untracked 
|  47|0x00000000a4d00000, 0x00000000a4d00000, 0x00000000a4e00000|  0%| F|  |TAMS 0x00000000a4d00000, 0x00000000a4d00000| Untracked 
|  48|0x00000000a4e00000, 0x00000000a4e00000, 0x00000000a4f00000|  0%| F|  |TAMS 0x00000000a4e00000, 0x00000000a4e00000| Untracked 
|  49|0x00000000a4f00000, 0x00000000a4f00000, 0x00000000a5000000|  0%| F|  |TAMS 0x00000000a4f00000, 0x00000000a4f00000| Untracked 
|  50|0x00000000a5000000, 0x00000000a5000000, 0x00000000a5100000|  0%| F|  |TAMS 0x00000000a5000000, 0x00000000a5000000| Untracked 
|  51|0x00000000a5100000, 0x00000000a5100000, 0x00000000a5200000|  0%| F|  |TAMS 0x00000000a5100000, 0x00000000a5100000| Untracked 
|  52|0x00000000a5200000, 0x00000000a5200000, 0x00000000a5300000|  0%| F|  |TAMS 0x00000000a5200000, 0x00000000a5200000| Untracked 
|  53|0x00000000a5300000, 0x00000000a5300000, 0x00000000a5400000|  0%| F|  |TAMS 0x00000000a5300000, 0x00000000a5300000| Untracked 
|  54|0x00000000a5400000, 0x00000000a5400000, 0x00000000a5500000|  0%| F|  |TAMS 0x00000000a5400000, 0x00000000a5400000| Untracked 
|  55|0x00000000a5500000, 0x00000000a5500000, 0x00000000a5600000|  0%| F|  |TAMS 0x00000000a5500000, 0x00000000a5500000| Untracked 
|  56|0x00000000a5600000, 0x00000000a5600000, 0x00000000a5700000|  0%| F|  |TAMS 0x00000000a5600000, 0x00000000a5600000| Untracked 
|  57|0x00000000a5700000, 0x00000000a5700000, 0x00000000a5800000|  0%| F|  |TAMS 0x00000000a5700000, 0x00000000a5700000| Untracked 
|  58|0x00000000a5800000, 0x00000000a5800000, 0x00000000a5900000|  0%| F|  |TAMS 0x00000000a5800000, 0x00000000a5800000| Untracked 
|  59|0x00000000a5900000, 0x00000000a5900000, 0x00000000a5a00000|  0%| F|  |TAMS 0x00000000a5900000, 0x00000000a5900000| Untracked 
|  60|0x00000000a5a00000, 0x00000000a5a00000, 0x00000000a5b00000|  0%| F|  |TAMS 0x00000000a5a00000, 0x00000000a5a00000| Untracked 
|  61|0x00000000a5b00000, 0x00000000a5b00000, 0x00000000a5c00000|  0%| F|  |TAMS 0x00000000a5b00000, 0x00000000a5b00000| Untracked 
|  62|0x00000000a5c00000, 0x00000000a5c00000, 0x00000000a5d00000|  0%| F|  |TAMS 0x00000000a5c00000, 0x00000000a5c00000| Untracked 
|  63|0x00000000a5d00000, 0x00000000a5d00000, 0x00000000a5e00000|  0%| F|  |TAMS 0x00000000a5d00000, 0x00000000a5d00000| Untracked 
|  64|0x00000000a5e00000, 0x00000000a5e00000, 0x00000000a5f00000|  0%| F|  |TAMS 0x00000000a5e00000, 0x00000000a5e00000| Untracked 
|  65|0x00000000a5f00000, 0x00000000a5f00000, 0x00000000a6000000|  0%| F|  |TAMS 0x00000000a5f00000, 0x00000000a5f00000| Untracked 
|  66|0x00000000a6000000, 0x00000000a6000000, 0x00000000a6100000|  0%| F|  |TAMS 0x00000000a6000000, 0x00000000a6000000| Untracked 
|  67|0x00000000a6100000, 0x00000000a6100000, 0x00000000a6200000|  0%| F|  |TAMS 0x00000000a6100000, 0x00000000a6100000| Untracked 
|  68|0x00000000a6200000, 0x00000000a6200000, 0x00000000a6300000|  0%| F|  |TAMS 0x00000000a6200000, 0x00000000a6200000| Untracked 
|  69|0x00000000a6300000, 0x00000000a6300000, 0x00000000a6400000|  0%| F|  |TAMS 0x00000000a6300000, 0x00000000a6300000| Untracked 
|  70|0x00000000a6400000, 0x00000000a6400000, 0x00000000a6500000|  0%| F|  |TAMS 0x00000000a6400000, 0x00000000a6400000| Untracked 
|  71|0x00000000a6500000, 0x00000000a6500000, 0x00000000a6600000|  0%| F|  |TAMS 0x00000000a6500000, 0x00000000a6500000| Untracked 
|  72|0x00000000a6600000, 0x00000000a6600000, 0x00000000a6700000|  0%| F|  |TAMS 0x00000000a6600000, 0x00000000a6600000| Untracked 
|  73|0x00000000a6700000, 0x00000000a6700000, 0x00000000a6800000|  0%| F|  |TAMS 0x00000000a6700000, 0x00000000a6700000| Untracked 
|  74|0x00000000a6800000, 0x00000000a6800000, 0x00000000a6900000|  0%| F|  |TAMS 0x00000000a6800000, 0x00000000a6800000| Untracked 
|  75|0x00000000a6900000, 0x00000000a6900000, 0x00000000a6a00000|  0%| F|  |TAMS 0x00000000a6900000, 0x00000000a6900000| Untracked 
|  76|0x00000000a6a00000, 0x00000000a6a00000, 0x00000000a6b00000|  0%| F|  |TAMS 0x00000000a6a00000, 0x00000000a6a00000| Untracked 
|  77|0x00000000a6b00000, 0x00000000a6b00000, 0x00000000a6c00000|  0%| F|  |TAMS 0x00000000a6b00000, 0x00000000a6b00000| Untracked 
|  78|0x00000000a6c00000, 0x00000000a6c00000, 0x00000000a6d00000|  0%| F|  |TAMS 0x00000000a6c00000, 0x00000000a6c00000| Untracked 
|  79|0x00000000a6d00000, 0x00000000a6d00000, 0x00000000a6e00000|  0%| F|  |TAMS 0x00000000a6d00000, 0x00000000a6d00000| Untracked 
|  80|0x00000000a6e00000, 0x00000000a6e00000, 0x00000000a6f00000|  0%| F|  |TAMS 0x00000000a6e00000, 0x00000000a6e00000| Untracked 
|  81|0x00000000a6f00000, 0x00000000a6f00000, 0x00000000a7000000|  0%| F|  |TAMS 0x00000000a6f00000, 0x00000000a6f00000| Untracked 
|  82|0x00000000a7000000, 0x00000000a7000000, 0x00000000a7100000|  0%| F|  |TAMS 0x00000000a7000000, 0x00000000a7000000| Untracked 
|  83|0x00000000a7100000, 0x00000000a7100000, 0x00000000a7200000|  0%| F|  |TAMS 0x00000000a7100000, 0x00000000a7100000| Untracked 
|  84|0x00000000a7200000, 0x00000000a7200000, 0x00000000a7300000|  0%| F|  |TAMS 0x00000000a7200000, 0x00000000a7200000| Untracked 
|  85|0x00000000a7300000, 0x00000000a7300000, 0x00000000a7400000|  0%| F|  |TAMS 0x00000000a7300000, 0x00000000a7300000| Untracked 
|  86|0x00000000a7400000, 0x00000000a7400000, 0x00000000a7500000|  0%| F|  |TAMS 0x00000000a7400000, 0x00000000a7400000| Untracked 
|  87|0x00000000a7500000, 0x00000000a7500000, 0x00000000a7600000|  0%| F|  |TAMS 0x00000000a7500000, 0x00000000a7500000| Untracked 
|  88|0x00000000a7600000, 0x00000000a7600000, 0x00000000a7700000|  0%| F|  |TAMS 0x00000000a7600000, 0x00000000a7600000| Untracked 
|  89|0x00000000a7700000, 0x00000000a7700000, 0x00000000a7800000|  0%| F|  |TAMS 0x00000000a7700000, 0x00000000a7700000| Untracked 
|  90|0x00000000a7800000, 0x00000000a7800000, 0x00000000a7900000|  0%| F|  |TAMS 0x00000000a7800000, 0x00000000a7800000| Untracked 
|  91|0x00000000a7900000, 0x00000000a7976810, 0x00000000a7a00000| 46%| E|CS|TAMS 0x00000000a7900000, 0x00000000a7900000| Complete 
|  92|0x00000000a7a00000, 0x00000000a7b00000, 0x00000000a7b00000|100%| E|CS|TAMS 0x00000000a7a00000, 0x00000000a7a00000| Complete 
|  93|0x00000000a7b00000, 0x00000000a7c00000, 0x00000000a7c00000|100%| E|CS|TAMS 0x00000000a7b00000, 0x00000000a7b00000| Complete 
|  94|0x00000000a7c00000, 0x00000000a7d00000, 0x00000000a7d00000|100%| E|CS|TAMS 0x00000000a7c00000, 0x00000000a7c00000| Complete 
|  95|0x00000000a7d00000, 0x00000000a7e00000, 0x00000000a7e00000|100%| E|CS|TAMS 0x00000000a7d00000, 0x00000000a7d00000| Complete 

Card table byte_map: [0x00000169a0f40000,0x00000169a1240000] _byte_map_base: 0x00000169a0a31000

Marking Bits (Prev, Next): (CMBitMap*) 0x0000016989718830, (CMBitMap*) 0x0000016989718870
 Prev Bits: [0x00000169a1540000, 0x00000169a2cc8000)
 Next Bits: [0x00000169a2cd0000, 0x00000169a4458000)

Polling page: 0x00000169876c0000

Metaspace:

Usage:
  Non-class:      5.97 MB capacity,     5.93 MB (>99%) used,    34.31 KB ( <1%) free+waste,     2.69 KB ( <1%) overhead. 
      Class:    563.00 KB capacity,   554.38 KB ( 98%) used,     7.55 KB (  1%) free+waste,     1.06 KB ( <1%) overhead. 
       Both:      6.52 MB capacity,     6.47 MB (>99%) used,    41.87 KB ( <1%) free+waste,     3.75 KB ( <1%) overhead. 

Virtual space:
  Non-class space:       16.00 MB reserved,       6.00 MB ( 38%) committed 
      Class space:        1.00 GB reserved,     640.00 KB ( <1%) committed 
             Both:        1.02 GB reserved,       6.62 MB ( <1%) committed 

Chunk freelists:
   Non-Class:  32.00 KB
       Class:  13.00 KB
        Both:  45.00 KB

MaxMetaspaceSize: 17179869184.00 GB
CompressedClassSpaceSize: 1.00 GB

CodeHeap 'non-profiled nmethods': size=120000Kb used=83Kb max_used=83Kb free=119916Kb
 bounds [0x00000169993e0000, 0x0000016999650000, 0x00000169a0910000]
CodeHeap 'profiled nmethods': size=120000Kb used=372Kb max_used=372Kb free=119627Kb
 bounds [0x0000016991eb0000, 0x0000016992120000, 0x00000169993e0000]
CodeHeap 'non-nmethods': size=5760Kb used=1110Kb max_used=1123Kb free=4649Kb
 bounds [0x0000016991910000, 0x0000016991b80000, 0x0000016991eb0000]
 total_blobs=640 nmethods=289 adapters=264
 compilation: enabled
              stopped_count=0, restarted_count=0
 full_count=0

Compilation events (20 events):
Event: 0.408 Thread 0x00000169a7807390  281       3       java.lang.invoke.MethodType$ConcurrentWeakInternSet::expungeStaleElements (27 bytes)
Event: 0.408 Thread 0x00000169a7802a50  283       4       java.lang.String::indexOf (29 bytes)
Event: 0.409 Thread 0x00000169a7807390 nmethod 281 0x0000016991f09c10 code [0x0000016991f09e00, 0x0000016991f0a2f8]
Event: 0.409 Thread 0x00000169a7807390  282       3       jdk.internal.org.objectweb.asm.ByteVector::putUTF8 (144 bytes)
Event: 0.410 Thread 0x00000169a7807390 nmethod 282 0x0000016991f0a510 code [0x0000016991f0a780, 0x0000016991f0b268]
Event: 0.410 Thread 0x00000169a7807390  286       3       jdk.internal.org.objectweb.asm.ByteVector::putShort (52 bytes)
Event: 0.410 Thread 0x00000169a7807390 nmethod 286 0x0000016991f0b790 code [0x0000016991f0b940, 0x0000016991f0bb48]
Event: 0.410 Thread 0x00000169a7807390  284       3       jdk.internal.org.objectweb.asm.Symbol::<init> (38 bytes)
Event: 0.410 Thread 0x00000169a7807390 nmethod 284 0x0000016991f0bc90 code [0x0000016991f0be40, 0x0000016991f0c0d8]
Event: 0.410 Thread 0x00000169a7807390  287       1       java.lang.reflect.Method::getName (5 bytes)
Event: 0.411 Thread 0x00000169a7807390 nmethod 287 0x00000169993f4290 code [0x00000169993f4420, 0x00000169993f44d8]
Event: 0.411 Thread 0x00000169a7807390  288       1       java.lang.reflect.Method::getReturnType (5 bytes)
Event: 0.411 Thread 0x00000169a7807390 nmethod 288 0x00000169993f4590 code [0x00000169993f4720, 0x00000169993f47d8]
Event: 0.411 Thread 0x00000169a7807390  289       3       jdk.internal.org.objectweb.asm.SymbolTable::addConstantUtf8 (98 bytes)
Event: 0.412 Thread 0x00000169a7807390 nmethod 289 0x0000016991f0c190 code [0x0000016991f0c3a0, 0x0000016991f0c958]
Event: 0.412 Thread 0x00000169a7807390  290       3       jdk.internal.org.objectweb.asm.SymbolTable$Entry::<init> (17 bytes)
Event: 0.412 Thread 0x00000169a7807390 nmethod 290 0x0000016991f0cc90 code [0x0000016991f0ce40, 0x0000016991f0cfa8]
Event: 0.412 Thread 0x00000169a7807390  291       3       jdk.internal.org.objectweb.asm.Frame::execute (2305 bytes)
Event: 0.413 Thread 0x00000169a7802a50 nmethod 283 0x00000169993f4890 code [0x00000169993f4a20, 0x00000169993f4c98]
Event: 0.413 Thread 0x00000169a7802a50  285       4       java.lang.StringLatin1::equals (36 bytes)

GC Heap History (0 events):
No events

Deoptimization events (16 events):
Event: 0.191 Thread 0x00000169896daa50 Uncommon trap: trap_request=0xffffff45 fr.pc=0x00000169993e4730 relative=0x0000000000000210
Event: 0.191 Thread 0x00000169896daa50 Uncommon trap: reason=unstable_if action=reinterpret pc=0x00000169993e4730 method=java.lang.String.hashCode()I @ 42 c2
Event: 0.191 Thread 0x00000169896daa50 DEOPT PACKING pc=0x00000169993e4730 sp=0x000000473fefe320
Event: 0.191 Thread 0x00000169896daa50 DEOPT UNPACKING pc=0x000001699195e42f sp=0x000000473fefe2b8 mode 2
Event: 0.196 Thread 0x00000169896daa50 Uncommon trap: trap_request=0xffffff45 fr.pc=0x00000169993e1390 relative=0x0000000000000070
Event: 0.196 Thread 0x00000169896daa50 Uncommon trap: reason=unstable_if action=reinterpret pc=0x00000169993e1390 method=java.lang.String.isLatin1()Z @ 10 c2
Event: 0.196 Thread 0x00000169896daa50 DEOPT PACKING pc=0x00000169993e1390 sp=0x000000473fefeee0
Event: 0.196 Thread 0x00000169896daa50 DEOPT UNPACKING pc=0x000001699195e42f sp=0x000000473fefee20 mode 2
Event: 0.247 Thread 0x00000169896daa50 DEOPT PACKING pc=0x0000016991ecfec6 sp=0x000000473fefa540
Event: 0.247 Thread 0x00000169896daa50 DEOPT UNPACKING pc=0x000001699195e23f sp=0x000000473fef9a60 mode 0
Event: 0.247 Thread 0x00000169896daa50 DEOPT PACKING pc=0x0000016991ecfec6 sp=0x000000473fefa540
Event: 0.247 Thread 0x00000169896daa50 DEOPT UNPACKING pc=0x000001699195e23f sp=0x000000473fef9a60 mode 0
Event: 0.248 Thread 0x00000169896daa50 DEOPT PACKING pc=0x0000016991ecfec6 sp=0x000000473fefa540
Event: 0.248 Thread 0x00000169896daa50 DEOPT UNPACKING pc=0x000001699195e23f sp=0x000000473fef9a60 mode 0
Event: 0.249 Thread 0x00000169896daa50 DEOPT PACKING pc=0x0000016991ecfec6 sp=0x000000473fefa540
Event: 0.249 Thread 0x00000169896daa50 DEOPT UNPACKING pc=0x000001699195e23f sp=0x000000473fef9a60 mode 0

Classes unloaded (0 events):
No events

Classes redefined (0 events):
No events

Internal exceptions (0 events):
No events

Events (20 events):
Event: 0.404 loading class java/lang/reflect/ProxyGenerator$ProxyMethod
Event: 0.404 loading class java/lang/reflect/ProxyGenerator$ProxyMethod done
Event: 0.404 loading class java/lang/InterruptedException
Event: 0.404 loading class java/lang/InterruptedException done
Event: 0.404 loading class java/util/StringJoiner
Event: 0.404 loading class java/util/StringJoiner done
Event: 0.407 loading class java/lang/reflect/ProxyGenerator$PrimitiveTypeInfo
Event: 0.407 loading class java/lang/reflect/ProxyGenerator$PrimitiveTypeInfo done
Event: 0.407 loading class jdk/internal/org/objectweb/asm/Edge
Event: 0.408 loading class jdk/internal/org/objectweb/asm/Edge done
Event: 0.409 loading class java/lang/reflect/Proxy$ProxyBuilder$1
Event: 0.409 loading class java/lang/reflect/Proxy$ProxyBuilder$1 done
Event: 0.410 loading class java/lang/annotation/Target
Event: 0.410 loading class java/lang/annotation/Target done
Event: 0.415 loading class java/lang/NoSuchMethodError
Event: 0.416 loading class java/lang/IncompatibleClassChangeError
Event: 0.416 loading class java/lang/IncompatibleClassChangeError done
Event: 0.416 loading class java/lang/NoSuchMethodError done
Event: 0.416 loading class java/lang/reflect/UndeclaredThrowableException
Event: 0.416 loading class java/lang/reflect/UndeclaredThrowableException done


Dynamic libraries:
0x00007ff654200000 - 0x00007ff65420f000 	C:\Program Files\Java\jdk-15.0.1\bin\javaw.exe
0x00007ff952330000 - 0x00007ff952526000 	C:\WINDOWS\SYSTEM32\ntdll.dll
0x00007ff9516e0000 - 0x00007ff95179d000 	C:\WINDOWS\System32\KERNEL32.DLL
0x00007ff9500c0000 - 0x00007ff950388000 	C:\WINDOWS\System32\KERNELBASE.dll
0x00007ff94ffc0000 - 0x00007ff9500c0000 	C:\WINDOWS\System32\ucrtbase.dll
0x00007ff94a180000 - 0x00007ff94a198000 	C:\Program Files\Java\jdk-15.0.1\bin\jli.dll
0x00007ff950f20000 - 0x00007ff950fcc000 	C:\WINDOWS\System32\ADVAPI32.dll
0x00007ff950e80000 - 0x00007ff950f1e000 	C:\WINDOWS\System32\msvcrt.dll
0x00007ff952250000 - 0x00007ff9522eb000 	C:\WINDOWS\System32\sechost.dll
0x00007ff951ca0000 - 0x00007ff951dc4000 	C:\WINDOWS\System32\RPCRT4.dll
0x00007ff951f00000 - 0x00007ff9520a0000 	C:\WINDOWS\System32\USER32.dll
0x00007ff94fdc0000 - 0x00007ff94fde2000 	C:\WINDOWS\System32\win32u.dll
0x00007ff94cae0000 - 0x00007ff94caf9000 	C:\Program Files\Java\jdk-15.0.1\bin\VCRUNTIME140.dll
0x00007ff93a330000 - 0x00007ff93a5cb000 	C:\WINDOWS\WinSxS\amd64_microsoft.windows.common-controls_6595b64144ccf1df_6.0.19041.488_none_ca04af081b815d21\COMCTL32.dll
0x00007ff950470000 - 0x00007ff95049a000 	C:\WINDOWS\System32\GDI32.dll
0x00007ff94fcb0000 - 0x00007ff94fdb9000 	C:\WINDOWS\System32\gdi32full.dll
0x00007ff94fe70000 - 0x00007ff94ff0d000 	C:\WINDOWS\System32\msvcp_win.dll
0x00007ff947090000 - 0x00007ff94709a000 	C:\WINDOWS\SYSTEM32\VERSION.dll
0x00007ff951c70000 - 0x00007ff951ca0000 	C:\WINDOWS\System32\IMM32.DLL
0x00007ff94ce30000 - 0x00007ff94ce3c000 	C:\Program Files\Java\jdk-15.0.1\bin\vcruntime140_1.dll
0x00007ff938cd0000 - 0x00007ff938d61000 	C:\Program Files\Java\jdk-15.0.1\bin\msvcp140.dll
0x00007ff8e40c0000 - 0x00007ff8e4c1e000 	C:\Program Files\Java\jdk-15.0.1\bin\server\jvm.dll
0x00007ff9520a0000 - 0x00007ff9520a8000 	C:\WINDOWS\System32\PSAPI.DLL
0x00007ff94cf20000 - 0x00007ff94cf29000 	C:\WINDOWS\SYSTEM32\WSOCK32.dll
0x00007ff944810000 - 0x00007ff944837000 	C:\WINDOWS\SYSTEM32\WINMM.dll
0x00007ff9520b0000 - 0x00007ff95211b000 	C:\WINDOWS\System32\WS2_32.dll
0x00007ff94e330000 - 0x00007ff94e342000 	C:\WINDOWS\SYSTEM32\kernel.appcore.dll
0x00007ff94cf10000 - 0x00007ff94cf1a000 	C:\Program Files\Java\jdk-15.0.1\bin\jimage.dll
0x00007ff94e110000 - 0x00007ff94e2f4000 	C:\WINDOWS\SYSTEM32\DBGHELP.DLL
0x00007ff937600000 - 0x00007ff93762c000 	C:\WINDOWS\SYSTEM32\dbgcore.DLL
0x00007ff94fdf0000 - 0x00007ff94fe6f000 	C:\WINDOWS\System32\bcryptPrimitives.dll
0x00007ff94a7b0000 - 0x00007ff94a7d5000 	C:\Program Files\Java\jdk-15.0.1\bin\java.dll
0x00007ff9504a0000 - 0x00007ff950be1000 	C:\WINDOWS\System32\SHELL32.dll
0x00007ff94d810000 - 0x00007ff94dfa5000 	C:\WINDOWS\SYSTEM32\windows.storage.dll
0x00007ff951210000 - 0x00007ff951565000 	C:\WINDOWS\System32\combase.dll
0x00007ff94f4e0000 - 0x00007ff94f50c000 	C:\WINDOWS\SYSTEM32\Wldp.dll
0x00007ff951570000 - 0x00007ff95161e000 	C:\WINDOWS\System32\SHCORE.dll
0x00007ff951080000 - 0x00007ff9510d5000 	C:\WINDOWS\System32\shlwapi.dll
0x00007ff94f9a0000 - 0x00007ff94f9c6000 	C:\WINDOWS\SYSTEM32\profapi.dll
0x00007ff94caa0000 - 0x00007ff94cab9000 	C:\Program Files\Java\jdk-15.0.1\bin\net.dll
0x00007ff93e410000 - 0x00007ff93e510000 	C:\WINDOWS\SYSTEM32\WINHTTP.dll
0x00007ff94f260000 - 0x00007ff94f2ca000 	C:\WINDOWS\system32\mswsock.dll
0x00007ff94c9a0000 - 0x00007ff94c9b2000 	C:\Program Files\Java\jdk-15.0.1\bin\nio.dll
0x00007ff94a780000 - 0x00007ff94a798000 	C:\Program Files\Java\jdk-15.0.1\bin\zip.dll

dbghelp: loaded successfully - version: 4.0.5 - missing functions: none
symbol engine: initialized successfully - sym options: 0x614 - pdb path: .;C:\Program Files\Java\jdk-15.0.1\bin;C:\WINDOWS\SYSTEM32;C:\WINDOWS\WinSxS\amd64_microsoft.windows.common-controls_6595b64144ccf1df_6.0.19041.488_none_ca04af081b815d21;C:\Program Files\Java\jdk-15.0.1\bin\server

VM Arguments:
jvm_args: -ea -Dfile.encoding=Cp1252 -XX:+ShowCodeDetailsInExceptionMessages 
java_command: org.testng.remote.RemoteTestNG -serport 59526 -protocol json -d C:\Users\121as\eclipse-workspacess\AppiumDemoProject\test-output C:\Users\121as\AppData\Local\Temp\testng-eclipse-1008307248\testng-customsuite.xml
java_class_path (initial): C:\Users\121as\eclipse\jee-2020-09\eclipse\configuration\org.eclipse.osgi\946\0\.cp\lib\testng-remote.jar;C:\Users\121as\eclipse-workspacess\AppiumDemoProject\target\test-classes;C:\Users\121as\eclipse-workspacess\AppiumDemoProject\target\classes;C:\Users\121as\Downloads\java-client-7.4.1.jar;C:\Users\121as\.m2\repository\io\appium\java-client\7.4.1\java-client-7.4.1.jar;C:\Users\121as\.m2\repository\org\seleniumhq\selenium\selenium-support\3.141.59\selenium-support-3.141.59.jar;C:\Users\121as\.m2\repository\org\seleniumhq\selenium\selenium-api\3.141.59\selenium-api-3.141.59.jar;C:\Users\121as\.m2\repository\com\google\code\gson\gson\2.8.6\gson-2.8.6.jar;C:\Users\121as\.m2\repository\org\apache\httpcomponents\httpclient\4.5.13\httpclient-4.5.13.jar;C:\Users\121as\.m2\repository\org\apache\httpcomponents\httpcore\4.4.13\httpcore-4.4.13.jar;C:\Users\121as\.m2\repository\commons-logging\commons-logging\1.2\commons-logging-1.2.jar;C:\Users\121as\.m2\repository\commons-codec\commons-codec\1.11\commons-codec-1.11.jar;C:\Users\121as\.m2\repository\cglib\cglib\3.3.0\cglib-3.3.0.jar;C:\Users\121as\.m2\repository\org\ow2\asm\asm\7.1\asm-7.1.jar;C:\Users\121as\.m2\repository\commons-validator\commons-validator\1.7\commons-validator-1.7.jar;C:\Users\121as\.m2\repository\commons-beanutils\commons-beanutils\1.9.4\commons-beanutils-1.9.4.jar;C:\Users\121as\.m2\repository\commons-digester\commons-digester\2.1\commons-digester-2.1.jar;C:\Users\121as\.m2\repository\commons-collections\commons-collections\3.2.2\commons-collections-3.2.2.jar;C:\Users\121as\.m2\repository\org\apache\commons\commons-lang3\3.11\commons-lang3-3.11.jar;C:\Users\121as\.m2\repository\commons-io\commons-io\2.8.0\commons-io-2.8.0.jar;C:\Users\121as\.m2\repository\org\springframework\spring-context\5.3.1\spring-context-5.3.1.jar;C:\Users\121as\.m2\repository\org\springframework\spring-aop\5.3.1\spring-aop-5.3.1.jar;C:\Users\121as\.m2\repository\org\springframework\spring-beans\5.3.1\
Launcher Type: SUN_STANDARD

[Global flags]
     intx CICompilerCount                          = 4                                         {product} {ergonomic}
     uint ConcGCThreads                            = 2                                         {product} {ergonomic}
     uint G1ConcRefinementThreads                  = 8                                         {product} {ergonomic}
   size_t G1HeapRegionSize                         = 1048576                                   {product} {ergonomic}
    uintx GCDrainStackTargetSize                   = 64                                        {product} {ergonomic}
   size_t InitialHeapSize                          = 100663296                                 {product} {ergonomic}
   size_t MarkStackSize                            = 4194304                                   {product} {ergonomic}
   size_t MaxHeapSize                              = 1579155456                                {product} {ergonomic}
   size_t MaxNewSize                               = 946864128                                 {product} {ergonomic}
   size_t MinHeapDeltaBytes                        = 1048576                                   {product} {ergonomic}
   size_t MinHeapSize                              = 8388608                                   {product} {ergonomic}
    uintx NonNMethodCodeHeapSize                   = 5839372                                {pd product} {ergonomic}
    uintx NonProfiledCodeHeapSize                  = 122909434                              {pd product} {ergonomic}
    uintx ProfiledCodeHeapSize                     = 122909434                              {pd product} {ergonomic}
    uintx ReservedCodeCacheSize                    = 251658240                              {pd product} {ergonomic}
     bool SegmentedCodeCache                       = true                                      {product} {ergonomic}
     bool ShowCodeDetailsInExceptionMessages       = true                                   {manageable} {command line}
   size_t SoftMaxHeapSize                          = 1579155456                             {manageable} {ergonomic}
     bool UseCompressedClassPointers               = true                                 {lp64_product} {ergonomic}
     bool UseCompressedOops                        = true                                 {lp64_product} {ergonomic}
     bool UseG1GC                                  = true                                      {product} {ergonomic}
     bool UseLargePagesIndividualAllocation        = false                                  {pd product} {ergonomic}

Logging:
Log output configuration:
 #0: stdout all=warning uptime,level,tags
 #1: stderr all=off uptime,level,tags

Environment Variables:
JAVA_HOME=C:\Program Files\Java\jdk1.8.0_271
CLASSPATH=C:\Program Files\Java\jdk-15.0.1\lib\*.jar
PATH=C:/Program Files/Java/jdk-15.0.1/bin/server;C:/Program Files/Java/jdk-15.0.1/bin;C:\Program Files (x86)\Common Files\Oracle\Java\javapath;C:\Program Files\Common Files\Oracle\Java\javapath;C:\windows\system32;C:\windows;C:\windows\System32\Wbem;C:\windows\System32\WindowsPowerShell\v1.0\;C:\windows\System32\OpenSSH\;C:\Program Files (x86)\NVIDIA Corporation\PhysX\Common;C:\Program Files\NVIDIA Corporation\NVIDIA NvDLISR;C:\Program Files\Microsoft SQL Server\130\Tools\Binn\;C:\Program Files\Microsoft SQL Server\Client SDK\ODBC\170\Tools\Binn\;C:\Program Files\dotnet\;C:\Program Files (x86)\Microsoft SQL Server\150\DTS\Binn\;C:\Program Files (x86)\Microsoft SQL Server\150\Tools\Binn\;C:\Program Files\Microsoft SQL Server\150\Tools\Binn\;C:\Program Files\Microsoft SQL Server\150\DTS\Binn\;C:\Program Files\nodejs\;C:\WINDOWS\system32;C:\WINDOWS;C:\WINDOWS\System32\Wbem;C:\WINDOWS\System32\WindowsPowerShell\v1.0\;C:\WINDOWS\System32\OpenSSH\;C:\Program Files\Git\cmd;C:\Program Files\Java\jdk-14.0.2\bin;C:\Users\121as\AppData\Local\Android\Sdk\tools;C:\Users\121as\AppData\Local\Android\Sdk\platform-tools;C:\Users\121as\AppData\Local\Android\Sdk\platforms;C:\Users\121as\AppData\Local\Android\Sdk\platform-tools;C:\Users\121as\AppData\Local\Android\Sdk\tools\bin;C:\Users\121as\AppData\Local\Android\Sdk\tools;C:\Program Files\nodejs\node_modules\npm\bin;C:\Program Files\Java\jdk1.8.0_271\bin;C:\Users\121as\AppData\Local\Microsoft\WindowsApps;C:\Users\121as\.dotnet\tools;C:\Users\121as\AppData\Roaming\npm;C:\Users\121as\AppData\Local\Programs\Microsoft VS Code\bin;C:\Program Files\PyCharm 2020.2.3\bin;;C:\Program Files\Python\Scripts;C:\Program Files\Python;;C:\Users\121as\OneDrive\Desktop;
USERNAME=121as
OS=Windows_NT
PROCESSOR_IDENTIFIER=AMD64 Family 23 Model 24 Stepping 1, AuthenticAMD



---------------  S Y S T E M  ---------------

OS:
 Windows 10 , 64 bit Build 19041 (10.0.19041.546)
OS uptime: 0 days 22:09 hours

CPU: total 8 (initial active 8) (8 cores per cpu, 2 threads per core) family 23 model 24 stepping 1 microcode 0x0, cmov, cx8, fxsr, mmx, sse, sse2, sse3, ssse3, sse4.1, sse4.2, popcnt, vzeroupper, avx, avx2, aes, clmul, 3dnowpref, lzcnt, sse4a, ht, tsc, tscinvbit, tscinv, bmi1, bmi2, adx, sha, fma, clflush, clflushopt

Memory: 4k page, system-wide physical 6021M (306M free)
TotalPageFile size 14021M (AvailPageFile size 0M)
current process WorkingSet (physical memory assigned to process): 40M, peak: 40M
current process commit charge ("private bytes"): 176M, peak: 177M

vm_info: Java HotSpot(TM) 64-Bit Server VM (15.0.1+9-18) for windows-amd64 JRE (15.0.1+9-18), built on Sep 15 2020 14:43:54 by "mach5one" with unknown MS VC++:1925

END.
