#
# There is insufficient memory for the Java Runtime Environment to continue.
# Native memory allocation (malloc) failed to allocate 32744 bytes for ChunkPool::allocate
# Possible reasons:
#   The system is out of physical RAM or swap space
#   The process is running with CompressedOops enabled, and the Java Heap may be blocking the growth of the native heap
# Possible solutions:
#   Reduce memory load on the system
#   Increase physical memory or swap space
#   Check if swap backing store is full
#   Decrease Java heap size (-Xmx/-Xms)
#   Decrease number of Java threads
#   Decrease Java thread stack sizes (-Xss)
#   Set larger code cache with -XX:ReservedCodeCacheSize=
#   JVM is running with Unscaled Compressed Oops mode in which the Java heap is
#     placed in the first 4GB address space. The Java Heap base address is the
#     maximum limit for the native heap growth. Please use -XX:HeapBaseMinAddress
#     to set the Java Heap base and to place the Java Heap above 4GB virtual address.
# This output file may be truncated or incomplete.
#
#  Out of Memory Error (./open/src/hotspot/share/memory/arena.cpp:79), pid=2932, tid=18716
#
# JRE version: Java(TM) SE Runtime Environment (15.0.1+9) (build 15.0.1+9-18)
# Java VM: Java HotSpot(TM) 64-Bit Server VM (15.0.1+9-18, mixed mode, sharing, tiered, compressed oops, g1 gc, windows-amd64)
# No core dump will be written. Minidumps are not enabled by default on client versions of Windows
#

---------------  S U M M A R Y ------------

Command Line: -ea -Dfile.encoding=Cp1252 -XX:+ShowCodeDetailsInExceptionMessages org.testng.remote.RemoteTestNG -serport 59946 -protocol json -d C:\Users\121as\eclipse-workspacess\AppiumDemoProject\test-output C:\Users\121as\AppData\Local\Temp\testng-eclipse-1335336310\testng-customsuite.xml

Host: AMD Ryzen 5 3550H with Radeon Vega Mobile Gfx  , 8 cores, 5G,  Windows 10 , 64 bit Build 19041 (10.0.19041.546)
Time: Thu Dec 10 20:31:12 2020 India Standard Time elapsed time: 16.532074 seconds (0d 0h 0m 16s)

---------------  T H R E A D  ---------------

Current thread (0x0000013c7b3604d0):  JavaThread "C1 CompilerThread0" daemon [_thread_in_native, id=18716, stack(0x0000000101300000,0x0000000101400000)]


Current CompileTask:
C1:  16532 1917       3       java.text.DecimalFormatSymbols::findNonFormatChar (25 bytes)

Stack: [0x0000000101300000,0x0000000101400000]
Native frames: (J=compiled Java code, j=interpreted, Vv=VM code, C=native code)
V  [jvm.dll+0x62ae9a]
V  [jvm.dll+0x781389]
V  [jvm.dll+0x782ae3]
V  [jvm.dll+0x783143]
V  [jvm.dll+0x216265]
V  [jvm.dll+0x9828f]
V  [jvm.dll+0x985dc]
V  [jvm.dll+0x159997]
V  [jvm.dll+0x156414]
V  [jvm.dll+0x10ffc5]
V  [jvm.dll+0x10f87f]
V  [jvm.dll+0x10fab4]
V  [jvm.dll+0x10edf2]
V  [jvm.dll+0x110c8c]
V  [jvm.dll+0x1f9165]
V  [jvm.dll+0x1f720c]
V  [jvm.dll+0x74485d]
V  [jvm.dll+0x73d65a]
V  [jvm.dll+0x629c56]
C  [ucrtbase.dll+0x214c2]
C  [KERNEL32.DLL+0x17034]
C  [ntdll.dll+0x4cec1]


---------------  P R O C E S S  ---------------

Threads class SMR info:
_java_thread_list=0x0000013c7cc6c0d0, length=17, elements={
0x0000013c5db9fe30, 0x0000013c7b3329a0, 0x0000013c7b333570, 0x0000013c7b34eb00,
0x0000013c7b3515c0, 0x0000013c7b353080, 0x0000013c7b35f930, 0x0000013c7b3604d0,
0x0000013c7b373690, 0x0000013c7bd87800, 0x0000013c7bdaaf70, 0x0000013c7c2b5ac0,
0x0000013c7cbf4c70, 0x0000013c7cbf5750, 0x0000013c7cc01820, 0x0000013c7c87a430,
0x0000013c7cd99040
}

Java Threads: ( => current thread )
  0x0000013c5db9fe30 JavaThread "Forwarding sendKeysToElement on session 300da269-ba20-4493-9c72-128858a8cfb3 to remote" [_thread_in_native, id=20452, stack(0x0000000100600000,0x0000000100700000)]
  0x0000013c7b3329a0 JavaThread "Reference Handler" daemon [_thread_blocked, id=6712, stack(0x0000000100d00000,0x0000000100e00000)]
  0x0000013c7b333570 JavaThread "Finalizer" daemon [_thread_blocked, id=13084, stack(0x0000000100e00000,0x0000000100f00000)]
  0x0000013c7b34eb00 JavaThread "Signal Dispatcher" daemon [_thread_blocked, id=12492, stack(0x0000000100f00000,0x0000000101000000)]
  0x0000013c7b3515c0 JavaThread "Attach Listener" daemon [_thread_blocked, id=15840, stack(0x0000000101000000,0x0000000101100000)]
  0x0000013c7b353080 JavaThread "Service Thread" daemon [_thread_blocked, id=19028, stack(0x0000000101100000,0x0000000101200000)]
  0x0000013c7b35f930 JavaThread "C2 CompilerThread0" daemon [_thread_blocked, id=19700, stack(0x0000000101200000,0x0000000101300000)]
=>0x0000013c7b3604d0 JavaThread "C1 CompilerThread0" daemon [_thread_in_native, id=18716, stack(0x0000000101300000,0x0000000101400000)]
  0x0000013c7b373690 JavaThread "Sweeper thread" daemon [_thread_blocked, id=12124, stack(0x0000000101400000,0x0000000101500000)]
  0x0000013c7bd87800 JavaThread "Notification Thread" daemon [_thread_blocked, id=15052, stack(0x0000000101500000,0x0000000101600000)]
  0x0000013c7bdaaf70 JavaThread "Common-Cleaner" daemon [_thread_blocked, id=1504, stack(0x0000000101700000,0x0000000101800000)]
  0x0000013c7c2b5ac0 JavaThread "ReaderThread" [_thread_in_native, id=9176, stack(0x0000000101900000,0x0000000101a00000)]
  0x0000013c7cbf4c70 JavaThread "ForkJoinPool.commonPool-worker-3" daemon [_thread_blocked, id=4128, stack(0x0000000101d00000,0x0000000101e00000)]
  0x0000013c7cbf5750 JavaThread "ForkJoinPool.commonPool-worker-5" daemon [_thread_blocked, id=15548, stack(0x0000000101e00000,0x0000000101f00000)]
  0x0000013c7cc01820 JavaThread "ForkJoinPool.commonPool-worker-7" daemon [_thread_blocked, id=17472, stack(0x0000000101f00000,0x0000000102000000)]
  0x0000013c7c87a430 JavaThread "OkHttp ConnectionPool" daemon [_thread_blocked, id=17984, stack(0x0000000102000000,0x0000000102100000)]
  0x0000013c7cd99040 JavaThread "Okio Watchdog" daemon [_thread_blocked, id=3172, stack(0x0000000102100000,0x0000000102200000)]

Other Threads:
  0x0000013c7b32ed10 VMThread "VM Thread" [stack: 0x0000000100c00000,0x0000000100d00000] [id=3020]
  0x0000013c7bd8fe20 WatcherThread [stack: 0x0000000101600000,0x0000000101700000] [id=16252]
  0x0000013c5dbd4a30 GCTaskThread "GC Thread#0" [stack: 0x0000000100700000,0x0000000100800000] [id=16008]
  0x0000013c7c0653e0 GCTaskThread "GC Thread#1" [stack: 0x0000000101a00000,0x0000000101b00000] [id=9108]
  0x0000013c7c0643f0 GCTaskThread "GC Thread#2" [stack: 0x0000000101b00000,0x0000000101c00000] [id=8716]
  0x0000013c7c0663d0 GCTaskThread "GC Thread#3" [stack: 0x0000000101c00000,0x0000000101d00000] [id=8732]
  0x0000013c5dc00060 ConcurrentGCThread "G1 Main Marker" [stack: 0x0000000100800000,0x0000000100900000] [id=19588]
  0x0000013c5dc00c50 ConcurrentGCThread "G1 Conc#0" [stack: 0x0000000100900000,0x0000000100a00000] [id=13852]
  0x0000013c7b1b0090 ConcurrentGCThread "G1 Refine#0" [stack: 0x0000000100a00000,0x0000000100b00000] [id=19996]
  0x0000013c7b1b0c90 ConcurrentGCThread "G1 Young RemSet Sampling" [stack: 0x0000000100b00000,0x0000000100c00000] [id=11628]

Threads with active compile tasks:
C1 CompilerThread0    16563 1917       3       java.text.DecimalFormatSymbols::findNonFormatChar (25 bytes)

VM state: not at safepoint (normal execution)

VM Mutex/Monitor currently owned by a thread: None

Heap address: 0x00000000a1e00000, size: 1506 MB, Compressed Oops mode: 32-bit
CDS archive(s) mapped at: [0x0000000800000000-0x0000000800b50000-0x0000000800b50000), size 11862016, SharedBaseAddress: 0x0000000800000000, ArchiveRelocationMode: 0.
Compressed class space mapped at: 0x0000000800b50000-0x0000000840b50000, size: 1073741824
Narrow klass base: 0x0000000800000000, Narrow klass shift: 3, Narrow klass range: 0x100000000

GC Precious Log:
 CPUs: 8 total, 8 available
 Memory: 6021M
 Large Page Support: Disabled
 NUMA Support: Disabled
 Compressed Oops: Enabled (32-bit)
 Heap Region Size: 1M
 Heap Min Capacity: 8M
 Heap Initial Capacity: 96M
 Heap Max Capacity: 1506M
 Pre-touch: Disabled
 Parallel Workers: 8
 Concurrent Workers: 2
 Concurrent Refinement Workers: 8
 Periodic GC: Disabled

Heap:
 garbage-first heap   total 98304K, used 27799K [0x00000000a1e00000, 0x0000000100000000)
  region size 1024K, 26 young (26624K), 3 survivors (3072K)
 Metaspace       used 14904K, capacity 15107K, committed 15232K, reserved 1062912K
  class space    used 1737K, capacity 1828K, committed 1920K, reserved 1048576K

Heap Regions: E=young(eden), S=young(survivor), O=old, HS=humongous(starts), HC=humongous(continues), CS=collection set, F=free, OA=open archive, CA=closed archive, TAMS=top-at-mark-start (previous, next)
|   0|0x00000000a1e00000, 0x00000000a1f00000, 0x00000000a1f00000|100%| O|  |TAMS 0x00000000a1e00000, 0x00000000a1e00000| Untracked 
|   1|0x00000000a1f00000, 0x00000000a2000000, 0x00000000a2000000|100%| O|  |TAMS 0x00000000a1f00000, 0x00000000a1f00000| Untracked 
|   2|0x00000000a2000000, 0x00000000a2025e00, 0x00000000a2100000| 14%| O|  |TAMS 0x00000000a2000000, 0x00000000a2000000| Untracked 
|   3|0x00000000a2100000, 0x00000000a2100000, 0x00000000a2200000|  0%| F|  |TAMS 0x00000000a2100000, 0x00000000a2100000| Untracked 
|   4|0x00000000a2200000, 0x00000000a2200000, 0x00000000a2300000|  0%| F|  |TAMS 0x00000000a2200000, 0x00000000a2200000| Untracked 
|   5|0x00000000a2300000, 0x00000000a2300000, 0x00000000a2400000|  0%| F|  |TAMS 0x00000000a2300000, 0x00000000a2300000| Untracked 
|   6|0x00000000a2400000, 0x00000000a2400000, 0x00000000a2500000|  0%| F|  |TAMS 0x00000000a2400000, 0x00000000a2400000| Untracked 
|   7|0x00000000a2500000, 0x00000000a2500000, 0x00000000a2600000|  0%| F|  |TAMS 0x00000000a2500000, 0x00000000a2500000| Untracked 
|   8|0x00000000a2600000, 0x00000000a2600000, 0x00000000a2700000|  0%| F|  |TAMS 0x00000000a2600000, 0x00000000a2600000| Untracked 
|   9|0x00000000a2700000, 0x00000000a2700000, 0x00000000a2800000|  0%| F|  |TAMS 0x00000000a2700000, 0x00000000a2700000| Untracked 
|  10|0x00000000a2800000, 0x00000000a2800000, 0x00000000a2900000|  0%| F|  |TAMS 0x00000000a2800000, 0x00000000a2800000| Untracked 
|  11|0x00000000a2900000, 0x00000000a2900000, 0x00000000a2a00000|  0%| F|  |TAMS 0x00000000a2900000, 0x00000000a2900000| Untracked 
|  12|0x00000000a2a00000, 0x00000000a2a00000, 0x00000000a2b00000|  0%| F|  |TAMS 0x00000000a2a00000, 0x00000000a2a00000| Untracked 
|  13|0x00000000a2b00000, 0x00000000a2b00000, 0x00000000a2c00000|  0%| F|  |TAMS 0x00000000a2b00000, 0x00000000a2b00000| Untracked 
|  14|0x00000000a2c00000, 0x00000000a2c00000, 0x00000000a2d00000|  0%| F|  |TAMS 0x00000000a2c00000, 0x00000000a2c00000| Untracked 
|  15|0x00000000a2d00000, 0x00000000a2d00000, 0x00000000a2e00000|  0%| F|  |TAMS 0x00000000a2d00000, 0x00000000a2d00000| Untracked 
|  16|0x00000000a2e00000, 0x00000000a2e00000, 0x00000000a2f00000|  0%| F|  |TAMS 0x00000000a2e00000, 0x00000000a2e00000| Untracked 
|  17|0x00000000a2f00000, 0x00000000a2f00000, 0x00000000a3000000|  0%| F|  |TAMS 0x00000000a2f00000, 0x00000000a2f00000| Untracked 
|  18|0x00000000a3000000, 0x00000000a3000000, 0x00000000a3100000|  0%| F|  |TAMS 0x00000000a3000000, 0x00000000a3000000| Untracked 
|  19|0x00000000a3100000, 0x00000000a3100000, 0x00000000a3200000|  0%| F|  |TAMS 0x00000000a3100000, 0x00000000a3100000| Untracked 
|  20|0x00000000a3200000, 0x00000000a3200000, 0x00000000a3300000|  0%| F|  |TAMS 0x00000000a3200000, 0x00000000a3200000| Untracked 
|  21|0x00000000a3300000, 0x00000000a3300000, 0x00000000a3400000|  0%| F|  |TAMS 0x00000000a3300000, 0x00000000a3300000| Untracked 
|  22|0x00000000a3400000, 0x00000000a3400000, 0x00000000a3500000|  0%| F|  |TAMS 0x00000000a3400000, 0x00000000a3400000| Untracked 
|  23|0x00000000a3500000, 0x00000000a3500000, 0x00000000a3600000|  0%| F|  |TAMS 0x00000000a3500000, 0x00000000a3500000| Untracked 
|  24|0x00000000a3600000, 0x00000000a3600000, 0x00000000a3700000|  0%| F|  |TAMS 0x00000000a3600000, 0x00000000a3600000| Untracked 
|  25|0x00000000a3700000, 0x00000000a3700000, 0x00000000a3800000|  0%| F|  |TAMS 0x00000000a3700000, 0x00000000a3700000| Untracked 
|  26|0x00000000a3800000, 0x00000000a3800000, 0x00000000a3900000|  0%| F|  |TAMS 0x00000000a3800000, 0x00000000a3800000| Untracked 
|  27|0x00000000a3900000, 0x00000000a3900000, 0x00000000a3a00000|  0%| F|  |TAMS 0x00000000a3900000, 0x00000000a3900000| Untracked 
|  28|0x00000000a3a00000, 0x00000000a3a00000, 0x00000000a3b00000|  0%| F|  |TAMS 0x00000000a3a00000, 0x00000000a3a00000| Untracked 
|  29|0x00000000a3b00000, 0x00000000a3b00000, 0x00000000a3c00000|  0%| F|  |TAMS 0x00000000a3b00000, 0x00000000a3b00000| Untracked 
|  30|0x00000000a3c00000, 0x00000000a3c00000, 0x00000000a3d00000|  0%| F|  |TAMS 0x00000000a3c00000, 0x00000000a3c00000| Untracked 
|  31|0x00000000a3d00000, 0x00000000a3d00000, 0x00000000a3e00000|  0%| F|  |TAMS 0x00000000a3d00000, 0x00000000a3d00000| Untracked 
|  32|0x00000000a3e00000, 0x00000000a3e00000, 0x00000000a3f00000|  0%| F|  |TAMS 0x00000000a3e00000, 0x00000000a3e00000| Untracked 
|  33|0x00000000a3f00000, 0x00000000a3f00000, 0x00000000a4000000|  0%| F|  |TAMS 0x00000000a3f00000, 0x00000000a3f00000| Untracked 
|  34|0x00000000a4000000, 0x00000000a4000000, 0x00000000a4100000|  0%| F|  |TAMS 0x00000000a4000000, 0x00000000a4000000| Untracked 
|  35|0x00000000a4100000, 0x00000000a4100000, 0x00000000a4200000|  0%| F|  |TAMS 0x00000000a4100000, 0x00000000a4100000| Untracked 
|  36|0x00000000a4200000, 0x00000000a4200000, 0x00000000a4300000|  0%| F|  |TAMS 0x00000000a4200000, 0x00000000a4200000| Untracked 
|  37|0x00000000a4300000, 0x00000000a4300000, 0x00000000a4400000|  0%| F|  |TAMS 0x00000000a4300000, 0x00000000a4300000| Untracked 
|  38|0x00000000a4400000, 0x00000000a4400000, 0x00000000a4500000|  0%| F|  |TAMS 0x00000000a4400000, 0x00000000a4400000| Untracked 
|  39|0x00000000a4500000, 0x00000000a4500000, 0x00000000a4600000|  0%| F|  |TAMS 0x00000000a4500000, 0x00000000a4500000| Untracked 
|  40|0x00000000a4600000, 0x00000000a4600000, 0x00000000a4700000|  0%| F|  |TAMS 0x00000000a4600000, 0x00000000a4600000| Untracked 
|  41|0x00000000a4700000, 0x00000000a4700000, 0x00000000a4800000|  0%| F|  |TAMS 0x00000000a4700000, 0x00000000a4700000| Untracked 
|  42|0x00000000a4800000, 0x00000000a4800000, 0x00000000a4900000|  0%| F|  |TAMS 0x00000000a4800000, 0x00000000a4800000| Untracked 
|  43|0x00000000a4900000, 0x00000000a4900000, 0x00000000a4a00000|  0%| F|  |TAMS 0x00000000a4900000, 0x00000000a4900000| Untracked 
|  44|0x00000000a4a00000, 0x00000000a4a00000, 0x00000000a4b00000|  0%| F|  |TAMS 0x00000000a4a00000, 0x00000000a4a00000| Untracked 
|  45|0x00000000a4b00000, 0x00000000a4b00000, 0x00000000a4c00000|  0%| F|  |TAMS 0x00000000a4b00000, 0x00000000a4b00000| Untracked 
|  46|0x00000000a4c00000, 0x00000000a4c00000, 0x00000000a4d00000|  0%| F|  |TAMS 0x00000000a4c00000, 0x00000000a4c00000| Untracked 
|  47|0x00000000a4d00000, 0x00000000a4d00000, 0x00000000a4e00000|  0%| F|  |TAMS 0x00000000a4d00000, 0x00000000a4d00000| Untracked 
|  48|0x00000000a4e00000, 0x00000000a4e00000, 0x00000000a4f00000|  0%| F|  |TAMS 0x00000000a4e00000, 0x00000000a4e00000| Untracked 
|  49|0x00000000a4f00000, 0x00000000a4f00000, 0x00000000a5000000|  0%| F|  |TAMS 0x00000000a4f00000, 0x00000000a4f00000| Untracked 
|  50|0x00000000a5000000, 0x00000000a5000000, 0x00000000a5100000|  0%| F|  |TAMS 0x00000000a5000000, 0x00000000a5000000| Untracked 
|  51|0x00000000a5100000, 0x00000000a5100000, 0x00000000a5200000|  0%| F|  |TAMS 0x00000000a5100000, 0x00000000a5100000| Untracked 
|  52|0x00000000a5200000, 0x00000000a5200000, 0x00000000a5300000|  0%| F|  |TAMS 0x00000000a5200000, 0x00000000a5200000| Untracked 
|  53|0x00000000a5300000, 0x00000000a5300000, 0x00000000a5400000|  0%| F|  |TAMS 0x00000000a5300000, 0x00000000a5300000| Untracked 
|  54|0x00000000a5400000, 0x00000000a5400000, 0x00000000a5500000|  0%| F|  |TAMS 0x00000000a5400000, 0x00000000a5400000| Untracked 
|  55|0x00000000a5500000, 0x00000000a5500000, 0x00000000a5600000|  0%| F|  |TAMS 0x00000000a5500000, 0x00000000a5500000| Untracked 
|  56|0x00000000a5600000, 0x00000000a5600000, 0x00000000a5700000|  0%| F|  |TAMS 0x00000000a5600000, 0x00000000a5600000| Untracked 
|  57|0x00000000a5700000, 0x00000000a5700000, 0x00000000a5800000|  0%| F|  |TAMS 0x00000000a5700000, 0x00000000a5700000| Untracked 
|  58|0x00000000a5800000, 0x00000000a5800000, 0x00000000a5900000|  0%| F|  |TAMS 0x00000000a5800000, 0x00000000a5800000| Untracked 
|  59|0x00000000a5900000, 0x00000000a5900000, 0x00000000a5a00000|  0%| F|  |TAMS 0x00000000a5900000, 0x00000000a5900000| Untracked 
|  60|0x00000000a5a00000, 0x00000000a5a00000, 0x00000000a5b00000|  0%| F|  |TAMS 0x00000000a5a00000, 0x00000000a5a00000| Untracked 
|  61|0x00000000a5b00000, 0x00000000a5b00000, 0x00000000a5c00000|  0%| F|  |TAMS 0x00000000a5b00000, 0x00000000a5b00000| Untracked 
|  62|0x00000000a5c00000, 0x00000000a5c00000, 0x00000000a5d00000|  0%| F|  |TAMS 0x00000000a5c00000, 0x00000000a5c00000| Untracked 
|  63|0x00000000a5d00000, 0x00000000a5d00000, 0x00000000a5e00000|  0%| F|  |TAMS 0x00000000a5d00000, 0x00000000a5d00000| Untracked 
|  64|0x00000000a5e00000, 0x00000000a5e00000, 0x00000000a5f00000|  0%| F|  |TAMS 0x00000000a5e00000, 0x00000000a5e00000| Untracked 
|  65|0x00000000a5f00000, 0x00000000a5f00000, 0x00000000a6000000|  0%| F|  |TAMS 0x00000000a5f00000, 0x00000000a5f00000| Untracked 
|  66|0x00000000a6000000, 0x00000000a6000000, 0x00000000a6100000|  0%| F|  |TAMS 0x00000000a6000000, 0x00000000a6000000| Untracked 
|  67|0x00000000a6100000, 0x00000000a6100000, 0x00000000a6200000|  0%| F|  |TAMS 0x00000000a6100000, 0x00000000a6100000| Untracked 
|  68|0x00000000a6200000, 0x00000000a6200000, 0x00000000a6300000|  0%| F|  |TAMS 0x00000000a6200000, 0x00000000a6200000| Untracked 
|  69|0x00000000a6300000, 0x00000000a6300000, 0x00000000a6400000|  0%| F|  |TAMS 0x00000000a6300000, 0x00000000a6300000| Untracked 
|  70|0x00000000a6400000, 0x00000000a6500000, 0x00000000a6500000|100%| S|CS|TAMS 0x00000000a6400000, 0x00000000a6400000| Complete 
|  71|0x00000000a6500000, 0x00000000a6600000, 0x00000000a6600000|100%| S|CS|TAMS 0x00000000a6500000, 0x00000000a6500000| Complete 
|  72|0x00000000a6600000, 0x00000000a6700000, 0x00000000a6700000|100%| S|CS|TAMS 0x00000000a6600000, 0x00000000a6600000| Complete 
|  73|0x00000000a6700000, 0x00000000a6780800, 0x00000000a6800000| 50%| E|  |TAMS 0x00000000a6700000, 0x00000000a6700000| Complete 
|  74|0x00000000a6800000, 0x00000000a6900000, 0x00000000a6900000|100%| E|CS|TAMS 0x00000000a6800000, 0x00000000a6800000| Complete 
|  75|0x00000000a6900000, 0x00000000a6a00000, 0x00000000a6a00000|100%| E|CS|TAMS 0x00000000a6900000, 0x00000000a6900000| Complete 
|  76|0x00000000a6a00000, 0x00000000a6b00000, 0x00000000a6b00000|100%| E|CS|TAMS 0x00000000a6a00000, 0x00000000a6a00000| Complete 
|  77|0x00000000a6b00000, 0x00000000a6c00000, 0x00000000a6c00000|100%| E|CS|TAMS 0x00000000a6b00000, 0x00000000a6b00000| Complete 
|  78|0x00000000a6c00000, 0x00000000a6d00000, 0x00000000a6d00000|100%| E|CS|TAMS 0x00000000a6c00000, 0x00000000a6c00000| Complete 
|  79|0x00000000a6d00000, 0x00000000a6e00000, 0x00000000a6e00000|100%| E|CS|TAMS 0x00000000a6d00000, 0x00000000a6d00000| Complete 
|  80|0x00000000a6e00000, 0x00000000a6f00000, 0x00000000a6f00000|100%| E|CS|TAMS 0x00000000a6e00000, 0x00000000a6e00000| Complete 
|  81|0x00000000a6f00000, 0x00000000a7000000, 0x00000000a7000000|100%| E|CS|TAMS 0x00000000a6f00000, 0x00000000a6f00000| Complete 
|  82|0x00000000a7000000, 0x00000000a7100000, 0x00000000a7100000|100%| E|CS|TAMS 0x00000000a7000000, 0x00000000a7000000| Complete 
|  83|0x00000000a7100000, 0x00000000a7200000, 0x00000000a7200000|100%| E|CS|TAMS 0x00000000a7100000, 0x00000000a7100000| Complete 
|  84|0x00000000a7200000, 0x00000000a7300000, 0x00000000a7300000|100%| E|CS|TAMS 0x00000000a7200000, 0x00000000a7200000| Complete 
|  85|0x00000000a7300000, 0x00000000a7400000, 0x00000000a7400000|100%| E|CS|TAMS 0x00000000a7300000, 0x00000000a7300000| Complete 
|  86|0x00000000a7400000, 0x00000000a7500000, 0x00000000a7500000|100%| E|CS|TAMS 0x00000000a7400000, 0x00000000a7400000| Complete 
|  87|0x00000000a7500000, 0x00000000a7600000, 0x00000000a7600000|100%| E|CS|TAMS 0x00000000a7500000, 0x00000000a7500000| Complete 
|  88|0x00000000a7600000, 0x00000000a7700000, 0x00000000a7700000|100%| E|CS|TAMS 0x00000000a7600000, 0x00000000a7600000| Complete 
|  89|0x00000000a7700000, 0x00000000a7800000, 0x00000000a7800000|100%| E|CS|TAMS 0x00000000a7700000, 0x00000000a7700000| Complete 
|  90|0x00000000a7800000, 0x00000000a7900000, 0x00000000a7900000|100%| E|CS|TAMS 0x00000000a7800000, 0x00000000a7800000| Complete 
|  91|0x00000000a7900000, 0x00000000a7a00000, 0x00000000a7a00000|100%| E|CS|TAMS 0x00000000a7900000, 0x00000000a7900000| Complete 
|  92|0x00000000a7a00000, 0x00000000a7b00000, 0x00000000a7b00000|100%| E|CS|TAMS 0x00000000a7a00000, 0x00000000a7a00000| Complete 
|  93|0x00000000a7b00000, 0x00000000a7c00000, 0x00000000a7c00000|100%| E|CS|TAMS 0x00000000a7b00000, 0x00000000a7b00000| Complete 
|  94|0x00000000a7c00000, 0x00000000a7d00000, 0x00000000a7d00000|100%| E|CS|TAMS 0x00000000a7c00000, 0x00000000a7c00000| Complete 
|  95|0x00000000a7d00000, 0x00000000a7e00000, 0x00000000a7e00000|100%| E|CS|TAMS 0x00000000a7d00000, 0x00000000a7d00000| Complete 

Card table byte_map: [0x0000013c75400000,0x0000013c75700000] _byte_map_base: 0x0000013c74ef1000

Marking Bits (Prev, Next): (CMBitMap*) 0x0000013c5dbd6230, (CMBitMap*) 0x0000013c5dbd6270
 Prev Bits: [0x0000013c75a00000, 0x0000013c77188000)
 Next Bits: [0x0000013c77190000, 0x0000013c78918000)

Polling page: 0x0000013c5d370000

Metaspace:

Usage:
  Non-class:     12.97 MB capacity,    12.86 MB (>99%) used,    92.71 KB ( <1%) free+waste,    19.38 KB ( <1%) overhead. 
      Class:      1.79 MB capacity,     1.70 MB ( 95%) used,    82.10 KB (  4%) free+waste,     8.19 KB ( <1%) overhead. 
       Both:     14.75 MB capacity,    14.56 MB ( 99%) used,   174.81 KB (  1%) free+waste,    27.56 KB ( <1%) overhead. 

Virtual space:
  Non-class space:       14.00 MB reserved,      13.00 MB ( 93%) committed 
      Class space:        1.00 GB reserved,       1.88 MB ( <1%) committed 
             Both:        1.01 GB reserved,      14.88 MB (  1%) committed 

Chunk freelists:
   Non-Class:  33.00 KB
       Class:  28.00 KB
        Both:  61.00 KB

MaxMetaspaceSize: 17179869184.00 GB
CompressedClassSpaceSize: 1.00 GB

CodeHeap 'non-profiled nmethods': size=120000Kb used=667Kb max_used=667Kb free=119333Kb
 bounds [0x0000013c6d8a0000, 0x0000013c6db10000, 0x0000013c74dd0000]
CodeHeap 'profiled nmethods': size=120000Kb used=3399Kb max_used=3399Kb free=116600Kb
 bounds [0x0000013c66370000, 0x0000013c666d0000, 0x0000013c6d8a0000]
CodeHeap 'non-nmethods': size=5760Kb used=1240Kb max_used=1258Kb free=4519Kb
 bounds [0x0000013c65dd0000, 0x0000013c66040000, 0x0000013c66370000]
 total_blobs=2427 nmethods=1916 adapters=423
 compilation: enabled
              stopped_count=0, restarted_count=0
 full_count=0

Compilation events (20 events):
Event: 14.756 Thread 0x0000013c7b3604d0 nmethod 1906 0x0000013c666bf390 code [0x0000013c666bf520, 0x0000013c666bf658]
Event: 14.756 Thread 0x0000013c7b3604d0 1907       3       java.lang.Character::getType (9 bytes)
Event: 14.756 Thread 0x0000013c7b3604d0 nmethod 1907 0x0000013c666bf710 code [0x0000013c666bf8c0, 0x0000013c666bfa98]
Event: 14.756 Thread 0x0000013c7b3604d0 1908       3       com.google.common.collect.ImmutableEntry::<init> (15 bytes)
Event: 14.757 Thread 0x0000013c7b3604d0 nmethod 1908 0x0000013c666bfb90 code [0x0000013c666bfd40, 0x0000013c666bffb8]
Event: 14.759 Thread 0x0000013c7b3604d0 1909       1       java.util.Formatter$FixedString::index (3 bytes)
Event: 14.759 Thread 0x0000013c7b3604d0 nmethod 1909 0x0000013c6d945e90 code [0x0000013c6d946020, 0x0000013c6d9460d8]
Event: 14.760 Thread 0x0000013c7b35f930 1910       4       java.util.ArrayList::elementData (7 bytes)
Event: 14.760 Thread 0x0000013c7b35f930 nmethod 1910 0x0000013c6d946190 code [0x0000013c6d946300, 0x0000013c6d946398]
Event: 14.762 Thread 0x0000013c7b3604d0 1911   !   3       sun.nio.ch.NioSocketImpl::tryRead (87 bytes)
Event: 14.762 Thread 0x0000013c7b3604d0 nmethod 1911 0x0000013c666c0090 code [0x0000013c666c02a0, 0x0000013c666c0858]
Event: 14.762 Thread 0x0000013c7b3604d0 1912       3       sun.nio.ch.SocketDispatcher::read (8 bytes)
Event: 14.763 Thread 0x0000013c7b3604d0 nmethod 1912 0x0000013c666c0b90 code [0x0000013c666c0d40, 0x0000013c666c0e68]
Event: 16.526 Thread 0x0000013c7b3604d0 1915       3       java.util.Arrays::binarySearch (9 bytes)
Event: 16.527 Thread 0x0000013c7b3604d0 nmethod 1915 0x0000013c666c0f10 code [0x0000013c666c10c0, 0x0000013c666c11e8]
Event: 16.527 Thread 0x0000013c7b3604d0 1916       3       java.util.Arrays::binarySearch0 (72 bytes)
Event: 16.527 Thread 0x0000013c7b3604d0 nmethod 1916 0x0000013c666c1290 code [0x0000013c666c1440, 0x0000013c666c16b8]
Event: 16.527 Thread 0x0000013c7b3604d0 1914       3       com.google.common.base.CharMatcher$AnyOf::matches (17 bytes)
Event: 16.527 Thread 0x0000013c7b3604d0 nmethod 1914 0x0000013c666c1810 code [0x0000013c666c19c0, 0x0000013c666c1bc8]
Event: 16.528 Thread 0x0000013c7b3604d0 1917       3       java.text.DecimalFormatSymbols::findNonFormatChar (25 bytes)

GC Heap History (2 events):
Event: 1.361 GC heap before
{Heap before GC invocations=0 (full 0):
 garbage-first heap   total 98304K, used 22528K [0x00000000a1e00000, 0x0000000100000000)
  region size 1024K, 23 young (23552K), 0 survivors (0K)
 Metaspace       used 9323K, capacity 9551K, committed 9856K, reserved 1058816K
  class space    used 1030K, capacity 1089K, committed 1152K, reserved 1048576K
}
Event: 1.367 GC heap after
{Heap after GC invocations=1 (full 0):
 garbage-first heap   total 98304K, used 5271K [0x00000000a1e00000, 0x0000000100000000)
  region size 1024K, 3 young (3072K), 3 survivors (3072K)
 Metaspace       used 9323K, capacity 9551K, committed 9856K, reserved 1058816K
  class space    used 1030K, capacity 1089K, committed 1152K, reserved 1048576K
}

Deoptimization events (20 events):
Event: 13.984 Thread 0x0000013c5db9fe30 Uncommon trap: trap_request=0xffffffde fr.pc=0x0000013c6d928538 relative=0x0000000000000638
Event: 13.984 Thread 0x0000013c5db9fe30 Uncommon trap: reason=class_check action=maybe_recompile pc=0x0000013c6d928538 method=org.openqa.selenium.json.Input.init()V @ 18 c2
Event: 13.984 Thread 0x0000013c5db9fe30 DEOPT PACKING pc=0x0000013c6d928538 sp=0x00000001006fc7e0
Event: 13.985 Thread 0x0000013c5db9fe30 DEOPT UNPACKING pc=0x0000013c65e1e42f sp=0x00000001006fc7d8 mode 2
Event: 13.985 Thread 0x0000013c5db9fe30 Uncommon trap: trap_request=0xffffffde fr.pc=0x0000013c6d928538 relative=0x0000000000000638
Event: 13.985 Thread 0x0000013c5db9fe30 Uncommon trap: reason=class_check action=maybe_recompile pc=0x0000013c6d928538 method=org.openqa.selenium.json.Input.init()V @ 18 c2
Event: 13.985 Thread 0x0000013c5db9fe30 DEOPT PACKING pc=0x0000013c6d928538 sp=0x00000001006fc210
Event: 13.985 Thread 0x0000013c5db9fe30 DEOPT UNPACKING pc=0x0000013c65e1e42f sp=0x00000001006fc208 mode 2
Event: 13.985 Thread 0x0000013c5db9fe30 Uncommon trap: trap_request=0xffffffde fr.pc=0x0000013c6d928538 relative=0x0000000000000638
Event: 13.985 Thread 0x0000013c5db9fe30 Uncommon trap: reason=class_check action=maybe_recompile pc=0x0000013c6d928538 method=org.openqa.selenium.json.Input.init()V @ 18 c2
Event: 13.985 Thread 0x0000013c5db9fe30 DEOPT PACKING pc=0x0000013c6d928538 sp=0x00000001006fc210
Event: 13.985 Thread 0x0000013c5db9fe30 DEOPT UNPACKING pc=0x0000013c65e1e42f sp=0x00000001006fc208 mode 2
Event: 14.166 Thread 0x0000013c5db9fe30 Uncommon trap: trap_request=0xffffffde fr.pc=0x0000013c6d91d1e4 relative=0x00000000000003a4
Event: 14.166 Thread 0x0000013c5db9fe30 Uncommon trap: reason=class_check action=maybe_recompile pc=0x0000013c6d91d1e4 method=java.util.HashSet.iterator()Ljava/util/Iterator; @ 4 c2
Event: 14.166 Thread 0x0000013c5db9fe30 DEOPT PACKING pc=0x0000013c6d91d1e4 sp=0x00000001006feda0
Event: 14.166 Thread 0x0000013c5db9fe30 DEOPT UNPACKING pc=0x0000013c65e1e42f sp=0x00000001006fed68 mode 2
Event: 14.166 Thread 0x0000013c5db9fe30 Uncommon trap: trap_request=0xffffffde fr.pc=0x0000013c6d91d1e4 relative=0x00000000000003a4
Event: 14.166 Thread 0x0000013c5db9fe30 Uncommon trap: reason=class_check action=maybe_recompile pc=0x0000013c6d91d1e4 method=java.util.HashSet.iterator()Ljava/util/Iterator; @ 4 c2
Event: 14.166 Thread 0x0000013c5db9fe30 DEOPT PACKING pc=0x0000013c6d91d1e4 sp=0x00000001006feed0
Event: 14.166 Thread 0x0000013c5db9fe30 DEOPT UNPACKING pc=0x0000013c65e1e42f sp=0x00000001006feea0 mode 2

Classes unloaded (0 events):
No events

Classes redefined (0 events):
No events

Internal exceptions (20 events):
Event: 1.555 Thread 0x0000013c5db9fe30 Exception <a 'java/lang/NoSuchMethodError'{0x00000000a7644070}: 'java.lang.Object java.lang.invoke.DirectMethodHandle$Holder.invokeInterface(java.lang.Object, java.lang.Object, java.lang.Object)'> (0x00000000a7644070) 
thrown [./open/src/hotspot/share/interpreter/linkResolver.cpp, line 782]
Event: 1.556 Thread 0x0000013c5db9fe30 Exception <a 'java/lang/IncompatibleClassChangeError'{0x00000000a7647908}: Found class java.lang.Object, but interface was expected> (0x00000000a7647908) 
thrown [./open/src/hotspot/share/interpreter/linkResolver.cpp, line 848]
Event: 1.558 Thread 0x0000013c5db9fe30 Exception <a 'java/lang/NoSuchMethodError'{0x00000000a7650900}: 'int java.lang.invoke.DirectMethodHandle$Holder.invokeSpecialIFC(java.lang.Object, java.lang.Object, java.lang.Object, java.lang.Object)'> (0x00000000a7650900) 
thrown [./open/src/hotspot/share/interpreter/linkResolver.cpp, line 782]
Event: 1.575 Thread 0x0000013c5db9fe30 Exception <a 'java/lang/NoSuchMethodError'{0x00000000a76b6778}: 'double java.lang.invoke.DirectMethodHandle$Holder.invokeVirtual(java.lang.Object, java.lang.Object)'> (0x00000000a76b6778) 
thrown [./open/src/hotspot/share/interpreter/linkResolver.cpp, line 782]
Event: 1.575 Thread 0x0000013c5db9fe30 Exception <a 'java/lang/NoSuchMethodError'{0x00000000a76bd288}: 'float java.lang.invoke.DirectMethodHandle$Holder.invokeVirtual(java.lang.Object, java.lang.Object)'> (0x00000000a76bd288) 
thrown [./open/src/hotspot/share/interpreter/linkResolver.cpp, line 782]
Event: 1.577 Thread 0x0000013c5db9fe30 Exception <a 'java/lang/NoSuchMethodError'{0x00000000a76c67b0}: 'long java.lang.invoke.DirectMethodHandle$Holder.invokeVirtual(java.lang.Object, java.lang.Object)'> (0x00000000a76c67b0) 
thrown [./open/src/hotspot/share/interpreter/linkResolver.cpp, line 782]
Event: 1.583 Thread 0x0000013c5db9fe30 Exception <a 'java/lang/NoSuchMethodError'{0x00000000a76f4c48}: 'void java.lang.invoke.DirectMethodHandle$Holder.invokeStatic(java.lang.Object, java.lang.Object, java.lang.Object)'> (0x00000000a76f4c48) 
thrown [./open/src/hotspot/share/interpreter/linkResolver.cpp, line 782]
Event: 1.584 Thread 0x0000013c5db9fe30 Exception <a 'java/lang/NoSuchMethodError'{0x00000000a76fb8d0}: 'java.lang.Object java.lang.invoke.DirectMethodHandle$Holder.invokeVirtual(java.lang.Object, java.lang.Object, java.lang.Object)'> (0x00000000a76fb8d0) 
thrown [./open/src/hotspot/share/interpreter/linkResolver.cpp, line 782]
Event: 1.624 Thread 0x0000013c5db9fe30 Exception <a 'java/lang/NoSuchMethodError'{0x00000000a74557d8}: 'void java.lang.invoke.DirectMethodHandle$Holder.invokeSpecial(java.lang.Object, java.lang.Object, java.lang.Object, java.lang.Object, java.lang.Object)'> (0x00000000a74557d8) 
thrown [./open/src/hotspot/share/interpreter/linkResolver.cpp, line 782]
Event: 1.649 Thread 0x0000013c5db9fe30 Exception <a 'java/lang/NoSuchMethodError'{0x00000000a7312668}: 'java.lang.Object java.lang.invoke.DirectMethodHandle$Holder.newInvokeSpecial(java.lang.Object, java.lang.Object, java.lang.Object, java.lang.Object, java.lang.Object)'> (0x00000000a7312668) 
thrown [./open/src/hotspot/share/interpreter/linkResolver.cpp, line 782]
Event: 1.690 Thread 0x0000013c5db9fe30 Exception <a 'java/lang/NoSuchMethodError'{0x00000000a72714c0}: 'void java.lang.invoke.DirectMethodHandle$Holder.invokeInterface(java.lang.Object, java.lang.Object, java.lang.Object)'> (0x00000000a72714c0) 
thrown [./open/src/hotspot/share/interpreter/linkResolver.cpp, line 782]
Event: 1.690 Thread 0x0000013c7cbf5750 Exception <a 'java/lang/NoSuchMethodError'{0x00000000a72d7a10}: 'void java.lang.invoke.DirectMethodHandle$Holder.invokeInterface(java.lang.Object, java.lang.Object, java.lang.Object)'> (0x00000000a72d7a10) 
thrown [./open/src/hotspot/share/interpreter/linkResolver.cpp, line 782]
Event: 1.691 Thread 0x0000013c7cbf4c70 Exception <a 'java/lang/NoSuchMethodError'{0x00000000a728dc00}: 'void java.lang.invoke.DirectMethodHandle$Holder.invokeInterface(java.lang.Object, java.lang.Object, java.lang.Object)'> (0x00000000a728dc00) 
thrown [./open/src/hotspot/share/interpreter/linkResolver.cpp, line 782]
Event: 13.997 Thread 0x0000013c5db9fe30 Exception <a 'java/lang/NoSuchMethodError'{0x00000000a6b3d118}: 'java.lang.Object java.lang.invoke.DirectMethodHandle$Holder.invokeSpecialIFC(java.lang.Object, java.lang.Object, java.lang.Object)'> (0x00000000a6b3d118) 
thrown [./open/src/hotspot/share/interpreter/linkResolver.cpp, line 782]
Event: 14.053 Thread 0x0000013c5db9fe30 Exception <a 'java/lang/ClassNotFoundException'{0x00000000a6be74c8}: sun/util/logging/resources/spi/loggingProvider> (0x00000000a6be74c8) 
thrown [./open/src/hotspot/share/classfile/systemDictionary.cpp, line 295]
Event: 14.091 Thread 0x0000013c5db9fe30 Exception <a 'java/lang/NoSuchMethodError'{0x00000000a6a5c928}: 'void java.lang.invoke.DirectMethodHandle$Holder.invokeVirtual(java.lang.Object, java.lang.Object, java.lang.Object, java.lang.Object)'> (0x00000000a6a5c928) 
thrown [./open/src/hotspot/share/interpreter/linkResolver.cpp, line 782]
Event: 14.093 Thread 0x0000013c5db9fe30 Exception <a 'java/lang/NoSuchMethodError'{0x00000000a6a68d40}: 'void java.lang.invoke.Invokers$Holder.invokeExact_MT(java.lang.Object, java.lang.Object, java.lang.Object)'> (0x00000000a6a68d40) 
thrown [./open/src/hotspot/share/interpreter/linkResolver.cpp, line 782]
Event: 14.093 Thread 0x0000013c5db9fe30 Exception <a 'java/lang/NoSuchMethodError'{0x00000000a6a6cee8}: 'void java.lang.invoke.Invokers$Holder.invokeExact_MT(java.lang.Object, java.lang.Object, java.lang.Object, java.lang.Object, java.lang.Object)'> (0x00000000a6a6cee8) 
thrown [./open/src/hotspot/share/interpreter/linkResolver.cpp, line 782]
Event: 14.172 Thread 0x0000013c5db9fe30 Exception <a 'java/lang/NoSuchMethodError'{0x00000000a69527d8}: 'void java.lang.invoke.DirectMethodHandle$Holder.invokeInterface(java.lang.Object, java.lang.Object)'> (0x00000000a69527d8) 
thrown [./open/src/hotspot/share/interpreter/linkResolver.cpp, line 782]
Event: 14.695 Thread 0x0000013c5db9fe30 Exception <a 'java/lang/NoSuchMethodError'{0x00000000a68f93f0}: 'int java.lang.invoke.DirectMethodHandle$Holder.invokeStatic(java.lang.Object, java.lang.Object, int)'> (0x00000000a68f93f0) 
thrown [./open/src/hotspot/share/interpreter/linkResolver.cpp, line 782]

Events (20 events):
Event: 14.141 loading class java/lang/ThreadLocal$SuppliedThreadLocal done
Event: 14.146 Loaded shared library C:\Program Files\Java\jdk-15.0.1\bin\java.dll
Event: 14.196 loading class java/util/regex/Pattern$BnM
Event: 14.196 loading class java/util/regex/Pattern$BnM done
Event: 14.200 loading class jdk/internal/reflect/UnsafeLongFieldAccessorImpl
Event: 14.201 loading class jdk/internal/reflect/UnsafeLongFieldAccessorImpl done
Event: 14.225 loading class java/util/concurrent/ConcurrentLinkedQueue$Itr
Event: 14.226 loading class java/util/concurrent/ConcurrentLinkedQueue$Itr done
Event: 14.676 loading class jdk/internal/access/foreign/MemorySegmentProxy
Event: 14.677 loading class jdk/internal/access/foreign/MemorySegmentProxy done
Event: 14.690 loading class java/lang/Character$UnicodeBlock
Event: 14.691 loading class java/lang/Character$Subset
Event: 14.691 loading class java/lang/Character$Subset done
Event: 14.691 loading class java/lang/Character$UnicodeBlock done
Event: 14.699 loading class jdk/internal/math/FDBigInteger
Event: 14.700 loading class jdk/internal/math/FDBigInteger done
Event: 14.702 loading class java/net/URLEncoder
Event: 14.702 loading class java/net/URLEncoder done
Event: 14.703 loading class java/io/CharArrayWriter
Event: 14.703 loading class java/io/CharArrayWriter done


Dynamic libraries:
0x00007ff6ab980000 - 0x00007ff6ab98f000 	C:\Program Files\Java\jdk-15.0.1\bin\javaw.exe
0x00007ffd7c8b0000 - 0x00007ffd7caa6000 	C:\WINDOWS\SYSTEM32\ntdll.dll
0x00007ffd7c7b0000 - 0x00007ffd7c86d000 	C:\WINDOWS\System32\KERNEL32.DLL
0x00007ffd7a610000 - 0x00007ffd7a8d8000 	C:\WINDOWS\System32\KERNELBASE.dll
0x00007ffd7a510000 - 0x00007ffd7a610000 	C:\WINDOWS\System32\ucrtbase.dll
0x00007ffd75600000 - 0x00007ffd75618000 	C:\Program Files\Java\jdk-15.0.1\bin\jli.dll
0x00007ffd7aac0000 - 0x00007ffd7ab6c000 	C:\WINDOWS\System32\ADVAPI32.dll
0x00007ffd7be80000 - 0x00007ffd7bf1e000 	C:\WINDOWS\System32\msvcrt.dll
0x00007ffd7ab90000 - 0x00007ffd7ac2b000 	C:\WINDOWS\System32\sechost.dll
0x00007ffd7bc10000 - 0x00007ffd7bd34000 	C:\WINDOWS\System32\RPCRT4.dll
0x00007ffd7c520000 - 0x00007ffd7c6c0000 	C:\WINDOWS\System32\USER32.dll
0x00007ffd5a9b0000 - 0x00007ffd5ac4b000 	C:\WINDOWS\WinSxS\amd64_microsoft.windows.common-controls_6595b64144ccf1df_6.0.19041.488_none_ca04af081b815d21\COMCTL32.dll
0x00007ffd7a8e0000 - 0x00007ffd7a902000 	C:\WINDOWS\System32\win32u.dll
0x00007ffd7a910000 - 0x00007ffd7a93a000 	C:\WINDOWS\System32\GDI32.dll
0x00007ffd7a380000 - 0x00007ffd7a489000 	C:\WINDOWS\System32\gdi32full.dll
0x00007ffd7a080000 - 0x00007ffd7a11d000 	C:\WINDOWS\System32\msvcp_win.dll
0x00007ffd74b40000 - 0x00007ffd74b59000 	C:\Program Files\Java\jdk-15.0.1\bin\VCRUNTIME140.dll
0x00007ffd71c70000 - 0x00007ffd71c7a000 	C:\WINDOWS\SYSTEM32\VERSION.dll
0x00007ffd7ac30000 - 0x00007ffd7ac60000 	C:\WINDOWS\System32\IMM32.DLL
0x00007ffd72dc0000 - 0x00007ffd72dcc000 	C:\Program Files\Java\jdk-15.0.1\bin\vcruntime140_1.dll
0x00007ffd35e70000 - 0x00007ffd35f01000 	C:\Program Files\Java\jdk-15.0.1\bin\msvcp140.dll
0x00007ffd079c0000 - 0x00007ffd0851e000 	C:\Program Files\Java\jdk-15.0.1\bin\server\jvm.dll
0x00007ffd7c740000 - 0x00007ffd7c748000 	C:\WINDOWS\System32\PSAPI.DLL
0x00007ffd6ef50000 - 0x00007ffd6ef77000 	C:\WINDOWS\SYSTEM32\WINMM.dll
0x00007ffd75620000 - 0x00007ffd75629000 	C:\WINDOWS\SYSTEM32\WSOCK32.dll
0x00007ffd7bba0000 - 0x00007ffd7bc0b000 	C:\WINDOWS\System32\WS2_32.dll
0x00007ffd788b0000 - 0x00007ffd788c2000 	C:\WINDOWS\SYSTEM32\kernel.appcore.dll
0x00007ffd755a0000 - 0x00007ffd755aa000 	C:\Program Files\Java\jdk-15.0.1\bin\jimage.dll
0x00007ffd78690000 - 0x00007ffd78874000 	C:\WINDOWS\SYSTEM32\DBGHELP.DLL
0x00007ffd6ad70000 - 0x00007ffd6ad9c000 	C:\WINDOWS\SYSTEM32\dbgcore.DLL
0x00007ffd7a490000 - 0x00007ffd7a50f000 	C:\WINDOWS\System32\bcryptPrimitives.dll
0x00007ffd6a570000 - 0x00007ffd6a595000 	C:\Program Files\Java\jdk-15.0.1\bin\java.dll
0x00007ffd7b330000 - 0x00007ffd7ba71000 	C:\WINDOWS\System32\SHELL32.dll
0x00007ffd77cc0000 - 0x00007ffd78455000 	C:\WINDOWS\SYSTEM32\windows.storage.dll
0x00007ffd7bfb0000 - 0x00007ffd7c305000 	C:\WINDOWS\System32\combase.dll
0x00007ffd79a60000 - 0x00007ffd79a8c000 	C:\WINDOWS\SYSTEM32\Wldp.dll
0x00007ffd7aa10000 - 0x00007ffd7aabe000 	C:\WINDOWS\System32\SHCORE.dll
0x00007ffd7c4c0000 - 0x00007ffd7c515000 	C:\WINDOWS\System32\shlwapi.dll
0x00007ffd79f20000 - 0x00007ffd79f46000 	C:\WINDOWS\SYSTEM32\profapi.dll
0x00007ffd73b20000 - 0x00007ffd73b39000 	C:\Program Files\Java\jdk-15.0.1\bin\net.dll
0x00007ffd6c120000 - 0x00007ffd6c220000 	C:\WINDOWS\SYSTEM32\WINHTTP.dll
0x00007ffd797e0000 - 0x00007ffd7984a000 	C:\WINDOWS\system32\mswsock.dll
0x00007ffd6a550000 - 0x00007ffd6a562000 	C:\Program Files\Java\jdk-15.0.1\bin\nio.dll
0x00007ffd6a530000 - 0x00007ffd6a548000 	C:\Program Files\Java\jdk-15.0.1\bin\zip.dll
0x00007ffd794d0000 - 0x00007ffd7959b000 	C:\WINDOWS\SYSTEM32\DNSAPI.dll
0x00007ffd79480000 - 0x00007ffd794bb000 	C:\WINDOWS\SYSTEM32\IPHLPAPI.DLL
0x00007ffd7ab80000 - 0x00007ffd7ab88000 	C:\WINDOWS\System32\NSI.dll
0x00007ffd71ee0000 - 0x00007ffd71eea000 	C:\Windows\System32\rasadhlp.dll
0x00007ffd65190000 - 0x00007ffd6520f000 	C:\WINDOWS\System32\fwpuclnt.dll
0x00007ffd79ff0000 - 0x00007ffd7a017000 	C:\WINDOWS\System32\bcrypt.dll
0x00007ffd799b0000 - 0x00007ffd799c8000 	C:\WINDOWS\SYSTEM32\CRYPTSP.dll
0x00007ffd79100000 - 0x00007ffd79134000 	C:\WINDOWS\system32\rsaenh.dll
0x00007ffd79ee0000 - 0x00007ffd79f0e000 	C:\WINDOWS\SYSTEM32\USERENV.dll
0x00007ffd799d0000 - 0x00007ffd799dc000 	C:\WINDOWS\SYSTEM32\CRYPTBASE.dll
0x00007ffd785b0000 - 0x00007ffd785c7000 	C:\WINDOWS\SYSTEM32\dhcpcsvc6.DLL
0x00007ffd78590000 - 0x00007ffd785ad000 	C:\WINDOWS\SYSTEM32\dhcpcsvc.DLL
0x00007ffd74e80000 - 0x00007ffd74e90000 	C:\Program Files\Java\jdk-15.0.1\bin\verify.dll
0x00007ffd744c0000 - 0x00007ffd744cd000 	C:\Program Files\Java\jdk-15.0.1\bin\sunmscapi.dll
0x00007ffd7a120000 - 0x00007ffd7a27d000 	C:\WINDOWS\System32\CRYPT32.dll
0x00007ffd79ad0000 - 0x00007ffd79af7000 	C:\WINDOWS\SYSTEM32\ncrypt.dll
0x00007ffd79a90000 - 0x00007ffd79acb000 	C:\WINDOWS\SYSTEM32\NTASN1.dll
0x00007ffd5a950000 - 0x00007ffd5a967000 	C:\WINDOWS\system32\napinsp.dll
0x00007ffd5a930000 - 0x00007ffd5a94b000 	C:\WINDOWS\system32\pnrpnsp.dll
0x00007ffd74f60000 - 0x00007ffd74f75000 	C:\WINDOWS\system32\wshbth.dll
0x00007ffd71ef0000 - 0x00007ffd71f0d000 	C:\WINDOWS\system32\NLAapi.dll
0x00007ffd59840000 - 0x00007ffd59852000 	C:\WINDOWS\System32\winrnr.dll

dbghelp: loaded successfully - version: 4.0.5 - missing functions: none
symbol engine: initialized successfully - sym options: 0x614 - pdb path: .;C:\Program Files\Java\jdk-15.0.1\bin;C:\WINDOWS\SYSTEM32;C:\WINDOWS\WinSxS\amd64_microsoft.windows.common-controls_6595b64144ccf1df_6.0.19041.488_none_ca04af081b815d21;C:\Program Files\Java\jdk-15.0.1\bin\server

VM Arguments:
jvm_args: -ea -Dfile.encoding=Cp1252 -XX:+ShowCodeDetailsInExceptionMessages 
java_command: org.testng.remote.RemoteTestNG -serport 59946 -protocol json -d C:\Users\121as\eclipse-workspacess\AppiumDemoProject\test-output C:\Users\121as\AppData\Local\Temp\testng-eclipse-1335336310\testng-customsuite.xml
java_class_path (initial): C:\Users\121as\eclipse\jee-2020-09\eclipse\configuration\org.eclipse.osgi\946\0\.cp\lib\testng-remote.jar;C:\Users\121as\eclipse-workspacess\AppiumDemoProject\target\test-classes;C:\Users\121as\eclipse-workspacess\AppiumDemoProject\target\classes;C:\Users\121as\Downloads\java-client-7.4.1.jar;C:\Users\121as\.m2\repository\io\appium\java-client\7.4.1\java-client-7.4.1.jar;C:\Users\121as\.m2\repository\org\seleniumhq\selenium\selenium-support\3.141.59\selenium-support-3.141.59.jar;C:\Users\121as\.m2\repository\org\seleniumhq\selenium\selenium-api\3.141.59\selenium-api-3.141.59.jar;C:\Users\121as\.m2\repository\com\google\code\gson\gson\2.8.6\gson-2.8.6.jar;C:\Users\121as\.m2\repository\org\apache\httpcomponents\httpclient\4.5.13\httpclient-4.5.13.jar;C:\Users\121as\.m2\repository\org\apache\httpcomponents\httpcore\4.4.13\httpcore-4.4.13.jar;C:\Users\121as\.m2\repository\commons-logging\commons-logging\1.2\commons-logging-1.2.jar;C:\Users\121as\.m2\repository\commons-codec\commons-codec\1.11\commons-codec-1.11.jar;C:\Users\121as\.m2\repository\cglib\cglib\3.3.0\cglib-3.3.0.jar;C:\Users\121as\.m2\repository\org\ow2\asm\asm\7.1\asm-7.1.jar;C:\Users\121as\.m2\repository\commons-validator\commons-validator\1.7\commons-validator-1.7.jar;C:\Users\121as\.m2\repository\commons-beanutils\commons-beanutils\1.9.4\commons-beanutils-1.9.4.jar;C:\Users\121as\.m2\repository\commons-digester\commons-digester\2.1\commons-digester-2.1.jar;C:\Users\121as\.m2\repository\commons-collections\commons-collections\3.2.2\commons-collections-3.2.2.jar;C:\Users\121as\.m2\repository\org\apache\commons\commons-lang3\3.11\commons-lang3-3.11.jar;C:\Users\121as\.m2\repository\commons-io\commons-io\2.8.0\commons-io-2.8.0.jar;C:\Users\121as\.m2\repository\org\springframework\spring-context\5.3.1\spring-context-5.3.1.jar;C:\Users\121as\.m2\repository\org\springframework\spring-aop\5.3.1\spring-aop-5.3.1.jar;C:\Users\121as\.m2\repository\org\springframework\spring-beans\5.3.1\
Launcher Type: SUN_STANDARD

[Global flags]
     intx CICompilerCount                          = 4                                         {product} {ergonomic}
     uint ConcGCThreads                            = 2                                         {product} {ergonomic}
     uint G1ConcRefinementThreads                  = 8                                         {product} {ergonomic}
   size_t G1HeapRegionSize                         = 1048576                                   {product} {ergonomic}
    uintx GCDrainStackTargetSize                   = 64                                        {product} {ergonomic}
   size_t InitialHeapSize                          = 100663296                                 {product} {ergonomic}
   size_t MarkStackSize                            = 4194304                                   {product} {ergonomic}
   size_t MaxHeapSize                              = 1579155456                                {product} {ergonomic}
   size_t MaxNewSize                               = 946864128                                 {product} {ergonomic}
   size_t MinHeapDeltaBytes                        = 1048576                                   {product} {ergonomic}
   size_t MinHeapSize                              = 8388608                                   {product} {ergonomic}
    uintx NonNMethodCodeHeapSize                   = 5839372                                {pd product} {ergonomic}
    uintx NonProfiledCodeHeapSize                  = 122909434                              {pd product} {ergonomic}
    uintx ProfiledCodeHeapSize                     = 122909434                              {pd product} {ergonomic}
    uintx ReservedCodeCacheSize                    = 251658240                              {pd product} {ergonomic}
     bool SegmentedCodeCache                       = true                                      {product} {ergonomic}
     bool ShowCodeDetailsInExceptionMessages       = true                                   {manageable} {command line}
   size_t SoftMaxHeapSize                          = 1579155456                             {manageable} {ergonomic}
     bool UseCompressedClassPointers               = true                                 {lp64_product} {ergonomic}
     bool UseCompressedOops                        = true                                 {lp64_product} {ergonomic}
     bool UseG1GC                                  = true                                      {product} {ergonomic}
     bool UseLargePagesIndividualAllocation        = false                                  {pd product} {ergonomic}

Logging:
Log output configuration:
 #0: stdout all=warning uptime,level,tags
 #1: stderr all=off uptime,level,tags

Environment Variables:
JAVA_HOME=C:\Program Files\Java\jdk1.8.0_271
CLASSPATH=C:\Program Files\Java\jdk-15.0.1\lib\*.jar
PATH=C:/Program Files/Java/jdk-15.0.1/bin/server;C:/Program Files/Java/jdk-15.0.1/bin;C:\Program Files (x86)\Common Files\Oracle\Java\javapath;C:\Program Files\Common Files\Oracle\Java\javapath;C:\windows\system32;C:\windows;C:\windows\System32\Wbem;C:\windows\System32\WindowsPowerShell\v1.0\;C:\windows\System32\OpenSSH\;C:\Program Files (x86)\NVIDIA Corporation\PhysX\Common;C:\Program Files\NVIDIA Corporation\NVIDIA NvDLISR;C:\Program Files\Microsoft SQL Server\130\Tools\Binn\;C:\Program Files\Microsoft SQL Server\Client SDK\ODBC\170\Tools\Binn\;C:\Program Files\dotnet\;C:\Program Files (x86)\Microsoft SQL Server\150\DTS\Binn\;C:\Program Files (x86)\Microsoft SQL Server\150\Tools\Binn\;C:\Program Files\Microsoft SQL Server\150\Tools\Binn\;C:\Program Files\Microsoft SQL Server\150\DTS\Binn\;C:\Program Files\nodejs\;C:\WINDOWS\system32;C:\WINDOWS;C:\WINDOWS\System32\Wbem;C:\WINDOWS\System32\WindowsPowerShell\v1.0\;C:\WINDOWS\System32\OpenSSH\;C:\Program Files\Git\cmd;C:\Program Files\Java\jdk-14.0.2\bin;C:\Users\121as\AppData\Local\Android\Sdk\tools;C:\Users\121as\AppData\Local\Android\Sdk\platform-tools;C:\Users\121as\AppData\Local\Android\Sdk\platforms;C:\Users\121as\AppData\Local\Android\Sdk\platform-tools;C:\Users\121as\AppData\Local\Android\Sdk\tools\bin;C:\Users\121as\AppData\Local\Android\Sdk\tools;C:\Program Files\nodejs\node_modules\npm\bin;C:\Program Files\Java\jdk1.8.0_271\bin;C:\Users\121as\AppData\Local\Microsoft\WindowsApps;C:\Users\121as\.dotnet\tools;C:\Users\121as\AppData\Roaming\npm;C:\Users\121as\AppData\Local\Programs\Microsoft VS Code\bin;C:\Program Files\PyCharm 2020.2.3\bin;;C:\Program Files\Python\Scripts;C:\Program Files\Python;;C:\Users\121as\OneDrive\Desktop;
USERNAME=121as
OS=Windows_NT
PROCESSOR_IDENTIFIER=AMD64 Family 23 Model 24 Stepping 1, AuthenticAMD



---------------  S Y S T E M  ---------------

OS:
 Windows 10 , 64 bit Build 19041 (10.0.19041.546)
OS uptime: 1 days 0:54 hours

CPU: total 8 (initial active 8) (8 cores per cpu, 2 threads per core) family 23 model 24 stepping 1 microcode 0x0, cmov, cx8, fxsr, mmx, sse, sse2, sse3, ssse3, sse4.1, sse4.2, popcnt, vzeroupper, avx, avx2, aes, clmul, 3dnowpref, lzcnt, sse4a, ht, tsc, tscinvbit, tscinv, bmi1, bmi2, adx, sha, fma, clflush, clflushopt

Memory: 4k page, system-wide physical 6021M (189M free)
TotalPageFile size 14021M (AvailPageFile size 0M)
current process WorkingSet (physical memory assigned to process): 90M, peak: 97M
current process commit charge ("private bytes"): 201M, peak: 208M

vm_info: Java HotSpot(TM) 64-Bit Server VM (15.0.1+9-18) for windows-amd64 JRE (15.0.1+9-18), built on Sep 15 2020 14:43:54 by "mach5one" with unknown MS VC++:1925

END.
