#
# There is insufficient memory for the Java Runtime Environment to continue.
# Native memory allocation (mmap) failed to map 100663296 bytes for G1 virtual space
# Possible reasons:
#   The system is out of physical RAM or swap space
#   The process is running with CompressedOops enabled, and the Java Heap may be blocking the growth of the native heap
# Possible solutions:
#   Reduce memory load on the system
#   Increase physical memory or swap space
#   Check if swap backing store is full
#   Decrease Java heap size (-Xmx/-Xms)
#   Decrease number of Java threads
#   Decrease Java thread stack sizes (-Xss)
#   Set larger code cache with -XX:ReservedCodeCacheSize=
#   JVM is running with Unscaled Compressed Oops mode in which the Java heap is
#     placed in the first 4GB address space. The Java Heap base address is the
#     maximum limit for the native heap growth. Please use -XX:HeapBaseMinAddress
#     to set the Java Heap base and to place the Java Heap above 4GB virtual address.
# This output file may be truncated or incomplete.
#
#  Out of Memory Error (./open/src/hotspot/os/windows/os_windows.cpp:3472), pid=25952, tid=12396
#
# JRE version:  (15.0.1+9) (build )
# Java VM: Java HotSpot(TM) 64-Bit Server VM (15.0.1+9-18, mixed mode, sharing, tiered, compressed oops, g1 gc, windows-amd64)
# No core dump will be written. Minidumps are not enabled by default on client versions of Windows
#

---------------  S U M M A R Y ------------

Command Line: -ea -Dfile.encoding=Cp1252 -XX:+ShowCodeDetailsInExceptionMessages org.testng.remote.RemoteTestNG -serport 63655 -protocol json -d C:\Users\121as\eclipse-workspacess\AppiumDemoProject\test-output C:\Users\121as\AppData\Local\Temp\testng-eclipse--650561058\testng-customsuite.xml

Host: AMD Ryzen 5 3550H with Radeon Vega Mobile Gfx  , 8 cores, 5G,  Windows 10 , 64 bit Build 19041 (10.0.19041.546)
Time: Sun Dec 13 23:24:46 2020 India Standard Time elapsed time: 0.022805 seconds (0d 0h 0m 0s)

---------------  T H R E A D  ---------------

Current thread (0x000001605f780920):  JavaThread "Unknown thread" [_thread_in_vm, id=12396, stack(0x000000489c600000,0x000000489c700000)]

Stack: [0x000000489c600000,0x000000489c700000]
Native frames: (J=compiled Java code, j=interpreted, Vv=VM code, C=native code)
V  [jvm.dll+0x62ae9a]
V  [jvm.dll+0x781389]
V  [jvm.dll+0x782ae3]
V  [jvm.dll+0x783143]
V  [jvm.dll+0x216265]
V  [jvm.dll+0x6281d9]
V  [jvm.dll+0x61cd15]
V  [jvm.dll+0x2d01fd]
V  [jvm.dll+0x2d0062]
V  [jvm.dll+0x2d603c]
V  [jvm.dll+0x325b2a]
V  [jvm.dll+0x3251f4]
V  [jvm.dll+0x2a717a]
V  [jvm.dll+0x2a8318]
V  [jvm.dll+0x75e101]
V  [jvm.dll+0x3343e4]
V  [jvm.dll+0x73e826]
V  [jvm.dll+0x3b7777]
V  [jvm.dll+0x3b9201]
C  [jli.dll+0x52fb]
C  [ucrtbase.dll+0x214c2]
C  [KERNEL32.DLL+0x17034]
C  [ntdll.dll+0x4cec1]


---------------  P R O C E S S  ---------------

Threads class SMR info:
_java_thread_list=0x00007ff8dff94ff0, length=0, elements={
}

Java Threads: ( => current thread )

Other Threads:
  0x000001605f7b4360 GCTaskThread "GC Thread#0" [stack: 0x000000489c700000,0x000000489c800000] [id=2380]
  0x000001605f7c1890 ConcurrentGCThread "G1 Main Marker" [stack: 0x000000489c800000,0x000000489c900000] [id=3340]
  0x000001605f7c2480 ConcurrentGCThread "G1 Conc#0" [stack: 0x000000489c900000,0x000000489ca00000] [id=11028]

[error occurred during error reporting (printing all threads), id 0xc0000005, EXCEPTION_ACCESS_VIOLATION (0xc0000005) at pc=0x00007ff8df788047]

VM state: not at safepoint (not fully initialized)

VM Mutex/Monitor currently owned by a thread:  ([mutex/lock_event])
[0x000001605f77bb30] Heap_lock - owner thread: 0x000001605f780920

Heap address: 0x00000000a1e00000, size: 1506 MB, Compressed Oops mode: 32-bit
CDS archive(s) mapped at: [0x0000000000000000-0x0000000000000000-0x0000000000000000), size 0, SharedBaseAddress: 0x0000000800000000, ArchiveRelocationMode: 0.
Narrow klass base: 0x0000000000000000, Narrow klass shift: 0, Narrow klass range: 0x0

Heap:
 garbage-first heap   total 98304K, used 0K [0x00000000a1e00000, 0x0000000100000000)
  region size 1024K, 0 young (0K), 0 survivors (0K)
 Metaspace       used 0K, capacity 0K, committed 0K, reserved 0K
  class space    used 0K, capacity 0K, committed 0K, reserved 0K

Heap Regions: E=young(eden), S=young(survivor), O=old, HS=humongous(starts), HC=humongous(continues), CS=collection set, F=free, OA=open archive, CA=closed archive, TAMS=top-at-mark-start (previous, next)

Card table byte_map: [0x0000016076fe0000,0x00000160772e0000] _byte_map_base: 0x0000016076ad1000

Marking Bits (Prev, Next): (CMBitMap*) 0x000001605f7b4b50, (CMBitMap*) 0x000001605f7b4b90
 Prev Bits: [0x00000160775e0000, 0x0000016078d68000)
 Next Bits: [0x0000016078d70000, 0x000001607a4f8000)

GC Heap History (0 events):
No events

Deoptimization events (0 events):
No events

Classes unloaded (0 events):
No events

Classes redefined (0 events):
No events

Internal exceptions (0 events):
No events

Events (1 events):
Event: 0.010 Loaded shared library C:\Program Files\Java\jdk-15.0.1\bin\java.dll


Dynamic libraries:
0x00007ff64bc40000 - 0x00007ff64bc4f000 	C:\Program Files\Java\jdk-15.0.1\bin\javaw.exe
0x00007ff952330000 - 0x00007ff952526000 	C:\WINDOWS\SYSTEM32\ntdll.dll
0x00007ff9516e0000 - 0x00007ff95179d000 	C:\WINDOWS\System32\KERNEL32.DLL
0x00007ff9500c0000 - 0x00007ff950388000 	C:\WINDOWS\System32\KERNELBASE.dll
0x00007ff94ffc0000 - 0x00007ff9500c0000 	C:\WINDOWS\System32\ucrtbase.dll
0x00007ff94a1b0000 - 0x00007ff94a1c9000 	C:\Program Files\Java\jdk-15.0.1\bin\VCRUNTIME140.dll
0x00007ff94b7c0000 - 0x00007ff94b7d8000 	C:\Program Files\Java\jdk-15.0.1\bin\jli.dll
0x00007ff950f20000 - 0x00007ff950fcc000 	C:\WINDOWS\System32\ADVAPI32.dll
0x00007ff950e80000 - 0x00007ff950f1e000 	C:\WINDOWS\System32\msvcrt.dll
0x00007ff952250000 - 0x00007ff9522eb000 	C:\WINDOWS\System32\sechost.dll
0x00007ff951ca0000 - 0x00007ff951dc4000 	C:\WINDOWS\System32\RPCRT4.dll
0x00007ff951f00000 - 0x00007ff9520a0000 	C:\WINDOWS\System32\USER32.dll
0x00007ff94fdc0000 - 0x00007ff94fde2000 	C:\WINDOWS\System32\win32u.dll
0x00007ff950470000 - 0x00007ff95049a000 	C:\WINDOWS\System32\GDI32.dll
0x00007ff94fcb0000 - 0x00007ff94fdb9000 	C:\WINDOWS\System32\gdi32full.dll
0x00007ff94fe70000 - 0x00007ff94ff0d000 	C:\WINDOWS\System32\msvcp_win.dll
0x00007ff93a330000 - 0x00007ff93a5cb000 	C:\WINDOWS\WinSxS\amd64_microsoft.windows.common-controls_6595b64144ccf1df_6.0.19041.488_none_ca04af081b815d21\COMCTL32.dll
0x00007ff947090000 - 0x00007ff94709a000 	C:\WINDOWS\SYSTEM32\VERSION.dll
0x00007ff951c70000 - 0x00007ff951ca0000 	C:\WINDOWS\System32\IMM32.DLL
0x00007ff94cf30000 - 0x00007ff94cf3c000 	C:\Program Files\Java\jdk-15.0.1\bin\vcruntime140_1.dll
0x00007ff918eb0000 - 0x00007ff918f41000 	C:\Program Files\Java\jdk-15.0.1\bin\msvcp140.dll
0x00007ff8df4d0000 - 0x00007ff8e002e000 	C:\Program Files\Java\jdk-15.0.1\bin\server\jvm.dll
0x00007ff9520a0000 - 0x00007ff9520a8000 	C:\WINDOWS\System32\PSAPI.DLL
0x00007ff944810000 - 0x00007ff944837000 	C:\WINDOWS\SYSTEM32\WINMM.dll
0x00007ff9472e0000 - 0x00007ff9472e9000 	C:\WINDOWS\SYSTEM32\WSOCK32.dll
0x00007ff9520b0000 - 0x00007ff95211b000 	C:\WINDOWS\System32\WS2_32.dll
0x00007ff94e330000 - 0x00007ff94e342000 	C:\WINDOWS\SYSTEM32\kernel.appcore.dll
0x00007ff93d560000 - 0x00007ff93d56a000 	C:\Program Files\Java\jdk-15.0.1\bin\jimage.dll
0x00007ff94e110000 - 0x00007ff94e2f4000 	C:\WINDOWS\SYSTEM32\DBGHELP.DLL
0x00007ff937600000 - 0x00007ff93762c000 	C:\WINDOWS\SYSTEM32\dbgcore.DLL
0x00007ff94fdf0000 - 0x00007ff94fe6f000 	C:\WINDOWS\System32\bcryptPrimitives.dll
0x00007ff9098d0000 - 0x00007ff9098f5000 	C:\Program Files\Java\jdk-15.0.1\bin\java.dll

dbghelp: loaded successfully - version: 4.0.5 - missing functions: none
symbol engine: initialized successfully - sym options: 0x614 - pdb path: .;C:\Program Files\Java\jdk-15.0.1\bin;C:\WINDOWS\SYSTEM32;C:\WINDOWS\WinSxS\amd64_microsoft.windows.common-controls_6595b64144ccf1df_6.0.19041.488_none_ca04af081b815d21;C:\Program Files\Java\jdk-15.0.1\bin\server

VM Arguments:
jvm_args: -ea -Dfile.encoding=Cp1252 -XX:+ShowCodeDetailsInExceptionMessages 
java_command: org.testng.remote.RemoteTestNG -serport 63655 -protocol json -d C:\Users\121as\eclipse-workspacess\AppiumDemoProject\test-output C:\Users\121as\AppData\Local\Temp\testng-eclipse--650561058\testng-customsuite.xml
java_class_path (initial): C:\Users\121as\eclipse\jee-2020-09\eclipse\configuration\org.eclipse.osgi\946\0\.cp\lib\testng-remote.jar;C:\Users\121as\eclipse-workspacess\AppiumDemoProject\target\test-classes;C:\Users\121as\eclipse-workspacess\AppiumDemoProject\target\classes;C:\Users\121as\Downloads\java-client-7.4.1.jar;C:\Users\121as\.p2\pool\plugins\org.testng_7.3.0.r202008060316.jar;C:\Users\121as\.p2\pool\plugins\com.beust.jcommander_1.78.0.jar;C:\Users\121as\.p2\pool\plugins\org.apache-extras.beanshell.bsh_2.0.0.b6.jar;C:\Users\121as\.p2\pool\plugins\org.yaml.snakeyaml_1.21.0.jar;C:\Users\121as\.m2\repository\io\appium\java-client\7.4.1\java-client-7.4.1.jar;C:\Users\121as\.m2\repository\org\seleniumhq\selenium\selenium-support\3.141.59\selenium-support-3.141.59.jar;C:\Users\121as\.m2\repository\org\seleniumhq\selenium\selenium-api\3.141.59\selenium-api-3.141.59.jar;C:\Users\121as\.m2\repository\com\google\code\gson\gson\2.8.6\gson-2.8.6.jar;C:\Users\121as\.m2\repository\org\apache\httpcomponents\httpclient\4.5.13\httpclient-4.5.13.jar;C:\Users\121as\.m2\repository\org\apache\httpcomponents\httpcore\4.4.13\httpcore-4.4.13.jar;C:\Users\121as\.m2\repository\commons-logging\commons-logging\1.2\commons-logging-1.2.jar;C:\Users\121as\.m2\repository\commons-codec\commons-codec\1.11\commons-codec-1.11.jar;C:\Users\121as\.m2\repository\cglib\cglib\3.3.0\cglib-3.3.0.jar;C:\Users\121as\.m2\repository\org\ow2\asm\asm\7.1\asm-7.1.jar;C:\Users\121as\.m2\repository\commons-validator\commons-validator\1.7\commons-validator-1.7.jar;C:\Users\121as\.m2\repository\commons-beanutils\commons-beanutils\1.9.4\commons-beanutils-1.9.4.jar;C:\Users\121as\.m2\repository\commons-digester\commons-digester\2.1\commons-digester-2.1.jar;C:\Users\121as\.m2\repository\commons-collections\commons-collections\3.2.2\commons-collections-3.2.2.jar;C:\Users\121as\.m2\repository\org\apache\commons\commons-lang3\3.11\commons-lang3-3.11.jar;C:\Users\121as\.m2\repository\commons-io\commons-io\2.8.0\comm
Launcher Type: SUN_STANDARD

[Global flags]
     intx CICompilerCount                          = 4                                         {product} {ergonomic}
     uint ConcGCThreads                            = 2                                         {product} {ergonomic}
     uint G1ConcRefinementThreads                  = 8                                         {product} {ergonomic}
   size_t G1HeapRegionSize                         = 1048576                                   {product} {ergonomic}
    uintx GCDrainStackTargetSize                   = 64                                        {product} {ergonomic}
   size_t InitialHeapSize                          = 100663296                                 {product} {ergonomic}
   size_t MarkStackSize                            = 4194304                                   {product} {ergonomic}
   size_t MaxHeapSize                              = 1579155456                                {product} {ergonomic}
   size_t MinHeapDeltaBytes                        = 1048576                                   {product} {ergonomic}
   size_t MinHeapSize                              = 8388608                                   {product} {ergonomic}
    uintx NonNMethodCodeHeapSize                   = 5839372                                {pd product} {ergonomic}
    uintx NonProfiledCodeHeapSize                  = 122909434                              {pd product} {ergonomic}
    uintx ProfiledCodeHeapSize                     = 122909434                              {pd product} {ergonomic}
    uintx ReservedCodeCacheSize                    = 251658240                              {pd product} {ergonomic}
     bool SegmentedCodeCache                       = true                                      {product} {ergonomic}
     bool ShowCodeDetailsInExceptionMessages       = true                                   {manageable} {command line}
   size_t SoftMaxHeapSize                          = 1579155456                             {manageable} {ergonomic}
     bool UseCompressedClassPointers               = true                                 {lp64_product} {ergonomic}
     bool UseCompressedOops                        = true                                 {lp64_product} {ergonomic}
     bool UseG1GC                                  = true                                      {product} {ergonomic}
     bool UseLargePagesIndividualAllocation        = false                                  {pd product} {ergonomic}

Logging:
Log output configuration:
 #0: stdout all=warning uptime,level,tags
 #1: stderr all=off uptime,level,tags

Environment Variables:
JAVA_HOME=C:\Program Files\Java\jdk1.8.0_271
CLASSPATH=C:\Program Files\Java\jdk-15.0.1\lib\*.jar
PATH=C:/Program Files/Java/jdk-15.0.1/bin/server;C:/Program Files/Java/jdk-15.0.1/bin;C:\Program Files (x86)\Common Files\Oracle\Java\javapath;C:\Program Files\Common Files\Oracle\Java\javapath;C:\windows\system32;C:\windows;C:\windows\System32\Wbem;C:\windows\System32\WindowsPowerShell\v1.0\;C:\windows\System32\OpenSSH\;C:\Program Files (x86)\NVIDIA Corporation\PhysX\Common;C:\Program Files\NVIDIA Corporation\NVIDIA NvDLISR;C:\Program Files\Microsoft SQL Server\130\Tools\Binn\;C:\Program Files\Microsoft SQL Server\Client SDK\ODBC\170\Tools\Binn\;C:\Program Files\dotnet\;C:\Program Files (x86)\Microsoft SQL Server\150\DTS\Binn\;C:\Program Files (x86)\Microsoft SQL Server\150\Tools\Binn\;C:\Program Files\Microsoft SQL Server\150\Tools\Binn\;C:\Program Files\Microsoft SQL Server\150\DTS\Binn\;C:\Program Files\nodejs\;C:\WINDOWS\system32;C:\WINDOWS;C:\WINDOWS\System32\Wbem;C:\WINDOWS\System32\WindowsPowerShell\v1.0\;C:\WINDOWS\System32\OpenSSH\;C:\Program Files\Git\cmd;C:\Program Files\Java\jdk-14.0.2\bin;C:\Users\121as\AppData\Local\Android\Sdk\tools;C:\Users\121as\AppData\Local\Android\Sdk\platform-tools;C:\Users\121as\AppData\Local\Android\Sdk\platforms;C:\Users\121as\AppData\Local\Android\Sdk\platform-tools;C:\Users\121as\AppData\Local\Android\Sdk\tools\bin;C:\Users\121as\AppData\Local\Android\Sdk\tools;C:\Program Files\nodejs\node_modules\npm\bin;C:\Program Files\Java\jdk1.8.0_271\bin;C:\Users\121as\AppData\Local\Microsoft\WindowsApps;C:\Users\121as\.dotnet\tools;C:\Users\121as\AppData\Roaming\npm;C:\Users\121as\AppData\Local\Programs\Microsoft VS Code\bin;C:\Program Files\PyCharm 2020.2.3\bin;;C:\Program Files\Python\Scripts;C:\Program Files\Python;;C:\Users\121as\OneDrive\Desktop;
USERNAME=121as
OS=Windows_NT
PROCESSOR_IDENTIFIER=AMD64 Family 23 Model 24 Stepping 1, AuthenticAMD



---------------  S Y S T E M  ---------------

OS:
 Windows 10 , 64 bit Build 19041 (10.0.19041.546)
OS uptime: 2 days 4:30 hours

CPU: total 8 (initial active 8) (8 cores per cpu, 2 threads per core) family 23 model 24 stepping 1 microcode 0x0, cmov, cx8, fxsr, mmx, sse, sse2, sse3, ssse3, sse4.1, sse4.2, popcnt, vzeroupper, avx, avx2, aes, clmul, 3dnowpref, lzcnt, sse4a, ht, tsc, tscinvbit, tscinv, bmi1, bmi2, adx, sha, fma, clflush, clflushopt

Memory: 4k page, system-wide physical 6021M (309M free)
TotalPageFile size 14021M (AvailPageFile size 81M)
current process WorkingSet (physical memory assigned to process): 10M, peak: 10M
current process commit charge ("private bytes"): 60M, peak: 156M

vm_info: Java HotSpot(TM) 64-Bit Server VM (15.0.1+9-18) for windows-amd64 JRE (15.0.1+9-18), built on Sep 15 2020 14:43:54 by "mach5one" with unknown MS VC++:1925

END.
