#
# There is insufficient memory for the Java Runtime Environment to continue.
# Native memory allocation (malloc) failed to allocate 32744 bytes for ChunkPool::allocate
# Possible reasons:
#   The system is out of physical RAM or swap space
#   The process is running with CompressedOops enabled, and the Java Heap may be blocking the growth of the native heap
# Possible solutions:
#   Reduce memory load on the system
#   Increase physical memory or swap space
#   Check if swap backing store is full
#   Decrease Java heap size (-Xmx/-Xms)
#   Decrease number of Java threads
#   Decrease Java thread stack sizes (-Xss)
#   Set larger code cache with -XX:ReservedCodeCacheSize=
#   JVM is running with Unscaled Compressed Oops mode in which the Java heap is
#     placed in the first 4GB address space. The Java Heap base address is the
#     maximum limit for the native heap growth. Please use -XX:HeapBaseMinAddress
#     to set the Java Heap base and to place the Java Heap above 4GB virtual address.
# This output file may be truncated or incomplete.
#
#  Out of Memory Error (./open/src/hotspot/share/memory/arena.cpp:79), pid=18452, tid=5352
#
# JRE version: Java(TM) SE Runtime Environment (15.0.1+9) (build 15.0.1+9-18)
# Java VM: Java HotSpot(TM) 64-Bit Server VM (15.0.1+9-18, mixed mode, tiered, compressed oops, g1 gc, windows-amd64)
# No core dump will be written. Minidumps are not enabled by default on client versions of Windows
#

---------------  S U M M A R Y ------------

Command Line: -ea -Dfile.encoding=Cp1252 -XX:+ShowCodeDetailsInExceptionMessages org.testng.remote.RemoteTestNG -serport 58240 -protocol json -d C:\Users\121as\eclipse-workspacess\AppiumDemoProject\test-output C:\Users\121as\AppData\Local\Temp\testng-eclipse-2047046464\testng-customsuite.xml

Host: AMD Ryzen 5 3550H with Radeon Vega Mobile Gfx  , 8 cores, 5G,  Windows 10 , 64 bit Build 19041 (10.0.19041.546)
Time: Sun Dec 13 23:09:34 2020 India Standard Time elapsed time: 0.436796 seconds (0d 0h 0m 0s)

---------------  T H R E A D  ---------------

Current thread (0x0000022500b39370):  JavaThread "C2 CompilerThread0" daemon [_thread_in_native, id=5352, stack(0x000000c3a4a00000,0x000000c3a4b00000)]


Current CompileTask:
C2:    437  230       4       java.lang.StringLatin1::equals (36 bytes)

Stack: [0x000000c3a4a00000,0x000000c3a4b00000]
Native frames: (J=compiled Java code, j=interpreted, Vv=VM code, C=native code)
V  [jvm.dll+0x62ae9a]
V  [jvm.dll+0x781389]
V  [jvm.dll+0x782ae3]
V  [jvm.dll+0x783143]
V  [jvm.dll+0x216265]
V  [jvm.dll+0x9828f]
V  [jvm.dll+0x9806d]
V  [jvm.dll+0x609ad4]
V  [jvm.dll+0x6552da]
V  [jvm.dll+0x18e3ad]
V  [jvm.dll+0x1ea762]
V  [jvm.dll+0x1e98ae]
V  [jvm.dll+0x1784c7]
V  [jvm.dll+0x1f9165]
V  [jvm.dll+0x1f720c]
V  [jvm.dll+0x74485d]
V  [jvm.dll+0x73d65a]
V  [jvm.dll+0x629c56]
C  [ucrtbase.dll+0x214c2]
C  [KERNEL32.DLL+0x17034]
C  [ntdll.dll+0x4cec1]


---------------  P R O C E S S  ---------------

Threads class SMR info:
_java_thread_list=0x0000022500c75a00, length=11, elements={
0x0000022557ee04a0, 0x00000225001f8130, 0x00000225001fb4b0, 0x0000022500b2d850,
0x0000022500b30220, 0x0000022500b31c10, 0x0000022500b39370, 0x0000022500b3c2d0,
0x0000022500b50380, 0x0000022500cb80d0, 0x0000022500cdd570
}

Java Threads: ( => current thread )
  0x0000022557ee04a0 JavaThread "main" [_thread_in_vm, id=5052, stack(0x000000c3a3e00000,0x000000c3a3f00000)]
  0x00000225001f8130 JavaThread "Reference Handler" daemon [_thread_blocked, id=18768, stack(0x000000c3a4500000,0x000000c3a4600000)]
  0x00000225001fb4b0 JavaThread "Finalizer" daemon [_thread_blocked, id=10948, stack(0x000000c3a4600000,0x000000c3a4700000)]
  0x0000022500b2d850 JavaThread "Signal Dispatcher" daemon [_thread_blocked, id=22204, stack(0x000000c3a4700000,0x000000c3a4800000)]
  0x0000022500b30220 JavaThread "Attach Listener" daemon [_thread_blocked, id=7160, stack(0x000000c3a4800000,0x000000c3a4900000)]
  0x0000022500b31c10 JavaThread "Service Thread" daemon [_thread_blocked, id=20140, stack(0x000000c3a4900000,0x000000c3a4a00000)]
=>0x0000022500b39370 JavaThread "C2 CompilerThread0" daemon [_thread_in_native, id=5352, stack(0x000000c3a4a00000,0x000000c3a4b00000)]
  0x0000022500b3c2d0 JavaThread "C1 CompilerThread0" daemon [_thread_blocked, id=1116, stack(0x000000c3a4b00000,0x000000c3a4c00000)]
  0x0000022500b50380 JavaThread "Sweeper thread" daemon [_thread_blocked, id=11808, stack(0x000000c3a4c00000,0x000000c3a4d00000)]
  0x0000022500cb80d0 JavaThread "Notification Thread" daemon [_thread_blocked, id=20744, stack(0x000000c3a4d00000,0x000000c3a4e00000)]
  0x0000022500cdd570 JavaThread "Common-Cleaner" daemon [_thread_blocked, id=12052, stack(0x000000c3a4f00000,0x000000c3a5000000)]

Other Threads:
  0x000002250018bae0 VMThread "VM Thread" [stack: 0x000000c3a4400000,0x000000c3a4500000] [id=16220]
  0x0000022500ccabb0 WatcherThread [stack: 0x000000c3a4e00000,0x000000c3a4f00000] [id=16708]
  0x0000022557f15060 GCTaskThread "GC Thread#0" [stack: 0x000000c3a3f00000,0x000000c3a4000000] [id=16976]
  0x0000022557f21df0 ConcurrentGCThread "G1 Main Marker" [stack: 0x000000c3a4000000,0x000000c3a4100000] [id=17228]
  0x0000022557f229e0 ConcurrentGCThread "G1 Conc#0" [stack: 0x000000c3a4100000,0x000000c3a4200000] [id=22484]
  0x0000022557f985d0 ConcurrentGCThread "G1 Refine#0" [stack: 0x000000c3a4200000,0x000000c3a4300000] [id=25740]
  0x0000022557f991d0 ConcurrentGCThread "G1 Young RemSet Sampling" [stack: 0x000000c3a4300000,0x000000c3a4400000] [id=22828]

Threads with active compile tasks:
C2 CompilerThread0      478  230       4       java.lang.StringLatin1::equals (36 bytes)

VM state: not at safepoint (normal execution)

VM Mutex/Monitor currently owned by a thread: None

Heap address: 0x00000000a1e00000, size: 1506 MB, Compressed Oops mode: 32-bit
CDS disabled.
Compressed class space mapped at: 0x0000000100000000-0x0000000140000000, size: 1073741824
Narrow klass base: 0x0000000000000000, Narrow klass shift: 3, Narrow klass range: 0x140000000

GC Precious Log:
 CPUs: 8 total, 8 available
 Memory: 6021M
 Large Page Support: Disabled
 NUMA Support: Disabled
 Compressed Oops: Enabled (32-bit)
 Heap Region Size: 1M
 Heap Min Capacity: 8M
 Heap Initial Capacity: 96M
 Heap Max Capacity: 1506M
 Pre-touch: Disabled
 Parallel Workers: 8
 Concurrent Workers: 2
 Concurrent Refinement Workers: 8
 Periodic GC: Disabled

Heap:
 garbage-first heap   total 98304K, used 2048K [0x00000000a1e00000, 0x0000000100000000)
  region size 1024K, 3 young (3072K), 0 survivors (0K)
 Metaspace       used 6227K, capacity 6343K, committed 6528K, reserved 1060864K
  class space    used 517K, capacity 561K, committed 640K, reserved 1048576K

Heap Regions: E=young(eden), S=young(survivor), O=old, HS=humongous(starts), HC=humongous(continues), CS=collection set, F=free, OA=open archive, CA=closed archive, TAMS=top-at-mark-start (previous, next)
|   0|0x00000000a1e00000, 0x00000000a1e00000, 0x00000000a1f00000|  0%| F|  |TAMS 0x00000000a1e00000, 0x00000000a1e00000| Untracked 
|   1|0x00000000a1f00000, 0x00000000a1f00000, 0x00000000a2000000|  0%| F|  |TAMS 0x00000000a1f00000, 0x00000000a1f00000| Untracked 
|   2|0x00000000a2000000, 0x00000000a2000000, 0x00000000a2100000|  0%| F|  |TAMS 0x00000000a2000000, 0x00000000a2000000| Untracked 
|   3|0x00000000a2100000, 0x00000000a2100000, 0x00000000a2200000|  0%| F|  |TAMS 0x00000000a2100000, 0x00000000a2100000| Untracked 
|   4|0x00000000a2200000, 0x00000000a2200000, 0x00000000a2300000|  0%| F|  |TAMS 0x00000000a2200000, 0x00000000a2200000| Untracked 
|   5|0x00000000a2300000, 0x00000000a2300000, 0x00000000a2400000|  0%| F|  |TAMS 0x00000000a2300000, 0x00000000a2300000| Untracked 
|   6|0x00000000a2400000, 0x00000000a2400000, 0x00000000a2500000|  0%| F|  |TAMS 0x00000000a2400000, 0x00000000a2400000| Untracked 
|   7|0x00000000a2500000, 0x00000000a2500000, 0x00000000a2600000|  0%| F|  |TAMS 0x00000000a2500000, 0x00000000a2500000| Untracked 
|   8|0x00000000a2600000, 0x00000000a2600000, 0x00000000a2700000|  0%| F|  |TAMS 0x00000000a2600000, 0x00000000a2600000| Untracked 
|   9|0x00000000a2700000, 0x00000000a2700000, 0x00000000a2800000|  0%| F|  |TAMS 0x00000000a2700000, 0x00000000a2700000| Untracked 
|  10|0x00000000a2800000, 0x00000000a2800000, 0x00000000a2900000|  0%| F|  |TAMS 0x00000000a2800000, 0x00000000a2800000| Untracked 
|  11|0x00000000a2900000, 0x00000000a2900000, 0x00000000a2a00000|  0%| F|  |TAMS 0x00000000a2900000, 0x00000000a2900000| Untracked 
|  12|0x00000000a2a00000, 0x00000000a2a00000, 0x00000000a2b00000|  0%| F|  |TAMS 0x00000000a2a00000, 0x00000000a2a00000| Untracked 
|  13|0x00000000a2b00000, 0x00000000a2b00000, 0x00000000a2c00000|  0%| F|  |TAMS 0x00000000a2b00000, 0x00000000a2b00000| Untracked 
|  14|0x00000000a2c00000, 0x00000000a2c00000, 0x00000000a2d00000|  0%| F|  |TAMS 0x00000000a2c00000, 0x00000000a2c00000| Untracked 
|  15|0x00000000a2d00000, 0x00000000a2d00000, 0x00000000a2e00000|  0%| F|  |TAMS 0x00000000a2d00000, 0x00000000a2d00000| Untracked 
|  16|0x00000000a2e00000, 0x00000000a2e00000, 0x00000000a2f00000|  0%| F|  |TAMS 0x00000000a2e00000, 0x00000000a2e00000| Untracked 
|  17|0x00000000a2f00000, 0x00000000a2f00000, 0x00000000a3000000|  0%| F|  |TAMS 0x00000000a2f00000, 0x00000000a2f00000| Untracked 
|  18|0x00000000a3000000, 0x00000000a3000000, 0x00000000a3100000|  0%| F|  |TAMS 0x00000000a3000000, 0x00000000a3000000| Untracked 
|  19|0x00000000a3100000, 0x00000000a3100000, 0x00000000a3200000|  0%| F|  |TAMS 0x00000000a3100000, 0x00000000a3100000| Untracked 
|  20|0x00000000a3200000, 0x00000000a3200000, 0x00000000a3300000|  0%| F|  |TAMS 0x00000000a3200000, 0x00000000a3200000| Untracked 
|  21|0x00000000a3300000, 0x00000000a3300000, 0x00000000a3400000|  0%| F|  |TAMS 0x00000000a3300000, 0x00000000a3300000| Untracked 
|  22|0x00000000a3400000, 0x00000000a3400000, 0x00000000a3500000|  0%| F|  |TAMS 0x00000000a3400000, 0x00000000a3400000| Untracked 
|  23|0x00000000a3500000, 0x00000000a3500000, 0x00000000a3600000|  0%| F|  |TAMS 0x00000000a3500000, 0x00000000a3500000| Untracked 
|  24|0x00000000a3600000, 0x00000000a3600000, 0x00000000a3700000|  0%| F|  |TAMS 0x00000000a3600000, 0x00000000a3600000| Untracked 
|  25|0x00000000a3700000, 0x00000000a3700000, 0x00000000a3800000|  0%| F|  |TAMS 0x00000000a3700000, 0x00000000a3700000| Untracked 
|  26|0x00000000a3800000, 0x00000000a3800000, 0x00000000a3900000|  0%| F|  |TAMS 0x00000000a3800000, 0x00000000a3800000| Untracked 
|  27|0x00000000a3900000, 0x00000000a3900000, 0x00000000a3a00000|  0%| F|  |TAMS 0x00000000a3900000, 0x00000000a3900000| Untracked 
|  28|0x00000000a3a00000, 0x00000000a3a00000, 0x00000000a3b00000|  0%| F|  |TAMS 0x00000000a3a00000, 0x00000000a3a00000| Untracked 
|  29|0x00000000a3b00000, 0x00000000a3b00000, 0x00000000a3c00000|  0%| F|  |TAMS 0x00000000a3b00000, 0x00000000a3b00000| Untracked 
|  30|0x00000000a3c00000, 0x00000000a3c00000, 0x00000000a3d00000|  0%| F|  |TAMS 0x00000000a3c00000, 0x00000000a3c00000| Untracked 
|  31|0x00000000a3d00000, 0x00000000a3d00000, 0x00000000a3e00000|  0%| F|  |TAMS 0x00000000a3d00000, 0x00000000a3d00000| Untracked 
|  32|0x00000000a3e00000, 0x00000000a3e00000, 0x00000000a3f00000|  0%| F|  |TAMS 0x00000000a3e00000, 0x00000000a3e00000| Untracked 
|  33|0x00000000a3f00000, 0x00000000a3f00000, 0x00000000a4000000|  0%| F|  |TAMS 0x00000000a3f00000, 0x00000000a3f00000| Untracked 
|  34|0x00000000a4000000, 0x00000000a4000000, 0x00000000a4100000|  0%| F|  |TAMS 0x00000000a4000000, 0x00000000a4000000| Untracked 
|  35|0x00000000a4100000, 0x00000000a4100000, 0x00000000a4200000|  0%| F|  |TAMS 0x00000000a4100000, 0x00000000a4100000| Untracked 
|  36|0x00000000a4200000, 0x00000000a4200000, 0x00000000a4300000|  0%| F|  |TAMS 0x00000000a4200000, 0x00000000a4200000| Untracked 
|  37|0x00000000a4300000, 0x00000000a4300000, 0x00000000a4400000|  0%| F|  |TAMS 0x00000000a4300000, 0x00000000a4300000| Untracked 
|  38|0x00000000a4400000, 0x00000000a4400000, 0x00000000a4500000|  0%| F|  |TAMS 0x00000000a4400000, 0x00000000a4400000| Untracked 
|  39|0x00000000a4500000, 0x00000000a4500000, 0x00000000a4600000|  0%| F|  |TAMS 0x00000000a4500000, 0x00000000a4500000| Untracked 
|  40|0x00000000a4600000, 0x00000000a4600000, 0x00000000a4700000|  0%| F|  |TAMS 0x00000000a4600000, 0x00000000a4600000| Untracked 
|  41|0x00000000a4700000, 0x00000000a4700000, 0x00000000a4800000|  0%| F|  |TAMS 0x00000000a4700000, 0x00000000a4700000| Untracked 
|  42|0x00000000a4800000, 0x00000000a4800000, 0x00000000a4900000|  0%| F|  |TAMS 0x00000000a4800000, 0x00000000a4800000| Untracked 
|  43|0x00000000a4900000, 0x00000000a4900000, 0x00000000a4a00000|  0%| F|  |TAMS 0x00000000a4900000, 0x00000000a4900000| Untracked 
|  44|0x00000000a4a00000, 0x00000000a4a00000, 0x00000000a4b00000|  0%| F|  |TAMS 0x00000000a4a00000, 0x00000000a4a00000| Untracked 
|  45|0x00000000a4b00000, 0x00000000a4b00000, 0x00000000a4c00000|  0%| F|  |TAMS 0x00000000a4b00000, 0x00000000a4b00000| Untracked 
|  46|0x00000000a4c00000, 0x00000000a4c00000, 0x00000000a4d00000|  0%| F|  |TAMS 0x00000000a4c00000, 0x00000000a4c00000| Untracked 
|  47|0x00000000a4d00000, 0x00000000a4d00000, 0x00000000a4e00000|  0%| F|  |TAMS 0x00000000a4d00000, 0x00000000a4d00000| Untracked 
|  48|0x00000000a4e00000, 0x00000000a4e00000, 0x00000000a4f00000|  0%| F|  |TAMS 0x00000000a4e00000, 0x00000000a4e00000| Untracked 
|  49|0x00000000a4f00000, 0x00000000a4f00000, 0x00000000a5000000|  0%| F|  |TAMS 0x00000000a4f00000, 0x00000000a4f00000| Untracked 
|  50|0x00000000a5000000, 0x00000000a5000000, 0x00000000a5100000|  0%| F|  |TAMS 0x00000000a5000000, 0x00000000a5000000| Untracked 
|  51|0x00000000a5100000, 0x00000000a5100000, 0x00000000a5200000|  0%| F|  |TAMS 0x00000000a5100000, 0x00000000a5100000| Untracked 
|  52|0x00000000a5200000, 0x00000000a5200000, 0x00000000a5300000|  0%| F|  |TAMS 0x00000000a5200000, 0x00000000a5200000| Untracked 
|  53|0x00000000a5300000, 0x00000000a5300000, 0x00000000a5400000|  0%| F|  |TAMS 0x00000000a5300000, 0x00000000a5300000| Untracked 
|  54|0x00000000a5400000, 0x00000000a5400000, 0x00000000a5500000|  0%| F|  |TAMS 0x00000000a5400000, 0x00000000a5400000| Untracked 
|  55|0x00000000a5500000, 0x00000000a5500000, 0x00000000a5600000|  0%| F|  |TAMS 0x00000000a5500000, 0x00000000a5500000| Untracked 
|  56|0x00000000a5600000, 0x00000000a5600000, 0x00000000a5700000|  0%| F|  |TAMS 0x00000000a5600000, 0x00000000a5600000| Untracked 
|  57|0x00000000a5700000, 0x00000000a5700000, 0x00000000a5800000|  0%| F|  |TAMS 0x00000000a5700000, 0x00000000a5700000| Untracked 
|  58|0x00000000a5800000, 0x00000000a5800000, 0x00000000a5900000|  0%| F|  |TAMS 0x00000000a5800000, 0x00000000a5800000| Untracked 
|  59|0x00000000a5900000, 0x00000000a5900000, 0x00000000a5a00000|  0%| F|  |TAMS 0x00000000a5900000, 0x00000000a5900000| Untracked 
|  60|0x00000000a5a00000, 0x00000000a5a00000, 0x00000000a5b00000|  0%| F|  |TAMS 0x00000000a5a00000, 0x00000000a5a00000| Untracked 
|  61|0x00000000a5b00000, 0x00000000a5b00000, 0x00000000a5c00000|  0%| F|  |TAMS 0x00000000a5b00000, 0x00000000a5b00000| Untracked 
|  62|0x00000000a5c00000, 0x00000000a5c00000, 0x00000000a5d00000|  0%| F|  |TAMS 0x00000000a5c00000, 0x00000000a5c00000| Untracked 
|  63|0x00000000a5d00000, 0x00000000a5d00000, 0x00000000a5e00000|  0%| F|  |TAMS 0x00000000a5d00000, 0x00000000a5d00000| Untracked 
|  64|0x00000000a5e00000, 0x00000000a5e00000, 0x00000000a5f00000|  0%| F|  |TAMS 0x00000000a5e00000, 0x00000000a5e00000| Untracked 
|  65|0x00000000a5f00000, 0x00000000a5f00000, 0x00000000a6000000|  0%| F|  |TAMS 0x00000000a5f00000, 0x00000000a5f00000| Untracked 
|  66|0x00000000a6000000, 0x00000000a6000000, 0x00000000a6100000|  0%| F|  |TAMS 0x00000000a6000000, 0x00000000a6000000| Untracked 
|  67|0x00000000a6100000, 0x00000000a6100000, 0x00000000a6200000|  0%| F|  |TAMS 0x00000000a6100000, 0x00000000a6100000| Untracked 
|  68|0x00000000a6200000, 0x00000000a6200000, 0x00000000a6300000|  0%| F|  |TAMS 0x00000000a6200000, 0x00000000a6200000| Untracked 
|  69|0x00000000a6300000, 0x00000000a6300000, 0x00000000a6400000|  0%| F|  |TAMS 0x00000000a6300000, 0x00000000a6300000| Untracked 
|  70|0x00000000a6400000, 0x00000000a6400000, 0x00000000a6500000|  0%| F|  |TAMS 0x00000000a6400000, 0x00000000a6400000| Untracked 
|  71|0x00000000a6500000, 0x00000000a6500000, 0x00000000a6600000|  0%| F|  |TAMS 0x00000000a6500000, 0x00000000a6500000| Untracked 
|  72|0x00000000a6600000, 0x00000000a6600000, 0x00000000a6700000|  0%| F|  |TAMS 0x00000000a6600000, 0x00000000a6600000| Untracked 
|  73|0x00000000a6700000, 0x00000000a6700000, 0x00000000a6800000|  0%| F|  |TAMS 0x00000000a6700000, 0x00000000a6700000| Untracked 
|  74|0x00000000a6800000, 0x00000000a6800000, 0x00000000a6900000|  0%| F|  |TAMS 0x00000000a6800000, 0x00000000a6800000| Untracked 
|  75|0x00000000a6900000, 0x00000000a6900000, 0x00000000a6a00000|  0%| F|  |TAMS 0x00000000a6900000, 0x00000000a6900000| Untracked 
|  76|0x00000000a6a00000, 0x00000000a6a00000, 0x00000000a6b00000|  0%| F|  |TAMS 0x00000000a6a00000, 0x00000000a6a00000| Untracked 
|  77|0x00000000a6b00000, 0x00000000a6b00000, 0x00000000a6c00000|  0%| F|  |TAMS 0x00000000a6b00000, 0x00000000a6b00000| Untracked 
|  78|0x00000000a6c00000, 0x00000000a6c00000, 0x00000000a6d00000|  0%| F|  |TAMS 0x00000000a6c00000, 0x00000000a6c00000| Untracked 
|  79|0x00000000a6d00000, 0x00000000a6d00000, 0x00000000a6e00000|  0%| F|  |TAMS 0x00000000a6d00000, 0x00000000a6d00000| Untracked 
|  80|0x00000000a6e00000, 0x00000000a6e00000, 0x00000000a6f00000|  0%| F|  |TAMS 0x00000000a6e00000, 0x00000000a6e00000| Untracked 
|  81|0x00000000a6f00000, 0x00000000a6f00000, 0x00000000a7000000|  0%| F|  |TAMS 0x00000000a6f00000, 0x00000000a6f00000| Untracked 
|  82|0x00000000a7000000, 0x00000000a7000000, 0x00000000a7100000|  0%| F|  |TAMS 0x00000000a7000000, 0x00000000a7000000| Untracked 
|  83|0x00000000a7100000, 0x00000000a7100000, 0x00000000a7200000|  0%| F|  |TAMS 0x00000000a7100000, 0x00000000a7100000| Untracked 
|  84|0x00000000a7200000, 0x00000000a7200000, 0x00000000a7300000|  0%| F|  |TAMS 0x00000000a7200000, 0x00000000a7200000| Untracked 
|  85|0x00000000a7300000, 0x00000000a7300000, 0x00000000a7400000|  0%| F|  |TAMS 0x00000000a7300000, 0x00000000a7300000| Untracked 
|  86|0x00000000a7400000, 0x00000000a7400000, 0x00000000a7500000|  0%| F|  |TAMS 0x00000000a7400000, 0x00000000a7400000| Untracked 
|  87|0x00000000a7500000, 0x00000000a7500000, 0x00000000a7600000|  0%| F|  |TAMS 0x00000000a7500000, 0x00000000a7500000| Untracked 
|  88|0x00000000a7600000, 0x00000000a7600000, 0x00000000a7700000|  0%| F|  |TAMS 0x00000000a7600000, 0x00000000a7600000| Untracked 
|  89|0x00000000a7700000, 0x00000000a7700000, 0x00000000a7800000|  0%| F|  |TAMS 0x00000000a7700000, 0x00000000a7700000| Untracked 
|  90|0x00000000a7800000, 0x00000000a7800000, 0x00000000a7900000|  0%| F|  |TAMS 0x00000000a7800000, 0x00000000a7800000| Untracked 
|  91|0x00000000a7900000, 0x00000000a7900000, 0x00000000a7a00000|  0%| F|  |TAMS 0x00000000a7900000, 0x00000000a7900000| Untracked 
|  92|0x00000000a7a00000, 0x00000000a7a00000, 0x00000000a7b00000|  0%| F|  |TAMS 0x00000000a7a00000, 0x00000000a7a00000| Untracked 
|  93|0x00000000a7b00000, 0x00000000a7b76458, 0x00000000a7c00000| 46%| E|  |TAMS 0x00000000a7b00000, 0x00000000a7b00000| Complete 
|  94|0x00000000a7c00000, 0x00000000a7d00000, 0x00000000a7d00000|100%| E|CS|TAMS 0x00000000a7c00000, 0x00000000a7c00000| Complete 
|  95|0x00000000a7d00000, 0x00000000a7e00000, 0x00000000a7e00000|100%| E|CS|TAMS 0x00000000a7d00000, 0x00000000a7d00000| Complete 

Card table byte_map: [0x000002256f740000,0x000002256fa40000] _byte_map_base: 0x000002256f231000

Marking Bits (Prev, Next): (CMBitMap*) 0x0000022557f15850, (CMBitMap*) 0x0000022557f15890
 Prev Bits: [0x000002256fd40000, 0x00000225714c8000)
 Next Bits: [0x00000225714d0000, 0x0000022572c58000)

Polling page: 0x0000022555da0000

Metaspace:

Usage:
  Non-class:      5.65 MB capacity,     5.58 MB ( 99%) used,    69.11 KB (  1%) free+waste,     2.12 KB ( <1%) overhead. 
      Class:    561.00 KB capacity,   517.15 KB ( 92%) used,    42.91 KB (  8%) free+waste,   960 bytes ( <1%) overhead. 
       Both:      6.19 MB capacity,     6.08 MB ( 98%) used,   112.02 KB (  2%) free+waste,     3.06 KB ( <1%) overhead. 

Virtual space:
  Non-class space:       12.00 MB reserved,       5.75 MB ( 48%) committed 
      Class space:        1.00 GB reserved,     640.00 KB ( <1%) committed 
             Both:        1.01 GB reserved,       6.38 MB ( <1%) committed 

Chunk freelists:
   Non-Class:  42.00 KB
       Class:  15.00 KB
        Both:  57.00 KB

MaxMetaspaceSize: 17179869184.00 GB
CompressedClassSpaceSize: 1.00 GB

CodeHeap 'non-profiled nmethods': size=120000Kb used=57Kb max_used=57Kb free=119942Kb
 bounds [0x0000022567be0000, 0x0000022567e50000, 0x000002256f110000]
CodeHeap 'profiled nmethods': size=120000Kb used=339Kb max_used=339Kb free=119660Kb
 bounds [0x00000225606b0000, 0x0000022560920000, 0x0000022567be0000]
CodeHeap 'non-nmethods': size=5760Kb used=1109Kb max_used=1109Kb free=4650Kb
 bounds [0x0000022560110000, 0x0000022560380000, 0x00000225606b0000]
 total_blobs=584 nmethods=235 adapters=262
 compilation: enabled
              stopped_count=0, restarted_count=0
 full_count=0

Compilation events (20 events):
Event: 0.424 Thread 0x0000022500b3c2d0  220       3       jdk.internal.org.objectweb.asm.SymbolTable::hash (10 bytes)
Event: 0.424 Thread 0x0000022500b3c2d0 nmethod 220 0x00000225606f5990 code [0x00000225606f5b40, 0x00000225606f5c68]
Event: 0.424 Thread 0x0000022500b3c2d0  222       3       jdk.internal.org.objectweb.asm.ByteVector::putUTF8 (144 bytes)
Event: 0.425 Thread 0x0000022500b3c2d0 nmethod 222 0x00000225606f5d10 code [0x00000225606f5f80, 0x00000225606f6a68]
Event: 0.426 Thread 0x0000022500b3c2d0  223       3       jdk.internal.org.objectweb.asm.Symbol::<init> (38 bytes)
Event: 0.426 Thread 0x0000022500b3c2d0 nmethod 223 0x00000225606f6f90 code [0x00000225606f7140, 0x00000225606f73d8]
Event: 0.426 Thread 0x0000022500b3c2d0  221       3       java.lang.invoke.MethodType$ConcurrentWeakInternSet::expungeStaleElements (27 bytes)
Event: 0.426 Thread 0x0000022500b3c2d0 nmethod 221 0x00000225606f7490 code [0x00000225606f7680, 0x00000225606f7b78]
Event: 0.426 Thread 0x0000022500b3c2d0  224       1       java.lang.reflect.Method::getName (5 bytes)
Event: 0.426 Thread 0x0000022500b3c2d0 nmethod 224 0x0000022567bedc90 code [0x0000022567bede20, 0x0000022567beded8]
Event: 0.427 Thread 0x0000022500b3c2d0  225       1       java.lang.reflect.Method::getReturnType (5 bytes)
Event: 0.427 Thread 0x0000022500b3c2d0 nmethod 225 0x0000022567bedf90 code [0x0000022567bee120, 0x0000022567bee1d8]
Event: 0.427 Thread 0x0000022500b3c2d0  226       3       jdk.internal.org.objectweb.asm.SymbolTable::addConstantUtf8 (98 bytes)
Event: 0.427 Thread 0x0000022500b3c2d0 nmethod 226 0x00000225606f7d90 code [0x00000225606f7fc0, 0x00000225606f8598]
Event: 0.427 Thread 0x0000022500b3c2d0  227       3       jdk.internal.org.objectweb.asm.SymbolTable$Entry::<init> (17 bytes)
Event: 0.428 Thread 0x0000022500b3c2d0 nmethod 227 0x00000225606f8910 code [0x00000225606f8ac0, 0x00000225606f8c28]
Event: 0.428 Thread 0x0000022500b3c2d0  228       3       jdk.internal.org.objectweb.asm.ByteVector::putShort (52 bytes)
Event: 0.428 Thread 0x0000022500b39370  230       4       java.lang.StringLatin1::equals (36 bytes)
Event: 0.428 Thread 0x0000022500b3c2d0 nmethod 228 0x00000225606f8d10 code [0x00000225606f8ec0, 0x00000225606f90c8]
Event: 0.428 Thread 0x0000022500b3c2d0  229       3       jdk.internal.org.objectweb.asm.Frame::execute (2305 bytes)

GC Heap History (0 events):
No events

Deoptimization events (8 events):
Event: 0.218 Thread 0x0000022557ee04a0 Uncommon trap: trap_request=0xffffff45 fr.pc=0x0000022567be4730 relative=0x0000000000000210
Event: 0.218 Thread 0x0000022557ee04a0 Uncommon trap: reason=unstable_if action=reinterpret pc=0x0000022567be4730 method=java.lang.String.hashCode()I @ 42 c2
Event: 0.218 Thread 0x0000022557ee04a0 DEOPT PACKING pc=0x0000022567be4730 sp=0x000000c3a3efe560
Event: 0.218 Thread 0x0000022557ee04a0 DEOPT UNPACKING pc=0x000002256015e42f sp=0x000000c3a3efe4f8 mode 2
Event: 0.224 Thread 0x0000022557ee04a0 Uncommon trap: trap_request=0xffffff45 fr.pc=0x0000022567be1390 relative=0x0000000000000070
Event: 0.224 Thread 0x0000022557ee04a0 Uncommon trap: reason=unstable_if action=reinterpret pc=0x0000022567be1390 method=java.lang.String.isLatin1()Z @ 10 c2
Event: 0.224 Thread 0x0000022557ee04a0 DEOPT PACKING pc=0x0000022567be1390 sp=0x000000c3a3eff120
Event: 0.224 Thread 0x0000022557ee04a0 DEOPT UNPACKING pc=0x000002256015e42f sp=0x000000c3a3eff060 mode 2

Classes unloaded (0 events):
No events

Classes redefined (0 events):
No events

Internal exceptions (0 events):
No events

Events (20 events):
Event: 0.418 loading class java/util/LinkedHashMap$LinkedValueIterator done
Event: 0.419 loading class java/lang/reflect/ProxyGenerator
Event: 0.420 loading class java/lang/reflect/ProxyGenerator done
Event: 0.420 loading class java/lang/reflect/ProxyGenerator$ProxyMethod
Event: 0.420 loading class java/lang/reflect/ProxyGenerator$ProxyMethod done
Event: 0.420 loading class java/lang/InterruptedException
Event: 0.420 loading class java/lang/InterruptedException done
Event: 0.420 loading class java/util/StringJoiner
Event: 0.421 loading class java/util/StringJoiner done
Event: 0.423 loading class java/lang/reflect/ProxyGenerator$PrimitiveTypeInfo
Event: 0.423 loading class java/lang/reflect/ProxyGenerator$PrimitiveTypeInfo done
Event: 0.424 loading class jdk/internal/org/objectweb/asm/Edge
Event: 0.424 loading class jdk/internal/org/objectweb/asm/Edge done
Event: 0.425 loading class java/lang/reflect/Proxy$ProxyBuilder$1
Event: 0.425 loading class java/lang/reflect/Proxy$ProxyBuilder$1 done
Event: 0.426 loading class java/lang/annotation/Target
Event: 0.426 loading class java/lang/annotation/Target done
Event: 0.432 loading class java/lang/NoSuchMethodError
Event: 0.432 loading class java/lang/IncompatibleClassChangeError
Event: 0.433 loading class java/lang/IncompatibleClassChangeError done


Dynamic libraries:
0x00007ff638f90000 - 0x00007ff638f9f000 	C:\Program Files\Java\jdk-15.0.1\bin\javaw.exe
0x00007ff952330000 - 0x00007ff952526000 	C:\WINDOWS\SYSTEM32\ntdll.dll
0x00007ff9516e0000 - 0x00007ff95179d000 	C:\WINDOWS\System32\KERNEL32.DLL
0x00007ff9500c0000 - 0x00007ff950388000 	C:\WINDOWS\System32\KERNELBASE.dll
0x00007ff94ffc0000 - 0x00007ff9500c0000 	C:\WINDOWS\System32\ucrtbase.dll
0x00007ff949c80000 - 0x00007ff949c98000 	C:\Program Files\Java\jdk-15.0.1\bin\jli.dll
0x00007ff950f20000 - 0x00007ff950fcc000 	C:\WINDOWS\System32\ADVAPI32.dll
0x00007ff950e80000 - 0x00007ff950f1e000 	C:\WINDOWS\System32\msvcrt.dll
0x00007ff952250000 - 0x00007ff9522eb000 	C:\WINDOWS\System32\sechost.dll
0x00007ff951ca0000 - 0x00007ff951dc4000 	C:\WINDOWS\System32\RPCRT4.dll
0x00007ff9479b0000 - 0x00007ff9479c9000 	C:\Program Files\Java\jdk-15.0.1\bin\VCRUNTIME140.dll
0x00007ff951f00000 - 0x00007ff9520a0000 	C:\WINDOWS\System32\USER32.dll
0x00007ff94fdc0000 - 0x00007ff94fde2000 	C:\WINDOWS\System32\win32u.dll
0x00007ff950470000 - 0x00007ff95049a000 	C:\WINDOWS\System32\GDI32.dll
0x00007ff94fcb0000 - 0x00007ff94fdb9000 	C:\WINDOWS\System32\gdi32full.dll
0x00007ff93a330000 - 0x00007ff93a5cb000 	C:\WINDOWS\WinSxS\amd64_microsoft.windows.common-controls_6595b64144ccf1df_6.0.19041.488_none_ca04af081b815d21\COMCTL32.dll
0x00007ff94fe70000 - 0x00007ff94ff0d000 	C:\WINDOWS\System32\msvcp_win.dll
0x00007ff947090000 - 0x00007ff94709a000 	C:\WINDOWS\SYSTEM32\VERSION.dll
0x00007ff951c70000 - 0x00007ff951ca0000 	C:\WINDOWS\System32\IMM32.DLL
0x00007ff94a1a0000 - 0x00007ff94a1ac000 	C:\Program Files\Java\jdk-15.0.1\bin\vcruntime140_1.dll
0x00007ff90d740000 - 0x00007ff90d7d1000 	C:\Program Files\Java\jdk-15.0.1\bin\msvcp140.dll
0x00007ff8df4d0000 - 0x00007ff8e002e000 	C:\Program Files\Java\jdk-15.0.1\bin\server\jvm.dll
0x00007ff9520a0000 - 0x00007ff9520a8000 	C:\WINDOWS\System32\PSAPI.DLL
0x00007ff9472e0000 - 0x00007ff9472e9000 	C:\WINDOWS\SYSTEM32\WSOCK32.dll
0x00007ff944810000 - 0x00007ff944837000 	C:\WINDOWS\SYSTEM32\WINMM.dll
0x00007ff9520b0000 - 0x00007ff95211b000 	C:\WINDOWS\System32\WS2_32.dll
0x00007ff94e330000 - 0x00007ff94e342000 	C:\WINDOWS\SYSTEM32\kernel.appcore.dll
0x00007ff93d560000 - 0x00007ff93d56a000 	C:\Program Files\Java\jdk-15.0.1\bin\jimage.dll
0x00007ff94e110000 - 0x00007ff94e2f4000 	C:\WINDOWS\SYSTEM32\DBGHELP.DLL
0x00007ff937600000 - 0x00007ff93762c000 	C:\WINDOWS\SYSTEM32\dbgcore.DLL
0x00007ff94fdf0000 - 0x00007ff94fe6f000 	C:\WINDOWS\System32\bcryptPrimitives.dll
0x00007ff9098d0000 - 0x00007ff9098f5000 	C:\Program Files\Java\jdk-15.0.1\bin\java.dll
0x00007ff9504a0000 - 0x00007ff950be1000 	C:\WINDOWS\System32\SHELL32.dll
0x00007ff94d810000 - 0x00007ff94dfa5000 	C:\WINDOWS\SYSTEM32\windows.storage.dll
0x00007ff951210000 - 0x00007ff951565000 	C:\WINDOWS\System32\combase.dll
0x00007ff94f4e0000 - 0x00007ff94f50c000 	C:\WINDOWS\SYSTEM32\Wldp.dll
0x00007ff951570000 - 0x00007ff95161e000 	C:\WINDOWS\System32\SHCORE.dll
0x00007ff951080000 - 0x00007ff9510d5000 	C:\WINDOWS\System32\shlwapi.dll
0x00007ff94f9a0000 - 0x00007ff94f9c6000 	C:\WINDOWS\SYSTEM32\profapi.dll
0x00007ff90b3f0000 - 0x00007ff90b409000 	C:\Program Files\Java\jdk-15.0.1\bin\net.dll
0x00007ff93e410000 - 0x00007ff93e510000 	C:\WINDOWS\SYSTEM32\WINHTTP.dll
0x00007ff94f260000 - 0x00007ff94f2ca000 	C:\WINDOWS\system32\mswsock.dll
0x00007ff904860000 - 0x00007ff904872000 	C:\Program Files\Java\jdk-15.0.1\bin\nio.dll
0x00007ff9000a0000 - 0x00007ff9000b8000 	C:\Program Files\Java\jdk-15.0.1\bin\zip.dll

dbghelp: loaded successfully - version: 4.0.5 - missing functions: none
symbol engine: initialized successfully - sym options: 0x614 - pdb path: .;C:\Program Files\Java\jdk-15.0.1\bin;C:\WINDOWS\SYSTEM32;C:\WINDOWS\WinSxS\amd64_microsoft.windows.common-controls_6595b64144ccf1df_6.0.19041.488_none_ca04af081b815d21;C:\Program Files\Java\jdk-15.0.1\bin\server

VM Arguments:
jvm_args: -ea -Dfile.encoding=Cp1252 -XX:+ShowCodeDetailsInExceptionMessages 
java_command: org.testng.remote.RemoteTestNG -serport 58240 -protocol json -d C:\Users\121as\eclipse-workspacess\AppiumDemoProject\test-output C:\Users\121as\AppData\Local\Temp\testng-eclipse-2047046464\testng-customsuite.xml
java_class_path (initial): C:\Users\121as\eclipse\jee-2020-09\eclipse\configuration\org.eclipse.osgi\946\0\.cp\lib\testng-remote.jar;C:\Users\121as\eclipse-workspacess\AppiumDemoProject\target\test-classes;C:\Users\121as\eclipse-workspacess\AppiumDemoProject\target\classes;C:\Users\121as\Downloads\java-client-7.4.1.jar;C:\Users\121as\.p2\pool\plugins\org.testng_7.3.0.r202008060316.jar;C:\Users\121as\.p2\pool\plugins\com.beust.jcommander_1.78.0.jar;C:\Users\121as\.p2\pool\plugins\org.apache-extras.beanshell.bsh_2.0.0.b6.jar;C:\Users\121as\.p2\pool\plugins\org.yaml.snakeyaml_1.21.0.jar;C:\Users\121as\.m2\repository\io\appium\java-client\7.4.1\java-client-7.4.1.jar;C:\Users\121as\.m2\repository\org\seleniumhq\selenium\selenium-support\3.141.59\selenium-support-3.141.59.jar;C:\Users\121as\.m2\repository\org\seleniumhq\selenium\selenium-api\3.141.59\selenium-api-3.141.59.jar;C:\Users\121as\.m2\repository\com\google\code\gson\gson\2.8.6\gson-2.8.6.jar;C:\Users\121as\.m2\repository\org\apache\httpcomponents\httpclient\4.5.13\httpclient-4.5.13.jar;C:\Users\121as\.m2\repository\org\apache\httpcomponents\httpcore\4.4.13\httpcore-4.4.13.jar;C:\Users\121as\.m2\repository\commons-logging\commons-logging\1.2\commons-logging-1.2.jar;C:\Users\121as\.m2\repository\commons-codec\commons-codec\1.11\commons-codec-1.11.jar;C:\Users\121as\.m2\repository\cglib\cglib\3.3.0\cglib-3.3.0.jar;C:\Users\121as\.m2\repository\org\ow2\asm\asm\7.1\asm-7.1.jar;C:\Users\121as\.m2\repository\commons-validator\commons-validator\1.7\commons-validator-1.7.jar;C:\Users\121as\.m2\repository\commons-beanutils\commons-beanutils\1.9.4\commons-beanutils-1.9.4.jar;C:\Users\121as\.m2\repository\commons-digester\commons-digester\2.1\commons-digester-2.1.jar;C:\Users\121as\.m2\repository\commons-collections\commons-collections\3.2.2\commons-collections-3.2.2.jar;C:\Users\121as\.m2\repository\org\apache\commons\commons-lang3\3.11\commons-lang3-3.11.jar;C:\Users\121as\.m2\repository\commons-io\commons-io\2.8.0\comm
Launcher Type: SUN_STANDARD

[Global flags]
     intx CICompilerCount                          = 4                                         {product} {ergonomic}
     uint ConcGCThreads                            = 2                                         {product} {ergonomic}
     uint G1ConcRefinementThreads                  = 8                                         {product} {ergonomic}
   size_t G1HeapRegionSize                         = 1048576                                   {product} {ergonomic}
    uintx GCDrainStackTargetSize                   = 64                                        {product} {ergonomic}
   size_t InitialHeapSize                          = 100663296                                 {product} {ergonomic}
   size_t MarkStackSize                            = 4194304                                   {product} {ergonomic}
   size_t MaxHeapSize                              = 1579155456                                {product} {ergonomic}
   size_t MaxNewSize                               = 946864128                                 {product} {ergonomic}
   size_t MinHeapDeltaBytes                        = 1048576                                   {product} {ergonomic}
   size_t MinHeapSize                              = 8388608                                   {product} {ergonomic}
    uintx NonNMethodCodeHeapSize                   = 5839372                                {pd product} {ergonomic}
    uintx NonProfiledCodeHeapSize                  = 122909434                              {pd product} {ergonomic}
    uintx ProfiledCodeHeapSize                     = 122909434                              {pd product} {ergonomic}
    uintx ReservedCodeCacheSize                    = 251658240                              {pd product} {ergonomic}
     bool SegmentedCodeCache                       = true                                      {product} {ergonomic}
     bool ShowCodeDetailsInExceptionMessages       = true                                   {manageable} {command line}
   size_t SoftMaxHeapSize                          = 1579155456                             {manageable} {ergonomic}
     bool UseCompressedClassPointers               = true                                 {lp64_product} {ergonomic}
     bool UseCompressedOops                        = true                                 {lp64_product} {ergonomic}
     bool UseG1GC                                  = true                                      {product} {ergonomic}
     bool UseLargePagesIndividualAllocation        = false                                  {pd product} {ergonomic}

Logging:
Log output configuration:
 #0: stdout all=warning uptime,level,tags
 #1: stderr all=off uptime,level,tags

Environment Variables:
JAVA_HOME=C:\Program Files\Java\jdk1.8.0_271
CLASSPATH=C:\Program Files\Java\jdk-15.0.1\lib\*.jar
PATH=C:/Program Files/Java/jdk-15.0.1/bin/server;C:/Program Files/Java/jdk-15.0.1/bin;C:\Program Files (x86)\Common Files\Oracle\Java\javapath;C:\Program Files\Common Files\Oracle\Java\javapath;C:\windows\system32;C:\windows;C:\windows\System32\Wbem;C:\windows\System32\WindowsPowerShell\v1.0\;C:\windows\System32\OpenSSH\;C:\Program Files (x86)\NVIDIA Corporation\PhysX\Common;C:\Program Files\NVIDIA Corporation\NVIDIA NvDLISR;C:\Program Files\Microsoft SQL Server\130\Tools\Binn\;C:\Program Files\Microsoft SQL Server\Client SDK\ODBC\170\Tools\Binn\;C:\Program Files\dotnet\;C:\Program Files (x86)\Microsoft SQL Server\150\DTS\Binn\;C:\Program Files (x86)\Microsoft SQL Server\150\Tools\Binn\;C:\Program Files\Microsoft SQL Server\150\Tools\Binn\;C:\Program Files\Microsoft SQL Server\150\DTS\Binn\;C:\Program Files\nodejs\;C:\WINDOWS\system32;C:\WINDOWS;C:\WINDOWS\System32\Wbem;C:\WINDOWS\System32\WindowsPowerShell\v1.0\;C:\WINDOWS\System32\OpenSSH\;C:\Program Files\Git\cmd;C:\Program Files\Java\jdk-14.0.2\bin;C:\Users\121as\AppData\Local\Android\Sdk\tools;C:\Users\121as\AppData\Local\Android\Sdk\platform-tools;C:\Users\121as\AppData\Local\Android\Sdk\platforms;C:\Users\121as\AppData\Local\Android\Sdk\platform-tools;C:\Users\121as\AppData\Local\Android\Sdk\tools\bin;C:\Users\121as\AppData\Local\Android\Sdk\tools;C:\Program Files\nodejs\node_modules\npm\bin;C:\Program Files\Java\jdk1.8.0_271\bin;C:\Users\121as\AppData\Local\Microsoft\WindowsApps;C:\Users\121as\.dotnet\tools;C:\Users\121as\AppData\Roaming\npm;C:\Users\121as\AppData\Local\Programs\Microsoft VS Code\bin;C:\Program Files\PyCharm 2020.2.3\bin;;C:\Program Files\Python\Scripts;C:\Program Files\Python;;C:\Users\121as\OneDrive\Desktop;
USERNAME=121as
OS=Windows_NT
PROCESSOR_IDENTIFIER=AMD64 Family 23 Model 24 Stepping 1, AuthenticAMD



---------------  S Y S T E M  ---------------

OS:
 Windows 10 , 64 bit Build 19041 (10.0.19041.546)
OS uptime: 2 days 4:14 hours

CPU: total 8 (initial active 8) (8 cores per cpu, 2 threads per core) family 23 model 24 stepping 1 microcode 0x0, cmov, cx8, fxsr, mmx, sse, sse2, sse3, ssse3, sse4.1, sse4.2, popcnt, vzeroupper, avx, avx2, aes, clmul, 3dnowpref, lzcnt, sse4a, ht, tsc, tscinvbit, tscinv, bmi1, bmi2, adx, sha, fma, clflush, clflushopt

Memory: 4k page, system-wide physical 6021M (321M free)
TotalPageFile size 14021M (AvailPageFile size 1M)
current process WorkingSet (physical memory assigned to process): 34M, peak: 34M
current process commit charge ("private bytes"): 175M, peak: 175M

vm_info: Java HotSpot(TM) 64-Bit Server VM (15.0.1+9-18) for windows-amd64 JRE (15.0.1+9-18), built on Sep 15 2020 14:43:54 by "mach5one" with unknown MS VC++:1925

END.
